#
# There is insufficient memory for the Java Runtime Environment to continue.
# Native memory allocation (malloc) failed to allocate 32784 bytes. Error detail: Chunk::new
# Possible reasons:
#   The system is out of physical RAM or swap space
#   This process is running with CompressedOops enabled, and the Java Heap may be blocking the growth of the native heap
# Possible solutions:
#   Reduce memory load on the system
#   Increase physical memory or swap space
#   Check if swap backing store is full
#   Decrease Java heap size (-Xmx/-Xms)
#   Decrease number of Java threads
#   Decrease Java thread stack sizes (-Xss)
#   Set larger code cache with -XX:ReservedCodeCacheSize=
#   JVM is running with Unscaled Compressed Oops mode in which the Java heap is
#     placed in the first 4GB address space. The Java Heap base address is the
#     maximum limit for the native heap growth. Please use -XX:HeapBaseMinAddress
#     to set the Java Heap base and to place the Java Heap above 4GB virtual address.
# This output file may be truncated or incomplete.
#
#  Out of Memory Error (arena.cpp:191), pid=26068, tid=9896
#
# JRE version: OpenJDK Runtime Environment Microsoft-9889599 (17.0.12+7) (build 17.0.12+7-LTS)
# Java VM: OpenJDK 64-Bit Server VM Microsoft-9889599 (17.0.12+7-LTS, mixed mode, sharing, tiered, compressed oops, compressed class ptrs, g1 gc, windows-amd64)
# No core dump will be written. Minidumps are not enabled by default on client versions of Windows
#

---------------  S U M M A R Y ------------

Command Line: -XX:MaxMetaspaceSize=512m --add-opens=java.base/java.util=ALL-UNNAMED --add-opens=java.base/java.lang=ALL-UNNAMED --add-opens=java.base/java.lang.invoke=ALL-UNNAMED --add-opens=java.prefs/java.util.prefs=ALL-UNNAMED --add-exports=jdk.compiler/com.sun.tools.javac.api=ALL-UNNAMED --add-exports=jdk.compiler/com.sun.tools.javac.util=ALL-UNNAMED --add-opens=java.base/java.nio.charset=ALL-UNNAMED --add-opens=java.base/java.net=ALL-UNNAMED --add-opens=java.base/java.util.concurrent.atomic=ALL-UNNAMED -Xmx2048m -Dfile.encoding=utf8 -Duser.country=IN -Duser.language=en -Duser.variant -javaagent:C:\Users\VASANTH\.gradle\wrapper\dists\gradle-8.10.2-all\7iv73wktx1xtkvlq19urqw1wm\gradle-8.10.2\lib\agents\gradle-instrumentation-agent-8.10.2.jar org.gradle.launcher.daemon.bootstrap.GradleDaemon 8.10.2

Host: AMD Ryzen 5 5500U with Radeon Graphics         , 12 cores, 5G,  Windows 11 , 64 bit Build 22621 (10.0.22621.4391)
Time: Thu Jan  9 10:48:41 2025 India Standard Time elapsed time: 48.806653 seconds (0d 0h 0m 48s)

---------------  T H R E A D  ---------------

Current thread (0x000001c22b8887f0):  JavaThread "C2 CompilerThread0" daemon [_thread_in_native, id=9896, stack(0x0000003033300000,0x0000003033400000)]


Current CompileTask:
C2:  48807 12167 %     4       java.io.DataOutputStream::writeUTF @ 10 (411 bytes)

Stack: [0x0000003033300000,0x0000003033400000]
Native frames: (J=compiled Java code, j=interpreted, Vv=VM code, C=native code)
V  [jvm.dll+0x686d99]
V  [jvm.dll+0x83daf8]
V  [jvm.dll+0x83f5a3]
V  [jvm.dll+0x83fc13]
V  [jvm.dll+0x2492ef]
V  [jvm.dll+0xad0a4]
V  [jvm.dll+0xad73c]
V  [jvm.dll+0x6aafd8]
V  [jvm.dll+0x219125]
V  [jvm.dll+0x1a53e6]
V  [jvm.dll+0x229faa]
V  [jvm.dll+0x2280fb]
V  [jvm.dll+0x7f3508]
V  [jvm.dll+0x7ed87c]
V  [jvm.dll+0x685c77]
C  [ucrtbase.dll+0x29333]
C  [KERNEL32.DLL+0x1259d]
C  [ntdll.dll+0x5af38]


---------------  P R O C E S S  ---------------

Threads class SMR info:
_java_thread_list=0x000001c24b7f6dd0, length=195, elements={
0x000001c20cfb0220, 0x000001c22b86b140, 0x000001c22b86bd00, 0x000001c22b87e7a0,
0x000001c22b87f270, 0x000001c22b883d50, 0x000001c22b886720, 0x000001c22b8887f0,
0x000001c22b8946c0, 0x000001c22b8a73b0, 0x000001c22b9a5df0, 0x000001c22ba51990,
0x000001c24c747420, 0x000001c24c89d120, 0x000001c24c9c3950, 0x000001c24c8b2b80,
0x000001c24ca36b20, 0x000001c24c9c70c0, 0x000001c24c9c7ff0, 0x000001c24c9c8500,
0x000001c24c9c7ae0, 0x000001c24cb60fa0, 0x000001c24cb5fb60, 0x000001c24cb63310,
0x000001c24cb628f0, 0x000001c24cb60070, 0x000001c24cb63820, 0x000001c24cb62e00,
0x000001c24cb64750, 0x000001c24cb5f140, 0x000001c24cb63d30, 0x000001c24cb65170,
0x000001c24cb614b0, 0x000001c24cb619c0, 0x000001c24cb64c60, 0x000001c24cb65680,
0x000001c24cb64240, 0x000001c24cb61ed0, 0x000001c24cb660a0, 0x000001c24cb5f650,
0x000001c24cb60580, 0x000001c24cb60a90, 0x000001c24d157e00, 0x000001c24d158820,
0x000001c24d158d30, 0x000001c24d159240, 0x000001c24d15b0a0, 0x000001c24d15ab90,
0x000001c24d159c60, 0x000001c24d159750, 0x000001c24d15a680, 0x000001c24d158310,
0x000001c24bf76d80, 0x000001c24bf730c0, 0x000001c24bf72190, 0x000001c24bf70840,
0x000001c24bf71c80, 0x000001c24bf6f910, 0x000001c24bf74a10, 0x000001c24bf73ae0,
0x000001c24bf77290, 0x000001c24bf70330, 0x000001c24bf6fe20, 0x000001c24bf726a0,
0x000001c24bf71770, 0x000001c24bf70d50, 0x000001c24bf75430, 0x000001c24bf72bb0,
0x000001c24bf735d0, 0x000001c24bf76360, 0x000001c24bf74f20, 0x000001c24bf71260,
0x000001c24bf73ff0, 0x000001c24bf74500, 0x000001c24bf75940, 0x000001c24bf75e50,
0x000001c24bf76870, 0x000001c22bcc8060, 0x000001c22bcccc50, 0x000001c22bccf4d0,
0x000001c22bccf9e0, 0x000001c22bcce090, 0x000001c22bccd160, 0x000001c22bcca3d0,
0x000001c22bccb300, 0x000001c22bccb810, 0x000001c22bccadf0, 0x000001c22bccc230,
0x000001c22bcca8e0, 0x000001c22bccbd20, 0x000001c22bccc740, 0x000001c22bccd670,
0x000001c22bcc8a80, 0x000001c22bccdb80, 0x000001c22bcc8f90, 0x000001c22bcc94a0,
0x000001c22bcce5a0, 0x000001c22bcc99b0, 0x000001c24fdc6660, 0x000001c24fdc33c0,
0x000001c24fdc6b70, 0x000001c24fdc42f0, 0x000001c24fdc5730, 0x000001c24fdc2eb0,
0x000001c24fdc1560, 0x000001c24fdc4d10, 0x000001c24fdc1a70, 0x000001c24fdc6150,
0x000001c24fdc5220, 0x000001c24fdc1050, 0x000001c24fdc89d0, 0x000001c24fdc1f80,
0x000001c24fdc5c40, 0x000001c24fdc7590, 0x000001c24fdc38d0, 0x000001c24fdc2490,
0x000001c24fdc29a0, 0x000001c24fdc3de0, 0x000001c24fdc7080, 0x000001c24fdc7aa0,
0x000001c24fdc7fb0, 0x000001c24fdc84c0, 0x000001c24b0b71f0, 0x000001c24b0b4970,
0x000001c24b0b7700, 0x000001c24b0b8b40, 0x000001c24b0b6ce0, 0x000001c24b0baeb0,
0x000001c24b0b58a0, 0x000001c24b0ba9a0, 0x000001c24b0bb3c0, 0x000001c24b0b62c0,
0x000001c24b0bb8d0, 0x000001c24b0bbde0, 0x000001c24b0b9a70, 0x000001c24b0b7c10,
0x000001c24b0bc2f0, 0x000001c24b0b5db0, 0x000001c24b0b9f80, 0x000001c24b0b5390,
0x000001c24b0b67d0, 0x000001c24b0b4e80, 0x000001c24b0b8120, 0x000001c24b0b9560,
0x000001c24b0b8630, 0x000001c24b0b9050, 0x000001c24b0ba490, 0x000001c24fa724d0,
0x000001c24fa77ff0, 0x000001c24fa78a10, 0x000001c24fa74840, 0x000001c24fa729e0,
0x000001c24fa77ae0, 0x000001c24fa74d50, 0x000001c24fa775d0, 0x000001c24fa78500,
0x000001c24fa78f20, 0x000001c24fa76190, 0x000001c24fa73910, 0x000001c24fa79430,
0x000001c24fa72ef0, 0x000001c24fa766a0, 0x000001c24fa76bb0, 0x000001c24fa79940,
0x000001c24fa75260, 0x000001c24fa73400, 0x000001c24fa79e50, 0x000001c24fa74330,
0x000001c24fa770c0, 0x000001c24fa73e20, 0x000001c24fa75770, 0x000001c24fa75c80,
0x000001c24f8f3e50, 0x000001c24f8f06a0, 0x000001c24f8eed50, 0x000001c24f8f4d80,
0x000001c24f8ef260, 0x000001c24f8f5290, 0x000001c24f8f1ae0, 0x000001c24f8f57a0,
0x000001c24f8f0bb0, 0x000001c24f8f5cb0, 0x000001c24f8ef770, 0x000001c24f8f3430,
0x000001c24f8f4870, 0x000001c24f8f2500, 0x000001c24f8ee840, 0x000001c24f8f10c0,
0x000001c24f8efc80, 0x000001c24f8f15d0, 0x000001c24f8f0190, 0x000001c24f8f1ff0,
0x000001c24f8f2a10, 0x000001c24f8f2f20, 0x000001c24f8f3940
}

Java Threads: ( => current thread )
  0x000001c20cfb0220 JavaThread "main" [_thread_blocked, id=28620, stack(0x0000003032600000,0x0000003032700000)]
  0x000001c22b86b140 JavaThread "Reference Handler" daemon [_thread_blocked, id=2136, stack(0x0000003032d00000,0x0000003032e00000)]
  0x000001c22b86bd00 JavaThread "Finalizer" daemon [_thread_blocked, id=19024, stack(0x0000003032e00000,0x0000003032f00000)]
  0x000001c22b87e7a0 JavaThread "Signal Dispatcher" daemon [_thread_blocked, id=13856, stack(0x0000003032f00000,0x0000003033000000)]
  0x000001c22b87f270 JavaThread "Attach Listener" daemon [_thread_blocked, id=19016, stack(0x0000003033000000,0x0000003033100000)]
  0x000001c22b883d50 JavaThread "Service Thread" daemon [_thread_blocked, id=29108, stack(0x0000003033100000,0x0000003033200000)]
  0x000001c22b886720 JavaThread "Monitor Deflation Thread" daemon [_thread_blocked, id=336, stack(0x0000003033200000,0x0000003033300000)]
=>0x000001c22b8887f0 JavaThread "C2 CompilerThread0" daemon [_thread_in_native, id=9896, stack(0x0000003033300000,0x0000003033400000)]
  0x000001c22b8946c0 JavaThread "C1 CompilerThread0" daemon [_thread_blocked, id=21732, stack(0x0000003033400000,0x0000003033500000)]
  0x000001c22b8a73b0 JavaThread "Sweeper thread" daemon [_thread_blocked, id=2484, stack(0x0000003033500000,0x0000003033600000)]
  0x000001c22b9a5df0 JavaThread "Common-Cleaner" daemon [_thread_blocked, id=26608, stack(0x0000003033600000,0x0000003033700000)]
  0x000001c22ba51990 JavaThread "Notification Thread" daemon [_thread_blocked, id=8500, stack(0x0000003033700000,0x0000003033800000)]
  0x000001c24c747420 JavaThread "Daemon health stats" [_thread_blocked, id=8676, stack(0x0000003033d00000,0x0000003033e00000)]
  0x000001c24c89d120 JavaThread "Incoming local TCP Connector on port 60424" [_thread_in_native, id=27488, stack(0x0000003033e00000,0x0000003033f00000)]
  0x000001c24c9c3950 JavaThread "Daemon periodic checks" [_thread_blocked, id=2556, stack(0x0000003033f00000,0x0000003034000000)]
  0x000001c24c8b2b80 JavaThread "Daemon" [_thread_blocked, id=10896, stack(0x0000003034000000,0x0000003034100000)]
  0x000001c24ca36b20 JavaThread "Handler for socket connection from /127.0.0.1:60424 to /127.0.0.1:60425" [_thread_in_native, id=8580, stack(0x0000003034100000,0x0000003034200000)]
  0x000001c24c9c70c0 JavaThread "Cancel handler" [_thread_blocked, id=13736, stack(0x0000003034200000,0x0000003034300000)]
  0x000001c24c9c7ff0 JavaThread "Daemon worker" [_thread_in_Java, id=24920, stack(0x0000003034300000,0x0000003034400000)]
  0x000001c24c9c8500 JavaThread "Asynchronous log dispatcher for DefaultDaemonConnection: socket connection from /127.0.0.1:60424 to /127.0.0.1:60425" [_thread_blocked, id=10008, stack(0x0000003034400000,0x0000003034500000)]
  0x000001c24c9c7ae0 JavaThread "Stdin handler" [_thread_blocked, id=27172, stack(0x0000003034500000,0x0000003034600000)]
  0x000001c24cb60fa0 JavaThread "Cache worker for journal cache (C:\Users\VASANTH\.gradle\caches\journal-1)" [_thread_blocked, id=6472, stack(0x0000003034c00000,0x0000003034d00000)]
  0x000001c24cb5fb60 JavaThread "File lock request listener" [_thread_in_native, id=13324, stack(0x0000003034d00000,0x0000003034e00000)]
  0x000001c24cb63310 JavaThread "Cache worker for file hash cache (C:\Users\VASANTH\.gradle\caches\8.10.2\fileHashes)" [_thread_blocked, id=27388, stack(0x0000003034e00000,0x0000003034f00000)]
  0x000001c24cb628f0 JavaThread "File lock release action executor" [_thread_blocked, id=21684, stack(0x0000003034f00000,0x0000003035000000)]
  0x000001c24cb60070 JavaThread "Cache worker for file hash cache (C:\Users\VASANTH\Downloads\FreshStart\FreashStart\android\.gradle\8.10.2\fileHashes)" [_thread_blocked, id=20704, stack(0x0000003035000000,0x0000003035100000)]
  0x000001c24cb63820 JavaThread "Cache worker for Build Output Cleanup Cache (C:\Users\VASANTH\Downloads\FreshStart\FreashStart\android\.gradle\buildOutputCleanup)" [_thread_blocked, id=27900, stack(0x0000003035100000,0x0000003035200000)]
  0x000001c24cb62e00 JavaThread "File watcher server" daemon [_thread_in_native, id=19684, stack(0x0000003035400000,0x0000003035500000)]
  0x000001c24cb64750 JavaThread "File watcher consumer" daemon [_thread_blocked, id=27888, stack(0x0000003035500000,0x0000003035600000)]
  0x000001c24cb5f140 JavaThread "jar transforms" [_thread_blocked, id=9768, stack(0x0000003035600000,0x0000003035700000)]
  0x000001c24cb63d30 JavaThread "jar transforms Thread 2" [_thread_blocked, id=22936, stack(0x0000003035700000,0x0000003035800000)]
  0x000001c24cb65170 JavaThread "jar transforms Thread 3" [_thread_blocked, id=11764, stack(0x0000003035800000,0x0000003035900000)]
  0x000001c24cb614b0 JavaThread "Cache worker for checksums cache (C:\Users\VASANTH\Downloads\FreshStart\FreashStart\android\.gradle\8.10.2\checksums)" [_thread_blocked, id=5936, stack(0x0000003035900000,0x0000003035a00000)]
  0x000001c24cb619c0 JavaThread "Cache worker for file content cache (C:\Users\VASANTH\.gradle\caches\8.10.2\fileContent)" [_thread_blocked, id=27312, stack(0x0000003035a00000,0x0000003035b00000)]
  0x000001c24cb64c60 JavaThread "Cache worker for cache directory md-rule (C:\Users\VASANTH\.gradle\caches\8.10.2\md-rule)" [_thread_blocked, id=26852, stack(0x0000003035b00000,0x0000003035c00000)]
  0x000001c24cb65680 JavaThread "Cache worker for cache directory md-supplier (C:\Users\VASANTH\.gradle\caches\8.10.2\md-supplier)" [_thread_blocked, id=15564, stack(0x0000003035c00000,0x0000003035d00000)]
  0x000001c24cb64240 JavaThread "jar transforms Thread 4" [_thread_blocked, id=2560, stack(0x0000003035d00000,0x0000003035e00000)]
  0x000001c24cb61ed0 JavaThread "jar transforms Thread 5" [_thread_blocked, id=27576, stack(0x0000003035e00000,0x0000003035f00000)]
  0x000001c24cb660a0 JavaThread "jar transforms Thread 6" [_thread_blocked, id=24176, stack(0x0000003035f00000,0x0000003036000000)]
  0x000001c24cb5f650 JavaThread "jar transforms Thread 7" [_thread_blocked, id=27836, stack(0x0000003036000000,0x0000003036100000)]
  0x000001c24cb60580 JavaThread "jar transforms Thread 8" [_thread_blocked, id=6492, stack(0x0000003036100000,0x0000003036200000)]
  0x000001c24cb60a90 JavaThread "jar transforms Thread 9" [_thread_blocked, id=14548, stack(0x0000003036200000,0x0000003036300000)]
  0x000001c24d157e00 JavaThread "jar transforms Thread 10" [_thread_blocked, id=15268, stack(0x0000003036300000,0x0000003036400000)]
  0x000001c24d158820 JavaThread "Cache worker for Build Output Cleanup Cache (C:\Users\VASANTH\Downloads\FreshStart\FreashStart\node_modules\@react-native\gradle-plugin\.gradle\buildOutputCleanup)" [_thread_blocked, id=28876, stack(0x0000003036400000,0x0000003036500000)]
  0x000001c24d158d30 JavaThread "Unconstrained build operations" [_thread_blocked, id=2744, stack(0x0000003036500000,0x0000003036600000)]
  0x000001c24d159240 JavaThread "Unconstrained build operations Thread 2" [_thread_blocked, id=29672, stack(0x0000003036600000,0x0000003036700000)]
  0x000001c24d15b0a0 JavaThread "Unconstrained build operations Thread 3" [_thread_blocked, id=4176, stack(0x0000003036700000,0x0000003036800000)]
  0x000001c24d15ab90 JavaThread "Unconstrained build operations Thread 4" [_thread_blocked, id=27084, stack(0x0000003036800000,0x0000003036900000)]
  0x000001c24d159c60 JavaThread "Unconstrained build operations Thread 5" [_thread_blocked, id=21800, stack(0x0000003036900000,0x0000003036a00000)]
  0x000001c24d159750 JavaThread "Unconstrained build operations Thread 6" [_thread_blocked, id=18488, stack(0x0000003036a00000,0x0000003036b00000)]
  0x000001c24d15a680 JavaThread "Unconstrained build operations Thread 7" [_thread_blocked, id=29248, stack(0x0000003036b00000,0x0000003036c00000)]
  0x000001c24d158310 JavaThread "Unconstrained build operations Thread 8" [_thread_blocked, id=28892, stack(0x0000003036c00000,0x0000003036d00000)]
  0x000001c24bf76d80 JavaThread "Unconstrained build operations Thread 9" [_thread_blocked, id=2580, stack(0x0000003036d00000,0x0000003036e00000)]
  0x000001c24bf730c0 JavaThread "Unconstrained build operations Thread 10" [_thread_blocked, id=11772, stack(0x0000003036e00000,0x0000003036f00000)]
  0x000001c24bf72190 JavaThread "Unconstrained build operations Thread 11" [_thread_blocked, id=11484, stack(0x0000003036f00000,0x0000003037000000)]
  0x000001c24bf70840 JavaThread "Unconstrained build operations Thread 12" [_thread_blocked, id=25384, stack(0x0000003037000000,0x0000003037100000)]
  0x000001c24bf71c80 JavaThread "Unconstrained build operations Thread 13" [_thread_blocked, id=23712, stack(0x0000003037100000,0x0000003037200000)]
  0x000001c24bf6f910 JavaThread "Unconstrained build operations Thread 14" [_thread_blocked, id=18936, stack(0x0000003037200000,0x0000003037300000)]
  0x000001c24bf74a10 JavaThread "Unconstrained build operations Thread 15" [_thread_blocked, id=5636, stack(0x0000003037300000,0x0000003037400000)]
  0x000001c24bf73ae0 JavaThread "Unconstrained build operations Thread 16" [_thread_blocked, id=23932, stack(0x0000003037400000,0x0000003037500000)]
  0x000001c24bf77290 JavaThread "Unconstrained build operations Thread 17" [_thread_blocked, id=29632, stack(0x0000003037500000,0x0000003037600000)]
  0x000001c24bf70330 JavaThread "Unconstrained build operations Thread 18" [_thread_blocked, id=14676, stack(0x0000003037600000,0x0000003037700000)]
  0x000001c24bf6fe20 JavaThread "Unconstrained build operations Thread 19" [_thread_blocked, id=9068, stack(0x0000003037700000,0x0000003037800000)]
  0x000001c24bf726a0 JavaThread "Unconstrained build operations Thread 20" [_thread_blocked, id=7508, stack(0x0000003037800000,0x0000003037900000)]
  0x000001c24bf71770 JavaThread "Unconstrained build operations Thread 21" [_thread_blocked, id=27524, stack(0x0000003037900000,0x0000003037a00000)]
  0x000001c24bf70d50 JavaThread "Unconstrained build operations Thread 22" [_thread_blocked, id=20500, stack(0x0000003037a00000,0x0000003037b00000)]
  0x000001c24bf75430 JavaThread "Unconstrained build operations Thread 23" [_thread_blocked, id=9440, stack(0x0000003037b00000,0x0000003037c00000)]
  0x000001c24bf72bb0 JavaThread "Unconstrained build operations Thread 24" [_thread_blocked, id=11060, stack(0x0000003037c00000,0x0000003037d00000)]
  0x000001c24bf735d0 JavaThread "Unconstrained build operations Thread 25" [_thread_blocked, id=316, stack(0x0000003037d00000,0x0000003037e00000)]
  0x000001c24bf76360 JavaThread "Unconstrained build operations Thread 26" [_thread_blocked, id=28296, stack(0x0000003037e00000,0x0000003037f00000)]
  0x000001c24bf74f20 JavaThread "Unconstrained build operations Thread 27" [_thread_blocked, id=15256, stack(0x0000003037f00000,0x0000003038000000)]
  0x000001c24bf71260 JavaThread "Unconstrained build operations Thread 28" [_thread_blocked, id=13476, stack(0x0000003038000000,0x0000003038100000)]
  0x000001c24bf73ff0 JavaThread "Unconstrained build operations Thread 29" [_thread_blocked, id=6500, stack(0x0000003038100000,0x0000003038200000)]
  0x000001c24bf74500 JavaThread "Unconstrained build operations Thread 30" [_thread_blocked, id=11932, stack(0x0000003038200000,0x0000003038300000)]
  0x000001c24bf75940 JavaThread "Unconstrained build operations Thread 31" [_thread_blocked, id=11172, stack(0x0000003038300000,0x0000003038400000)]
  0x000001c24bf75e50 JavaThread "Unconstrained build operations Thread 32" [_thread_blocked, id=24316, stack(0x0000003038400000,0x0000003038500000)]
  0x000001c24bf76870 JavaThread "Unconstrained build operations Thread 33" [_thread_blocked, id=28960, stack(0x0000003038500000,0x0000003038600000)]
  0x000001c22bcc8060 JavaThread "Unconstrained build operations Thread 34" [_thread_blocked, id=26664, stack(0x0000003038600000,0x0000003038700000)]
  0x000001c22bcccc50 JavaThread "Unconstrained build operations Thread 35" [_thread_blocked, id=5556, stack(0x0000003038700000,0x0000003038800000)]
  0x000001c22bccf4d0 JavaThread "Unconstrained build operations Thread 36" [_thread_blocked, id=28536, stack(0x0000003038800000,0x0000003038900000)]
  0x000001c22bccf9e0 JavaThread "Unconstrained build operations Thread 37" [_thread_blocked, id=23584, stack(0x0000003038900000,0x0000003038a00000)]
  0x000001c22bcce090 JavaThread "Unconstrained build operations Thread 38" [_thread_blocked, id=12712, stack(0x0000003038a00000,0x0000003038b00000)]
  0x000001c22bccd160 JavaThread "Unconstrained build operations Thread 39" [_thread_blocked, id=12648, stack(0x0000003038b00000,0x0000003038c00000)]
  0x000001c22bcca3d0 JavaThread "Memory manager" [_thread_blocked, id=26412, stack(0x0000003038c00000,0x0000003038d00000)]
  0x000001c22bccb300 JavaThread "build event listener" [_thread_blocked, id=15188, stack(0x0000003038d00000,0x0000003038e00000)]
  0x000001c22bccb810 JavaThread "ForkJoinPool.commonPool-worker-1" daemon [_thread_blocked, id=2892, stack(0x0000003038e00000,0x0000003038f00000)]
  0x000001c22bccadf0 JavaThread "ForkJoinPool.commonPool-worker-2" daemon [_thread_blocked, id=9180, stack(0x0000003038f00000,0x0000003039000000)]
  0x000001c22bccc230 JavaThread "ForkJoinPool.commonPool-worker-3" daemon [_thread_blocked, id=28260, stack(0x0000003039000000,0x0000003039100000)]
  0x000001c22bcca8e0 JavaThread "ForkJoinPool.commonPool-worker-4" daemon [_thread_blocked, id=16556, stack(0x0000003039100000,0x0000003039200000)]
  0x000001c22bccbd20 JavaThread "ForkJoinPool.commonPool-worker-5" daemon [_thread_blocked, id=26316, stack(0x0000003039200000,0x0000003039300000)]
  0x000001c22bccc740 JavaThread "ForkJoinPool.commonPool-worker-6" daemon [_thread_blocked, id=17356, stack(0x0000003039300000,0x0000003039400000)]
  0x000001c22bccd670 JavaThread "ForkJoinPool.commonPool-worker-7" daemon [_thread_blocked, id=4400, stack(0x0000003039400000,0x0000003039500000)]
  0x000001c22bcc8a80 JavaThread "ForkJoinPool.commonPool-worker-9" daemon [_thread_blocked, id=10856, stack(0x0000003039500000,0x0000003039600000)]
  0x000001c22bccdb80 JavaThread "ForkJoinPool.commonPool-worker-8" daemon [_thread_blocked, id=9744, stack(0x0000003039600000,0x0000003039700000)]
  0x000001c22bcc8f90 JavaThread "ForkJoinPool.commonPool-worker-10" daemon [_thread_blocked, id=29660, stack(0x0000003039700000,0x0000003039800000)]
  0x000001c22bcc94a0 JavaThread "Exec process" daemon [_thread_blocked, id=29332, stack(0x0000003039800000,0x0000003039900000)]
  0x000001c22bcce5a0 JavaThread "ForkJoinPool.commonPool-worker-11" daemon [_thread_blocked, id=16596, stack(0x0000003039900000,0x0000003039a00000)]
  0x000001c22bcc99b0 JavaThread "Exec process Thread 2" daemon [_thread_blocked, id=2720, stack(0x0000003039a00000,0x0000003039b00000)]
  0x000001c24fdc6660 JavaThread "Exec process Thread 3" daemon [_thread_blocked, id=17632, stack(0x0000003039b00000,0x0000003039c00000)]
  0x000001c24fdc33c0 JavaThread "included builds" [_thread_blocked, id=14812, stack(0x0000003039c00000,0x0000003039d00000)]
  0x000001c24fdc6b70 JavaThread "Execution worker" [_thread_blocked, id=18984, stack(0x0000003039d00000,0x0000003039e00000)]
  0x000001c24fdc42f0 JavaThread "Execution worker Thread 2" [_thread_blocked, id=5676, stack(0x0000003039e00000,0x0000003039f00000)]
  0x000001c24fdc5730 JavaThread "Execution worker Thread 3" [_thread_blocked, id=14788, stack(0x0000003039f00000,0x000000303a000000)]
  0x000001c24fdc2eb0 JavaThread "Execution worker Thread 4" [_thread_blocked, id=26556, stack(0x000000303a000000,0x000000303a100000)]
  0x000001c24fdc1560 JavaThread "Execution worker Thread 5" [_thread_blocked, id=17588, stack(0x000000303a100000,0x000000303a200000)]
  0x000001c24fdc4d10 JavaThread "Execution worker Thread 6" [_thread_blocked, id=28548, stack(0x000000303a200000,0x000000303a300000)]
  0x000001c24fdc1a70 JavaThread "Execution worker Thread 7" [_thread_blocked, id=8496, stack(0x000000303a300000,0x000000303a400000)]
  0x000001c24fdc6150 JavaThread "Execution worker Thread 8" [_thread_blocked, id=14228, stack(0x000000303a400000,0x000000303a500000)]
  0x000001c24fdc5220 JavaThread "Execution worker Thread 9" [_thread_blocked, id=15000, stack(0x000000303a500000,0x000000303a600000)]
  0x000001c24fdc1050 JavaThread "Execution worker Thread 10" [_thread_blocked, id=28424, stack(0x000000303a600000,0x000000303a700000)]
  0x000001c24fdc89d0 JavaThread "Execution worker Thread 11" [_thread_blocked, id=24236, stack(0x000000303a700000,0x000000303a800000)]
  0x000001c24fdc1f80 JavaThread "Cache worker for execution history cache (C:\Users\VASANTH\Downloads\FreshStart\FreashStart\node_modules\@react-native\gradle-plugin\.gradle\8.10.2\executionHistory)" [_thread_blocked, id=26296, stack(0x000000303a800000,0x000000303a900000)]
  0x000001c24fdc5c40 JavaThread "Unconstrained build operations Thread 40" [_thread_blocked, id=27376, stack(0x000000303a900000,0x000000303aa00000)]
  0x000001c24fdc7590 JavaThread "Unconstrained build operations Thread 41" [_thread_blocked, id=29472, stack(0x000000303aa00000,0x000000303ab00000)]
  0x000001c24fdc38d0 JavaThread "Unconstrained build operations Thread 42" [_thread_blocked, id=17988, stack(0x000000303ab00000,0x000000303ac00000)]
  0x000001c24fdc2490 JavaThread "Unconstrained build operations Thread 43" [_thread_blocked, id=3172, stack(0x000000303ac00000,0x000000303ad00000)]
  0x000001c24fdc29a0 JavaThread "Unconstrained build operations Thread 44" [_thread_blocked, id=8776, stack(0x000000303ad00000,0x000000303ae00000)]
  0x000001c24fdc3de0 JavaThread "Unconstrained build operations Thread 45" [_thread_blocked, id=11016, stack(0x000000303ae00000,0x000000303af00000)]
  0x000001c24fdc7080 JavaThread "Unconstrained build operations Thread 46" [_thread_blocked, id=13640, stack(0x000000303af00000,0x000000303b000000)]
  0x000001c24fdc7aa0 JavaThread "Unconstrained build operations Thread 47" [_thread_blocked, id=10248, stack(0x000000303b000000,0x000000303b100000)]
  0x000001c24fdc7fb0 JavaThread "Unconstrained build operations Thread 48" [_thread_blocked, id=22804, stack(0x000000303b100000,0x000000303b200000)]
  0x000001c24fdc84c0 JavaThread "Unconstrained build operations Thread 49" [_thread_blocked, id=23136, stack(0x000000303b200000,0x000000303b300000)]
  0x000001c24b0b71f0 JavaThread "Unconstrained build operations Thread 50" [_thread_blocked, id=5552, stack(0x000000303b300000,0x000000303b400000)]
  0x000001c24b0b4970 JavaThread "Unconstrained build operations Thread 51" [_thread_blocked, id=23376, stack(0x000000303b400000,0x000000303b500000)]
  0x000001c24b0b7700 JavaThread "Unconstrained build operations Thread 52" [_thread_blocked, id=24184, stack(0x000000303b500000,0x000000303b600000)]
  0x000001c24b0b8b40 JavaThread "Unconstrained build operations Thread 53" [_thread_blocked, id=25904, stack(0x000000303b600000,0x000000303b700000)]
  0x000001c24b0b6ce0 JavaThread "Unconstrained build operations Thread 54" [_thread_blocked, id=27996, stack(0x000000303b700000,0x000000303b800000)]
  0x000001c24b0baeb0 JavaThread "Unconstrained build operations Thread 55" [_thread_blocked, id=26188, stack(0x000000303b800000,0x000000303b900000)]
  0x000001c24b0b58a0 JavaThread "Unconstrained build operations Thread 56" [_thread_blocked, id=16024, stack(0x000000303b900000,0x000000303ba00000)]
  0x000001c24b0ba9a0 JavaThread "Unconstrained build operations Thread 57" [_thread_blocked, id=16872, stack(0x000000303ba00000,0x000000303bb00000)]
  0x000001c24b0bb3c0 JavaThread "Unconstrained build operations Thread 58" [_thread_blocked, id=26888, stack(0x000000303bb00000,0x000000303bc00000)]
  0x000001c24b0b62c0 JavaThread "Unconstrained build operations Thread 59" [_thread_blocked, id=20440, stack(0x000000303bc00000,0x000000303bd00000)]
  0x000001c24b0bb8d0 JavaThread "Unconstrained build operations Thread 60" [_thread_blocked, id=11036, stack(0x000000303bd00000,0x000000303be00000)]
  0x000001c24b0bbde0 JavaThread "Unconstrained build operations Thread 61" [_thread_blocked, id=21316, stack(0x000000303be00000,0x000000303bf00000)]
  0x000001c24b0b9a70 JavaThread "Unconstrained build operations Thread 62" [_thread_blocked, id=10344, stack(0x000000303c100000,0x000000303c200000)]
  0x000001c24b0b7c10 JavaThread "Unconstrained build operations Thread 63" [_thread_blocked, id=28920, stack(0x000000303c200000,0x000000303c300000)]
  0x000001c24b0bc2f0 JavaThread "Unconstrained build operations Thread 64" [_thread_blocked, id=25944, stack(0x000000303c300000,0x000000303c400000)]
  0x000001c24b0b5db0 JavaThread "Unconstrained build operations Thread 65" [_thread_blocked, id=7184, stack(0x000000303c400000,0x000000303c500000)]
  0x000001c24b0b9f80 JavaThread "Unconstrained build operations Thread 66" [_thread_blocked, id=14036, stack(0x000000303c500000,0x000000303c600000)]
  0x000001c24b0b5390 JavaThread "Unconstrained build operations Thread 67" [_thread_blocked, id=22324, stack(0x000000303c600000,0x000000303c700000)]
  0x000001c24b0b67d0 JavaThread "Unconstrained build operations Thread 68" [_thread_blocked, id=12732, stack(0x000000303c700000,0x000000303c800000)]
  0x000001c24b0b4e80 JavaThread "Unconstrained build operations Thread 69" [_thread_blocked, id=25072, stack(0x000000303c800000,0x000000303c900000)]
  0x000001c24b0b8120 JavaThread "Unconstrained build operations Thread 70" [_thread_blocked, id=20904, stack(0x000000303c900000,0x000000303ca00000)]
  0x000001c24b0b9560 JavaThread "Unconstrained build operations Thread 71" [_thread_blocked, id=6376, stack(0x000000303ca00000,0x000000303cb00000)]
  0x000001c24b0b8630 JavaThread "Unconstrained build operations Thread 72" [_thread_blocked, id=18400, stack(0x000000303cb00000,0x000000303cc00000)]
  0x000001c24b0b9050 JavaThread "Unconstrained build operations Thread 73" [_thread_blocked, id=9624, stack(0x000000303cc00000,0x000000303cd00000)]
  0x000001c24b0ba490 JavaThread "Unconstrained build operations Thread 74" [_thread_blocked, id=12352, stack(0x000000303cd00000,0x000000303ce00000)]
  0x000001c24fa724d0 JavaThread "Unconstrained build operations Thread 75" [_thread_blocked, id=17444, stack(0x000000303ce00000,0x000000303cf00000)]
  0x000001c24fa77ff0 JavaThread "Unconstrained build operations Thread 76" [_thread_blocked, id=25740, stack(0x000000303cf00000,0x000000303d000000)]
  0x000001c24fa78a10 JavaThread "Unconstrained build operations Thread 77" [_thread_blocked, id=22192, stack(0x000000303d000000,0x000000303d100000)]
  0x000001c24fa74840 JavaThread "Unconstrained build operations Thread 78" [_thread_blocked, id=22664, stack(0x000000303d100000,0x000000303d200000)]
  0x000001c24fa729e0 JavaThread "Unconstrained build operations Thread 79" [_thread_blocked, id=12780, stack(0x000000303d200000,0x000000303d300000)]
  0x000001c24fa77ae0 JavaThread "Unconstrained build operations Thread 80" [_thread_blocked, id=27532, stack(0x000000303d300000,0x000000303d400000)]
  0x000001c24fa74d50 JavaThread "Unconstrained build operations Thread 81" [_thread_blocked, id=19576, stack(0x000000303d400000,0x000000303d500000)]
  0x000001c24fa775d0 JavaThread "Unconstrained build operations Thread 82" [_thread_blocked, id=27688, stack(0x000000303d500000,0x000000303d600000)]
  0x000001c24fa78500 JavaThread "Unconstrained build operations Thread 83" [_thread_blocked, id=17488, stack(0x000000303d600000,0x000000303d700000)]
  0x000001c24fa78f20 JavaThread "Unconstrained build operations Thread 84" [_thread_blocked, id=8748, stack(0x000000303d700000,0x000000303d800000)]
  0x000001c24fa76190 JavaThread "Unconstrained build operations Thread 85" [_thread_blocked, id=8356, stack(0x000000303d800000,0x000000303d900000)]
  0x000001c24fa73910 JavaThread "Unconstrained build operations Thread 86" [_thread_blocked, id=8448, stack(0x000000303d900000,0x000000303da00000)]
  0x000001c24fa79430 JavaThread "Unconstrained build operations Thread 87" [_thread_blocked, id=5780, stack(0x000000303da00000,0x000000303db00000)]
  0x000001c24fa72ef0 JavaThread "Unconstrained build operations Thread 88" [_thread_blocked, id=16884, stack(0x000000303db00000,0x000000303dc00000)]
  0x000001c24fa766a0 JavaThread "Unconstrained build operations Thread 89" [_thread_blocked, id=15372, stack(0x000000303dc00000,0x000000303dd00000)]
  0x000001c24fa76bb0 JavaThread "Unconstrained build operations Thread 90" [_thread_blocked, id=2680, stack(0x000000303dd00000,0x000000303de00000)]
  0x000001c24fa79940 JavaThread "Unconstrained build operations Thread 91" [_thread_blocked, id=3188, stack(0x000000303de00000,0x000000303df00000)]
  0x000001c24fa75260 JavaThread "Unconstrained build operations Thread 92" [_thread_blocked, id=6620, stack(0x000000303df00000,0x000000303e000000)]
  0x000001c24fa73400 JavaThread "Unconstrained build operations Thread 93" [_thread_blocked, id=15012, stack(0x000000303e000000,0x000000303e100000)]
  0x000001c24fa79e50 JavaThread "Unconstrained build operations Thread 94" [_thread_blocked, id=28284, stack(0x000000303e100000,0x000000303e200000)]
  0x000001c24fa74330 JavaThread "Unconstrained build operations Thread 95" [_thread_blocked, id=3528, stack(0x000000303e200000,0x000000303e300000)]
  0x000001c24fa770c0 JavaThread "Unconstrained build operations Thread 96" [_thread_blocked, id=18404, stack(0x000000303e300000,0x000000303e400000)]
  0x000001c24fa73e20 JavaThread "Unconstrained build operations Thread 97" [_thread_blocked, id=15288, stack(0x000000303e400000,0x000000303e500000)]
  0x000001c24fa75770 JavaThread "Unconstrained build operations Thread 98" [_thread_blocked, id=21356, stack(0x000000303e500000,0x000000303e600000)]
  0x000001c24fa75c80 JavaThread "Unconstrained build operations Thread 99" [_thread_blocked, id=20956, stack(0x000000303e600000,0x000000303e700000)]
  0x000001c24f8f3e50 JavaThread "Unconstrained build operations Thread 100" [_thread_blocked, id=26656, stack(0x000000303e700000,0x000000303e800000)]
  0x000001c24f8f06a0 JavaThread "Unconstrained build operations Thread 101" [_thread_blocked, id=19408, stack(0x000000303e800000,0x000000303e900000)]
  0x000001c24f8eed50 JavaThread "Unconstrained build operations Thread 102" [_thread_blocked, id=5572, stack(0x000000303e900000,0x000000303ea00000)]
  0x000001c24f8f4d80 JavaThread "Unconstrained build operations Thread 103" [_thread_blocked, id=8360, stack(0x000000303ea00000,0x000000303eb00000)]
  0x000001c24f8ef260 JavaThread "Unconstrained build operations Thread 104" [_thread_blocked, id=28528, stack(0x000000303eb00000,0x000000303ec00000)]
  0x000001c24f8f5290 JavaThread "Unconstrained build operations Thread 105" [_thread_blocked, id=18096, stack(0x000000303ec00000,0x000000303ed00000)]
  0x000001c24f8f1ae0 JavaThread "Unconstrained build operations Thread 106" [_thread_blocked, id=8264, stack(0x000000303ed00000,0x000000303ee00000)]
  0x000001c24f8f57a0 JavaThread "jar transforms Thread 11" [_thread_blocked, id=26704, stack(0x000000303ee00000,0x000000303ef00000)]
  0x000001c24f8f0bb0 JavaThread "jar transforms Thread 12" [_thread_blocked, id=26772, stack(0x000000303ef00000,0x000000303f000000)]
  0x000001c24f8f5cb0 JavaThread "Unconstrained build operations Thread 107" [_thread_blocked, id=19188, stack(0x000000303f000000,0x000000303f100000)]
  0x000001c24f8ef770 JavaThread "Unconstrained build operations Thread 108" [_thread_blocked, id=9064, stack(0x000000303f100000,0x000000303f200000)]
  0x000001c24f8f3430 JavaThread "Unconstrained build operations Thread 109" [_thread_blocked, id=3508, stack(0x000000303f200000,0x000000303f300000)]
  0x000001c24f8f4870 JavaThread "Unconstrained build operations Thread 110" [_thread_blocked, id=21160, stack(0x000000303f300000,0x000000303f400000)]
  0x000001c24f8f2500 JavaThread "Unconstrained build operations Thread 111" [_thread_blocked, id=9932, stack(0x000000303f400000,0x000000303f500000)]
  0x000001c24f8ee840 JavaThread "Unconstrained build operations Thread 112" [_thread_blocked, id=4776, stack(0x000000303f500000,0x000000303f600000)]
  0x000001c24f8f10c0 JavaThread "Unconstrained build operations Thread 113" [_thread_blocked, id=24584, stack(0x000000303f600000,0x000000303f700000)]
  0x000001c24f8efc80 JavaThread "Unconstrained build operations Thread 114" [_thread_blocked, id=4528, stack(0x000000303f700000,0x000000303f800000)]
  0x000001c24f8f15d0 JavaThread "Unconstrained build operations Thread 115" [_thread_blocked, id=24456, stack(0x000000303f800000,0x000000303f900000)]
  0x000001c24f8f0190 JavaThread "Unconstrained build operations Thread 116" [_thread_blocked, id=11812, stack(0x000000303f900000,0x000000303fa00000)]
  0x000001c24f8f1ff0 JavaThread "Unconstrained build operations Thread 117" [_thread_blocked, id=22868, stack(0x000000303fa00000,0x000000303fb00000)]
  0x000001c24f8f2a10 JavaThread "Unconstrained build operations Thread 118" [_thread_blocked, id=27880, stack(0x000000303fb00000,0x000000303fc00000)]
  0x000001c24f8f2f20 JavaThread "Unconstrained build operations Thread 119" [_thread_blocked, id=21972, stack(0x000000303fc00000,0x000000303fd00000)]
  0x000001c24f8f3940 JavaThread "Unconstrained build operations Thread 120" [_thread_blocked, id=22620, stack(0x000000303fd00000,0x000000303fe00000)]

Other Threads:
  0x000001c22b866ae0 VMThread "VM Thread" [stack: 0x0000003032c00000,0x0000003032d00000] [id=25656]
  0x000001c20cfb10a0 WatcherThread [stack: 0x0000003033800000,0x0000003033900000] [id=22980]
  0x000001c20d00d3e0 GCTaskThread "GC Thread#0" [stack: 0x0000003032700000,0x0000003032800000] [id=15904]
  0x000001c24b4aa0a0 GCTaskThread "GC Thread#1" [stack: 0x0000003033900000,0x0000003033a00000] [id=9004]
  0x000001c24b2485a0 GCTaskThread "GC Thread#2" [stack: 0x0000003033a00000,0x0000003033b00000] [id=9144]
  0x000001c24b8b2de0 GCTaskThread "GC Thread#3" [stack: 0x0000003033b00000,0x0000003033c00000] [id=27860]
  0x000001c24b8b30a0 GCTaskThread "GC Thread#4" [stack: 0x0000003033c00000,0x0000003033d00000] [id=28212]
  0x000001c24ca10230 GCTaskThread "GC Thread#5" [stack: 0x0000003034700000,0x0000003034800000] [id=844]
  0x000001c24c986740 GCTaskThread "GC Thread#6" [stack: 0x0000003034800000,0x0000003034900000] [id=22932]
  0x000001c24c984b20 GCTaskThread "GC Thread#7" [stack: 0x0000003034900000,0x0000003034a00000] [id=1896]
  0x000001c24cd27be0 GCTaskThread "GC Thread#8" [stack: 0x0000003034a00000,0x0000003034b00000] [id=23284]
  0x000001c24ca63650 GCTaskThread "GC Thread#9" [stack: 0x0000003034b00000,0x0000003034c00000] [id=24892]
  0x000001c20d01e330 ConcurrentGCThread "G1 Main Marker" [stack: 0x0000003032800000,0x0000003032900000] [id=9124]
  0x000001c20d01ed50 ConcurrentGCThread "G1 Conc#0" [stack: 0x0000003032900000,0x0000003032a00000] [id=320]
  0x000001c24cfa3110 ConcurrentGCThread "G1 Conc#1" [stack: 0x0000003035200000,0x0000003035300000] [id=14244]
  0x000001c24cfa2e50 ConcurrentGCThread "G1 Conc#2" [stack: 0x0000003035300000,0x0000003035400000] [id=20300]
  0x000001c22b7210d0 ConcurrentGCThread "G1 Refine#0" [stack: 0x0000003032a00000,0x0000003032b00000] [id=29080]
  0x000001c22b7239c0 ConcurrentGCThread "G1 Service" [stack: 0x0000003032b00000,0x0000003032c00000] [id=28068]

Threads with active compile tasks:
C2 CompilerThread0    48930 12167 %     4       java.io.DataOutputStream::writeUTF @ 10 (411 bytes)

VM state: not at safepoint (normal execution)

VM Mutex/Monitor currently owned by a thread: None

OutOfMemory and StackOverflow Exception counts:
OutOfMemoryError java_heap_errors=2
LinkageErrors=200

Heap address: 0x0000000080000000, size: 2048 MB, Compressed Oops mode: 32-bit

CDS archive(s) mapped at: [0x000001c22c000000-0x000001c22cbb0000-0x000001c22cbb0000), size 12255232, SharedBaseAddress: 0x000001c22c000000, ArchiveRelocationMode: 1.
Compressed class space mapped at: 0x000001c22d000000-0x000001c247000000, reserved size: 436207616
Narrow klass base: 0x000001c22c000000, Narrow klass shift: 0, Narrow klass range: 0x100000000

GC Precious Log:
 CPUs: 12 total, 12 available
 Memory: 6005M
 Large Page Support: Disabled
 NUMA Support: Disabled
 Compressed Oops: Enabled (32-bit)
 Heap Region Size: 1M
 Heap Min Capacity: 8M
 Heap Initial Capacity: 94M
 Heap Max Capacity: 2G
 Pre-touch: Disabled
 Parallel Workers: 10
 Concurrent Workers: 3
 Concurrent Refinement Workers: 10
 Periodic GC: Disabled

Heap:
 garbage-first heap   total 157696K, used 114370K [0x0000000080000000, 0x0000000100000000)
  region size 1024K, 28 young (28672K), 4 survivors (4096K)
 Metaspace       used 77940K, committed 78976K, reserved 557056K
  class space    used 10911K, committed 11392K, reserved 425984K

Heap Regions: E=young(eden), S=young(survivor), O=old, HS=humongous(starts), HC=humongous(continues), CS=collection set, F=free, OA=open archive, CA=closed archive, TAMS=top-at-mark-start (previous, next)
|   0|0x0000000080000000, 0x0000000080100000, 0x0000000080100000|100%| O|  |TAMS 0x0000000080100000, 0x0000000080000000| Untracked 
|   1|0x0000000080100000, 0x0000000080200000, 0x0000000080200000|100%| O|  |TAMS 0x0000000080200000, 0x0000000080100000| Untracked 
|   2|0x0000000080200000, 0x0000000080300000, 0x0000000080300000|100%|HS|  |TAMS 0x0000000080300000, 0x0000000080200000| Complete 
|   3|0x0000000080300000, 0x0000000080400000, 0x0000000080400000|100%|HC|  |TAMS 0x0000000080400000, 0x0000000080300000| Complete 
|   4|0x0000000080400000, 0x0000000080500000, 0x0000000080500000|100%|HC|  |TAMS 0x0000000080500000, 0x0000000080400000| Complete 
|   5|0x0000000080500000, 0x0000000080600000, 0x0000000080600000|100%|HC|  |TAMS 0x0000000080600000, 0x0000000080500000| Complete 
|   6|0x0000000080600000, 0x0000000080700000, 0x0000000080700000|100%| O|  |TAMS 0x0000000080700000, 0x0000000080600000| Untracked 
|   7|0x0000000080700000, 0x0000000080800000, 0x0000000080800000|100%| O|  |TAMS 0x0000000080800000, 0x0000000080700000| Untracked 
|   8|0x0000000080800000, 0x0000000080900000, 0x0000000080900000|100%| O|  |TAMS 0x0000000080900000, 0x0000000080800000| Untracked 
|   9|0x0000000080900000, 0x0000000080a00000, 0x0000000080a00000|100%|HS|  |TAMS 0x0000000080a00000, 0x0000000080900000| Complete 
|  10|0x0000000080a00000, 0x0000000080b00000, 0x0000000080b00000|100%| O|  |TAMS 0x0000000080b00000, 0x0000000080a00000| Untracked 
|  11|0x0000000080b00000, 0x0000000080c00000, 0x0000000080c00000|100%| O|  |TAMS 0x0000000080c00000, 0x0000000080b00000| Untracked 
|  12|0x0000000080c00000, 0x0000000080d00000, 0x0000000080d00000|100%| O|  |TAMS 0x0000000080d00000, 0x0000000080c00000| Untracked 
|  13|0x0000000080d00000, 0x0000000080e00000, 0x0000000080e00000|100%| O|  |TAMS 0x0000000080e00000, 0x0000000080d00000| Untracked 
|  14|0x0000000080e00000, 0x0000000080f00000, 0x0000000080f00000|100%| O|  |TAMS 0x0000000080f00000, 0x0000000080e00000| Untracked 
|  15|0x0000000080f00000, 0x0000000081000000, 0x0000000081000000|100%| O|  |TAMS 0x0000000081000000, 0x0000000080f00000| Untracked 
|  16|0x0000000081000000, 0x0000000081100000, 0x0000000081100000|100%| O|  |TAMS 0x0000000081100000, 0x0000000081000000| Untracked 
|  17|0x0000000081100000, 0x0000000081200000, 0x0000000081200000|100%| O|  |TAMS 0x0000000081200000, 0x0000000081100000| Untracked 
|  18|0x0000000081200000, 0x0000000081300000, 0x0000000081300000|100%| O|  |TAMS 0x0000000081300000, 0x0000000081200000| Untracked 
|  19|0x0000000081300000, 0x0000000081400000, 0x0000000081400000|100%| O|  |TAMS 0x0000000081400000, 0x0000000081300000| Untracked 
|  20|0x0000000081400000, 0x0000000081500000, 0x0000000081500000|100%| O|  |TAMS 0x0000000081500000, 0x0000000081400000| Untracked 
|  21|0x0000000081500000, 0x0000000081600000, 0x0000000081600000|100%| O|  |TAMS 0x0000000081600000, 0x0000000081500000| Untracked 
|  22|0x0000000081600000, 0x0000000081700000, 0x0000000081700000|100%| O|  |TAMS 0x0000000081700000, 0x0000000081600000| Untracked 
|  23|0x0000000081700000, 0x0000000081800000, 0x0000000081800000|100%| O|  |TAMS 0x0000000081800000, 0x0000000081700000| Untracked 
|  24|0x0000000081800000, 0x0000000081900000, 0x0000000081900000|100%| O|  |TAMS 0x0000000081900000, 0x0000000081800000| Untracked 
|  25|0x0000000081900000, 0x0000000081a00000, 0x0000000081a00000|100%| O|  |TAMS 0x0000000081a00000, 0x0000000081900000| Untracked 
|  26|0x0000000081a00000, 0x0000000081b00000, 0x0000000081b00000|100%| O|  |TAMS 0x0000000081b00000, 0x0000000081a00000| Untracked 
|  27|0x0000000081b00000, 0x0000000081c00000, 0x0000000081c00000|100%| O|  |TAMS 0x0000000081c00000, 0x0000000081b00000| Untracked 
|  28|0x0000000081c00000, 0x0000000081d00000, 0x0000000081d00000|100%| O|  |TAMS 0x0000000081d00000, 0x0000000081c00000| Untracked 
|  29|0x0000000081d00000, 0x0000000081e00000, 0x0000000081e00000|100%| O|  |TAMS 0x0000000081e00000, 0x0000000081d00000| Untracked 
|  30|0x0000000081e00000, 0x0000000081f00000, 0x0000000081f00000|100%| O|  |TAMS 0x0000000081f00000, 0x0000000081e00000| Untracked 
|  31|0x0000000081f00000, 0x0000000082000000, 0x0000000082000000|100%| O|  |TAMS 0x0000000082000000, 0x0000000081f00000| Untracked 
|  32|0x0000000082000000, 0x0000000082100000, 0x0000000082100000|100%| O|  |TAMS 0x0000000082100000, 0x0000000082000000| Untracked 
|  33|0x0000000082100000, 0x0000000082200000, 0x0000000082200000|100%| O|  |TAMS 0x0000000082200000, 0x0000000082100000| Untracked 
|  34|0x0000000082200000, 0x0000000082300000, 0x0000000082300000|100%| O|  |TAMS 0x0000000082300000, 0x0000000082200000| Untracked 
|  35|0x0000000082300000, 0x0000000082400000, 0x0000000082400000|100%| O|  |TAMS 0x0000000082400000, 0x0000000082300000| Untracked 
|  36|0x0000000082400000, 0x0000000082500000, 0x0000000082500000|100%|HS|  |TAMS 0x0000000082500000, 0x0000000082400000| Complete 
|  37|0x0000000082500000, 0x0000000082600000, 0x0000000082600000|100%| O|  |TAMS 0x0000000082600000, 0x0000000082500000| Untracked 
|  38|0x0000000082600000, 0x0000000082700000, 0x0000000082700000|100%| O|  |TAMS 0x0000000082700000, 0x0000000082600000| Untracked 
|  39|0x0000000082700000, 0x0000000082800000, 0x0000000082800000|100%| O|  |TAMS 0x0000000082800000, 0x0000000082700000| Untracked 
|  40|0x0000000082800000, 0x0000000082900000, 0x0000000082900000|100%| O|  |TAMS 0x0000000082900000, 0x0000000082800000| Untracked 
|  41|0x0000000082900000, 0x0000000082a00000, 0x0000000082a00000|100%| O|  |TAMS 0x0000000082a00000, 0x0000000082900000| Untracked 
|  42|0x0000000082a00000, 0x0000000082b00000, 0x0000000082b00000|100%| O|  |TAMS 0x0000000082b00000, 0x0000000082a00000| Untracked 
|  43|0x0000000082b00000, 0x0000000082c00000, 0x0000000082c00000|100%| O|  |TAMS 0x0000000082c00000, 0x0000000082b00000| Untracked 
|  44|0x0000000082c00000, 0x0000000082d00000, 0x0000000082d00000|100%| O|  |TAMS 0x0000000082d00000, 0x0000000082c00000| Untracked 
|  45|0x0000000082d00000, 0x0000000082e00000, 0x0000000082e00000|100%| O|  |TAMS 0x0000000082e00000, 0x0000000082d00000| Untracked 
|  46|0x0000000082e00000, 0x0000000082f00000, 0x0000000082f00000|100%| O|  |TAMS 0x0000000082f00000, 0x0000000082e00000| Untracked 
|  47|0x0000000082f00000, 0x0000000083000000, 0x0000000083000000|100%| O|  |TAMS 0x0000000083000000, 0x0000000082f00000| Untracked 
|  48|0x0000000083000000, 0x0000000083100000, 0x0000000083100000|100%| O|  |TAMS 0x0000000083100000, 0x0000000083000000| Untracked 
|  49|0x0000000083100000, 0x0000000083200000, 0x0000000083200000|100%| O|  |TAMS 0x0000000083200000, 0x0000000083100000| Untracked 
|  50|0x0000000083200000, 0x0000000083300000, 0x0000000083300000|100%|HS|  |TAMS 0x0000000083300000, 0x0000000083200000| Complete 
|  51|0x0000000083300000, 0x0000000083400000, 0x0000000083400000|100%|HC|  |TAMS 0x0000000083400000, 0x0000000083300000| Complete 
|  52|0x0000000083400000, 0x0000000083500000, 0x0000000083500000|100%|HS|  |TAMS 0x0000000083500000, 0x0000000083400000| Complete 
|  53|0x0000000083500000, 0x0000000083600000, 0x0000000083600000|100%|HC|  |TAMS 0x0000000083600000, 0x0000000083500000| Complete 
|  54|0x0000000083600000, 0x0000000083700000, 0x0000000083700000|100%| O|  |TAMS 0x0000000083700000, 0x0000000083600000| Untracked 
|  55|0x0000000083700000, 0x0000000083800000, 0x0000000083800000|100%| O|  |TAMS 0x0000000083800000, 0x0000000083700000| Untracked 
|  56|0x0000000083800000, 0x0000000083900000, 0x0000000083900000|100%| O|  |TAMS 0x0000000083900000, 0x0000000083800000| Untracked 
|  57|0x0000000083900000, 0x0000000083a00000, 0x0000000083a00000|100%|HS|  |TAMS 0x0000000083a00000, 0x0000000083900000| Complete 
|  58|0x0000000083a00000, 0x0000000083b00000, 0x0000000083b00000|100%|HC|  |TAMS 0x0000000083b00000, 0x0000000083a00000| Complete 
|  59|0x0000000083b00000, 0x0000000083c00000, 0x0000000083c00000|100%|HC|  |TAMS 0x0000000083c00000, 0x0000000083b00000| Complete 
|  60|0x0000000083c00000, 0x0000000083d00000, 0x0000000083d00000|100%|HC|  |TAMS 0x0000000083d00000, 0x0000000083c00000| Complete 
|  61|0x0000000083d00000, 0x0000000083e00000, 0x0000000083e00000|100%|HS|  |TAMS 0x0000000083e00000, 0x0000000083d00000| Complete 
|  62|0x0000000083e00000, 0x0000000083f00000, 0x0000000083f00000|100%|HC|  |TAMS 0x0000000083f00000, 0x0000000083e00000| Complete 
|  63|0x0000000083f00000, 0x0000000084000000, 0x0000000084000000|100%|HC|  |TAMS 0x0000000084000000, 0x0000000083f00000| Complete 
|  64|0x0000000084000000, 0x0000000084100000, 0x0000000084100000|100%|HC|  |TAMS 0x0000000084100000, 0x0000000084000000| Complete 
|  65|0x0000000084100000, 0x0000000084200000, 0x0000000084200000|100%| O|  |TAMS 0x0000000084200000, 0x0000000084100000| Untracked 
|  66|0x0000000084200000, 0x0000000084300000, 0x0000000084300000|100%| O|  |TAMS 0x0000000084300000, 0x0000000084200000| Untracked 
|  67|0x0000000084300000, 0x0000000084400000, 0x0000000084400000|100%| O|  |TAMS 0x0000000084400000, 0x0000000084300000| Untracked 
|  68|0x0000000084400000, 0x0000000084500000, 0x0000000084500000|100%| O|  |TAMS 0x0000000084500000, 0x0000000084400000| Untracked 
|  69|0x0000000084500000, 0x0000000084600000, 0x0000000084600000|100%| O|  |TAMS 0x0000000084600000, 0x0000000084500000| Untracked 
|  70|0x0000000084600000, 0x0000000084700000, 0x0000000084700000|100%| O|  |TAMS 0x0000000084700000, 0x0000000084600000| Untracked 
|  71|0x0000000084700000, 0x0000000084800000, 0x0000000084800000|100%| O|  |TAMS 0x0000000084800000, 0x0000000084700000| Untracked 
|  72|0x0000000084800000, 0x0000000084900000, 0x0000000084900000|100%| O|  |TAMS 0x0000000084900000, 0x0000000084800000| Untracked 
|  73|0x0000000084900000, 0x0000000084a00000, 0x0000000084a00000|100%| O|  |TAMS 0x0000000084a00000, 0x0000000084900000| Untracked 
|  74|0x0000000084a00000, 0x0000000084b00000, 0x0000000084b00000|100%| O|  |TAMS 0x0000000084b00000, 0x0000000084a00000| Untracked 
|  75|0x0000000084b00000, 0x0000000084c00000, 0x0000000084c00000|100%| O|  |TAMS 0x0000000084c00000, 0x0000000084b00000| Untracked 
|  76|0x0000000084c00000, 0x0000000084d00000, 0x0000000084d00000|100%| O|  |TAMS 0x0000000084d00000, 0x0000000084c00000| Untracked 
|  77|0x0000000084d00000, 0x0000000084e00000, 0x0000000084e00000|100%| O|  |TAMS 0x0000000084e00000, 0x0000000084d00000| Untracked 
|  78|0x0000000084e00000, 0x0000000084f00000, 0x0000000084f00000|100%| O|  |TAMS 0x0000000084f00000, 0x0000000084e00000| Untracked 
|  79|0x0000000084f00000, 0x0000000085000000, 0x0000000085000000|100%| O|  |TAMS 0x0000000085000000, 0x0000000084f00000| Untracked 
|  80|0x0000000085000000, 0x0000000085100000, 0x0000000085100000|100%| O|  |TAMS 0x0000000085100000, 0x0000000085000000| Complete 
|  81|0x0000000085100000, 0x0000000085200000, 0x0000000085200000|100%| O|  |TAMS 0x0000000085200000, 0x0000000085100000| Untracked 
|  82|0x0000000085200000, 0x0000000085300000, 0x0000000085300000|100%| O|  |TAMS 0x0000000085300000, 0x0000000085200000| Untracked 
|  83|0x0000000085300000, 0x0000000085400000, 0x0000000085400000|100%| O|  |TAMS 0x0000000085400000, 0x0000000085300000| Untracked 
|  84|0x0000000085400000, 0x0000000085452e00, 0x0000000085500000| 32%| O|  |TAMS 0x0000000085452e00, 0x0000000085400000| Untracked 
|  85|0x0000000085500000, 0x0000000085600000, 0x0000000085600000|100%|HS|  |TAMS 0x0000000085600000, 0x0000000085500000| Complete 
|  86|0x0000000085600000, 0x0000000085700000, 0x0000000085700000|100%|HS|  |TAMS 0x0000000085700000, 0x0000000085600000| Complete 
|  87|0x0000000085700000, 0x0000000085700000, 0x0000000085800000|  0%| F|  |TAMS 0x0000000085700000, 0x0000000085700000| Untracked 
|  88|0x0000000085800000, 0x0000000085800000, 0x0000000085900000|  0%| F|  |TAMS 0x0000000085800000, 0x0000000085800000| Untracked 
|  89|0x0000000085900000, 0x0000000085900000, 0x0000000085a00000|  0%| F|  |TAMS 0x0000000085900000, 0x0000000085900000| Untracked 
|  90|0x0000000085a00000, 0x0000000085a00000, 0x0000000085b00000|  0%| F|  |TAMS 0x0000000085a00000, 0x0000000085a00000| Untracked 
|  91|0x0000000085b00000, 0x0000000085b00000, 0x0000000085c00000|  0%| F|  |TAMS 0x0000000085b00000, 0x0000000085b00000| Untracked 
|  92|0x0000000085c00000, 0x0000000085c00000, 0x0000000085d00000|  0%| F|  |TAMS 0x0000000085c00000, 0x0000000085c00000| Untracked 
|  93|0x0000000085d00000, 0x0000000085d00000, 0x0000000085e00000|  0%| F|  |TAMS 0x0000000085d00000, 0x0000000085d00000| Untracked 
|  94|0x0000000085e00000, 0x0000000085e00000, 0x0000000085f00000|  0%| F|  |TAMS 0x0000000085e00000, 0x0000000085e00000| Untracked 
|  95|0x0000000085f00000, 0x0000000085f00000, 0x0000000086000000|  0%| F|  |TAMS 0x0000000085f00000, 0x0000000085f00000| Untracked 
|  96|0x0000000086000000, 0x0000000086000000, 0x0000000086100000|  0%| F|  |TAMS 0x0000000086000000, 0x0000000086000000| Untracked 
|  97|0x0000000086100000, 0x0000000086100000, 0x0000000086200000|  0%| F|  |TAMS 0x0000000086100000, 0x0000000086100000| Untracked 
|  98|0x0000000086200000, 0x0000000086200000, 0x0000000086300000|  0%| F|  |TAMS 0x0000000086200000, 0x0000000086200000| Untracked 
|  99|0x0000000086300000, 0x0000000086300000, 0x0000000086400000|  0%| F|  |TAMS 0x0000000086300000, 0x0000000086300000| Untracked 
| 100|0x0000000086400000, 0x0000000086400000, 0x0000000086500000|  0%| F|  |TAMS 0x0000000086400000, 0x0000000086400000| Untracked 
| 101|0x0000000086500000, 0x0000000086500000, 0x0000000086600000|  0%| F|  |TAMS 0x0000000086500000, 0x0000000086500000| Untracked 
| 102|0x0000000086600000, 0x0000000086600000, 0x0000000086700000|  0%| F|  |TAMS 0x0000000086600000, 0x0000000086600000| Untracked 
| 103|0x0000000086700000, 0x0000000086700000, 0x0000000086800000|  0%| F|  |TAMS 0x0000000086700000, 0x0000000086700000| Untracked 
| 104|0x0000000086800000, 0x000000008685db08, 0x0000000086900000| 36%| S|CS|TAMS 0x0000000086800000, 0x0000000086800000| Complete 
| 105|0x0000000086900000, 0x0000000086a00000, 0x0000000086a00000|100%| S|CS|TAMS 0x0000000086900000, 0x0000000086900000| Complete 
| 106|0x0000000086a00000, 0x0000000086b00000, 0x0000000086b00000|100%| S|CS|TAMS 0x0000000086a00000, 0x0000000086a00000| Complete 
| 107|0x0000000086b00000, 0x0000000086c00000, 0x0000000086c00000|100%| S|CS|TAMS 0x0000000086b00000, 0x0000000086b00000| Complete 
| 108|0x0000000086c00000, 0x0000000086c00000, 0x0000000086d00000|  0%| F|  |TAMS 0x0000000086c00000, 0x0000000086c00000| Untracked 
| 109|0x0000000086d00000, 0x0000000086d00000, 0x0000000086e00000|  0%| F|  |TAMS 0x0000000086d00000, 0x0000000086d00000| Untracked 
| 110|0x0000000086e00000, 0x0000000086e00000, 0x0000000086f00000|  0%| F|  |TAMS 0x0000000086e00000, 0x0000000086e00000| Untracked 
| 111|0x0000000086f00000, 0x0000000086f00000, 0x0000000087000000|  0%| F|  |TAMS 0x0000000086f00000, 0x0000000086f00000| Untracked 
| 112|0x0000000087000000, 0x0000000087000000, 0x0000000087100000|  0%| F|  |TAMS 0x0000000087000000, 0x0000000087000000| Untracked 
| 113|0x0000000087100000, 0x0000000087100000, 0x0000000087200000|  0%| F|  |TAMS 0x0000000087100000, 0x0000000087100000| Untracked 
| 114|0x0000000087200000, 0x0000000087200000, 0x0000000087300000|  0%| F|  |TAMS 0x0000000087200000, 0x0000000087200000| Untracked 
| 115|0x0000000087300000, 0x0000000087300000, 0x0000000087400000|  0%| F|  |TAMS 0x0000000087300000, 0x0000000087300000| Untracked 
| 116|0x0000000087400000, 0x0000000087400000, 0x0000000087500000|  0%| F|  |TAMS 0x0000000087400000, 0x0000000087400000| Untracked 
| 117|0x0000000087500000, 0x0000000087500000, 0x0000000087600000|  0%| F|  |TAMS 0x0000000087500000, 0x0000000087500000| Untracked 
| 118|0x0000000087600000, 0x0000000087600000, 0x0000000087700000|  0%| F|  |TAMS 0x0000000087600000, 0x0000000087600000| Untracked 
| 119|0x0000000087700000, 0x0000000087700000, 0x0000000087800000|  0%| F|  |TAMS 0x0000000087700000, 0x0000000087700000| Untracked 
| 120|0x0000000087800000, 0x0000000087800000, 0x0000000087900000|  0%| F|  |TAMS 0x0000000087800000, 0x0000000087800000| Untracked 
| 121|0x0000000087900000, 0x0000000087900000, 0x0000000087a00000|  0%| F|  |TAMS 0x0000000087900000, 0x0000000087900000| Untracked 
| 122|0x0000000087a00000, 0x0000000087a00000, 0x0000000087b00000|  0%| F|  |TAMS 0x0000000087a00000, 0x0000000087a00000| Untracked 
| 123|0x0000000087b00000, 0x0000000087b00000, 0x0000000087c00000|  0%| F|  |TAMS 0x0000000087b00000, 0x0000000087b00000| Untracked 
| 124|0x0000000087c00000, 0x0000000087c00000, 0x0000000087d00000|  0%| F|  |TAMS 0x0000000087c00000, 0x0000000087c00000| Untracked 
| 125|0x0000000087d00000, 0x0000000087d00000, 0x0000000087e00000|  0%| F|  |TAMS 0x0000000087d00000, 0x0000000087d00000| Untracked 
| 126|0x0000000087e00000, 0x0000000087e00000, 0x0000000087f00000|  0%| F|  |TAMS 0x0000000087e00000, 0x0000000087e00000| Untracked 
| 127|0x0000000087f00000, 0x0000000087f00000, 0x0000000088000000|  0%| F|  |TAMS 0x0000000087f00000, 0x0000000087f00000| Untracked 
| 128|0x0000000088000000, 0x0000000088000000, 0x0000000088100000|  0%| F|  |TAMS 0x0000000088000000, 0x0000000088000000| Untracked 
| 129|0x0000000088100000, 0x0000000088100000, 0x0000000088200000|  0%| F|  |TAMS 0x0000000088100000, 0x0000000088100000| Untracked 
| 130|0x0000000088200000, 0x00000000882e50e0, 0x0000000088300000| 89%| E|  |TAMS 0x0000000088200000, 0x0000000088200000| Complete 
| 131|0x0000000088300000, 0x0000000088400000, 0x0000000088400000|100%| E|CS|TAMS 0x0000000088300000, 0x0000000088300000| Complete 
| 132|0x0000000088400000, 0x0000000088500000, 0x0000000088500000|100%| E|CS|TAMS 0x0000000088400000, 0x0000000088400000| Complete 
| 133|0x0000000088500000, 0x0000000088600000, 0x0000000088600000|100%| E|CS|TAMS 0x0000000088500000, 0x0000000088500000| Complete 
| 134|0x0000000088600000, 0x0000000088700000, 0x0000000088700000|100%| E|CS|TAMS 0x0000000088600000, 0x0000000088600000| Complete 
| 135|0x0000000088700000, 0x0000000088800000, 0x0000000088800000|100%| E|  |TAMS 0x0000000088700000, 0x0000000088700000| Complete 
| 136|0x0000000088800000, 0x0000000088900000, 0x0000000088900000|100%| E|CS|TAMS 0x0000000088800000, 0x0000000088800000| Complete 
| 137|0x0000000088900000, 0x0000000088a00000, 0x0000000088a00000|100%| E|CS|TAMS 0x0000000088900000, 0x0000000088900000| Complete 
| 138|0x0000000088a00000, 0x0000000088b00000, 0x0000000088b00000|100%| E|CS|TAMS 0x0000000088a00000, 0x0000000088a00000| Complete 
| 139|0x0000000088b00000, 0x0000000088c00000, 0x0000000088c00000|100%| E|CS|TAMS 0x0000000088b00000, 0x0000000088b00000| Complete 
| 140|0x0000000088c00000, 0x0000000088d00000, 0x0000000088d00000|100%| E|CS|TAMS 0x0000000088c00000, 0x0000000088c00000| Complete 
| 141|0x0000000088d00000, 0x0000000088e00000, 0x0000000088e00000|100%| E|CS|TAMS 0x0000000088d00000, 0x0000000088d00000| Complete 
| 142|0x0000000088e00000, 0x0000000088f00000, 0x0000000088f00000|100%| E|CS|TAMS 0x0000000088e00000, 0x0000000088e00000| Complete 
| 143|0x0000000088f00000, 0x0000000089000000, 0x0000000089000000|100%| E|CS|TAMS 0x0000000088f00000, 0x0000000088f00000| Complete 
| 144|0x0000000089000000, 0x0000000089100000, 0x0000000089100000|100%| E|CS|TAMS 0x0000000089000000, 0x0000000089000000| Complete 
| 145|0x0000000089100000, 0x0000000089200000, 0x0000000089200000|100%| E|CS|TAMS 0x0000000089100000, 0x0000000089100000| Complete 
| 146|0x0000000089200000, 0x0000000089300000, 0x0000000089300000|100%| E|CS|TAMS 0x0000000089200000, 0x0000000089200000| Complete 
| 147|0x0000000089300000, 0x0000000089400000, 0x0000000089400000|100%| E|CS|TAMS 0x0000000089300000, 0x0000000089300000| Complete 
| 148|0x0000000089400000, 0x0000000089500000, 0x0000000089500000|100%| E|CS|TAMS 0x0000000089400000, 0x0000000089400000| Complete 
| 149|0x0000000089500000, 0x0000000089600000, 0x0000000089600000|100%| E|CS|TAMS 0x0000000089500000, 0x0000000089500000| Complete 
| 150|0x0000000089600000, 0x0000000089700000, 0x0000000089700000|100%| E|CS|TAMS 0x0000000089600000, 0x0000000089600000| Complete 
| 151|0x0000000089700000, 0x0000000089800000, 0x0000000089800000|100%| E|CS|TAMS 0x0000000089700000, 0x0000000089700000| Complete 
| 152|0x0000000089800000, 0x0000000089900000, 0x0000000089900000|100%| E|CS|TAMS 0x0000000089800000, 0x0000000089800000| Complete 
| 153|0x0000000089900000, 0x0000000089a00000, 0x0000000089a00000|100%| E|CS|TAMS 0x0000000089900000, 0x0000000089900000| Complete 

Card table byte_map: [0x000001c224420000,0x000001c224820000] _byte_map_base: 0x000001c224020000

Marking Bits (Prev, Next): (CMBitMap*) 0x000001c20d00da00, (CMBitMap*) 0x000001c20d00da40
 Prev Bits: [0x000001c224c20000, 0x000001c226c20000)
 Next Bits: [0x000001c226c20000, 0x000001c228c20000)

Polling page: 0x000001c20c750000

Metaspace:

Usage:
  Non-class:     65.46 MB used.
      Class:     10.66 MB used.
       Both:     76.11 MB used.

Virtual space:
  Non-class space:      128.00 MB reserved,      66.00 MB ( 52%) committed,  2 nodes.
      Class space:      416.00 MB reserved,      11.12 MB (  3%) committed,  1 nodes.
             Both:      544.00 MB reserved,      77.12 MB ( 14%) committed. 

Chunk freelists:
   Non-Class:  13.25 MB
       Class:  4.89 MB
        Both:  18.14 MB

MaxMetaspaceSize: 512.00 MB
CompressedClassSpaceSize: 416.00 MB
Initial GC threshold: 21.00 MB
Current GC threshold: 128.25 MB
CDS: on
MetaspaceReclaimPolicy: balanced
 - commit_granule_bytes: 65536.
 - commit_granule_words: 8192.
 - virtual_space_node_default_size: 8388608.
 - enlarge_chunks_in_place: 1.
 - new_chunks_are_fully_committed: 0.
 - uncommit_free_chunks: 1.
 - use_allocation_guard: 0.
 - handle_deallocations: 1.


Internal statistics:

num_allocs_failed_limit: 6.
num_arena_births: 1244.
num_arena_deaths: 0.
num_vsnodes_births: 3.
num_vsnodes_deaths: 0.
num_space_committed: 1234.
num_space_uncommitted: 0.
num_chunks_returned_to_freelist: 6.
num_chunks_taken_from_freelist: 4700.
num_chunk_merges: 3.
num_chunk_splits: 2954.
num_chunks_enlarged: 1832.
num_inconsistent_stats: 0.

CodeHeap 'non-profiled nmethods': size=120000Kb used=5940Kb max_used=5940Kb free=114059Kb
 bounds [0x000001c21c590000, 0x000001c21cb60000, 0x000001c223ac0000]
CodeHeap 'profiled nmethods': size=120000Kb used=18970Kb max_used=20488Kb free=101029Kb
 bounds [0x000001c214ac0000, 0x000001c215ed0000, 0x000001c21bff0000]
CodeHeap 'non-nmethods': size=5760Kb used=2387Kb max_used=2432Kb free=3372Kb
 bounds [0x000001c21bff0000, 0x000001c21c270000, 0x000001c21c590000]
 total_blobs=11275 nmethods=10356 adapters=831
 compilation: enabled
              stopped_count=0, restarted_count=0
 full_count=0

Compilation events (20 events):
Event: 48.789 Thread 0x000001c22b8946c0 nmethod 12157 0x000001c21582f590 code [0x000001c21582f740, 0x000001c21582f968]
Event: 48.790 Thread 0x000001c22b8946c0 12159       3       java.io.PrintWriter::println (5 bytes)
Event: 48.790 Thread 0x000001c22b8946c0 nmethod 12159 0x000001c214f8dc10 code [0x000001c214f8dda0, 0x000001c214f8dee8]
Event: 48.790 Thread 0x000001c22b8946c0 12160   !   3       java.io.PrintWriter::newLine (65 bytes)
Event: 48.790 Thread 0x000001c22b8946c0 nmethod 12160 0x000001c214f94a90 code [0x000001c214f94cc0, 0x000001c214f953f8]
Event: 48.790 Thread 0x000001c22b8946c0 12161       3       java.io.StringWriter::write (10 bytes)
Event: 48.791 Thread 0x000001c22b8946c0 nmethod 12161 0x000001c21500b990 code [0x000001c21500bb40, 0x000001c21500bde8]
Event: 48.791 Thread 0x000001c22b8946c0 12162  s    3       java.lang.StringBuffer::append (13 bytes)
Event: 48.791 Thread 0x000001c22b8946c0 nmethod 12162 0x000001c21590e210 code [0x000001c21590e3c0, 0x000001c21590e5e8]
Event: 48.791 Thread 0x000001c22b8946c0 12163       3       java.lang.StackTraceElement::toString (322 bytes)
Event: 48.794 Thread 0x000001c22b8946c0 nmethod 12163 0x000001c21538bf90 code [0x000001c21538c600, 0x000001c21538f478]
Event: 48.794 Thread 0x000001c22b8946c0 12164       3       java.lang.StackTraceElement::dropClassLoaderName (16 bytes)
Event: 48.794 Thread 0x000001c22b8946c0 nmethod 12164 0x000001c214fc2390 code [0x000001c214fc2520, 0x000001c214fc2698]
Event: 48.794 Thread 0x000001c22b8946c0 12165       3       java.lang.StackTraceElement::isNativeMethod (15 bytes)
Event: 48.794 Thread 0x000001c22b8946c0 nmethod 12165 0x000001c214fe2690 code [0x000001c214fe2820, 0x000001c214fe2998]
Event: 48.795 Thread 0x000001c22b8946c0 12166   !   3       java.io.ObjectStreamClass::getPrivateMethod (56 bytes)
Event: 48.796 Thread 0x000001c22b8946c0 nmethod 12166 0x000001c215094310 code [0x000001c215094540, 0x000001c215094d38]
Event: 48.797 Thread 0x000001c22b8887f0 12167 %     4       java.io.DataOutputStream::writeUTF @ 10 (411 bytes)
Event: 48.797 Thread 0x000001c22b8946c0 12168 %     3       java.io.ObjectOutputStream$BlockDataOutputStream::writeBytes @ 95 (144 bytes)
Event: 48.799 Thread 0x000001c22b8946c0 nmethod 12168% 0x000001c214faec10 code [0x000001c214faee20, 0x000001c214faf5d8]

GC Heap History (20 events):
Event: 25.191 GC heap before
{Heap before GC invocations=32 (full 0):
 garbage-first heap   total 117760K, used 87558K [0x0000000080000000, 0x0000000100000000)
  region size 1024K, 21 young (21504K), 2 survivors (2048K)
 Metaspace       used 64862K, committed 65664K, reserved 491520K
  class space    used 9152K, committed 9536K, reserved 425984K
}
Event: 25.194 GC heap after
{Heap after GC invocations=33 (full 0):
 garbage-first heap   total 153600K, used 68625K [0x0000000080000000, 0x0000000100000000)
  region size 1024K, 2 young (2048K), 2 survivors (2048K)
 Metaspace       used 64862K, committed 65664K, reserved 491520K
  class space    used 9152K, committed 9536K, reserved 425984K
}
Event: 26.925 GC heap before
{Heap before GC invocations=33 (full 0):
 garbage-first heap   total 153600K, used 115729K [0x0000000080000000, 0x0000000100000000)
  region size 1024K, 48 young (49152K), 2 survivors (2048K)
 Metaspace       used 67069K, committed 67904K, reserved 491520K
  class space    used 9448K, committed 9792K, reserved 425984K
}
Event: 26.929 GC heap after
{Heap after GC invocations=34 (full 0):
 garbage-first heap   total 153600K, used 71059K [0x0000000080000000, 0x0000000100000000)
  region size 1024K, 5 young (5120K), 5 survivors (5120K)
 Metaspace       used 67069K, committed 67904K, reserved 491520K
  class space    used 9448K, committed 9792K, reserved 425984K
}
Event: 29.186 GC heap before
{Heap before GC invocations=34 (full 0):
 garbage-first heap   total 153600K, used 118163K [0x0000000080000000, 0x0000000100000000)
  region size 1024K, 51 young (52224K), 5 survivors (5120K)
 Metaspace       used 69446K, committed 70272K, reserved 491520K
  class space    used 9777K, committed 10176K, reserved 425984K
}
Event: 29.191 GC heap after
{Heap after GC invocations=35 (full 0):
 garbage-first heap   total 153600K, used 73808K [0x0000000080000000, 0x0000000100000000)
  region size 1024K, 6 young (6144K), 6 survivors (6144K)
 Metaspace       used 69446K, committed 70272K, reserved 491520K
  class space    used 9777K, committed 10176K, reserved 425984K
}
Event: 34.411 GC heap before
{Heap before GC invocations=35 (full 0):
 garbage-first heap   total 153600K, used 119888K [0x0000000080000000, 0x0000000100000000)
  region size 1024K, 52 young (53248K), 6 survivors (6144K)
 Metaspace       used 73554K, committed 74432K, reserved 491520K
  class space    used 10454K, committed 10880K, reserved 425984K
}
Event: 34.421 GC heap after
{Heap after GC invocations=36 (full 0):
 garbage-first heap   total 153600K, used 77519K [0x0000000080000000, 0x0000000100000000)
  region size 1024K, 7 young (7168K), 7 survivors (7168K)
 Metaspace       used 73554K, committed 74432K, reserved 491520K
  class space    used 10454K, committed 10880K, reserved 425984K
}
Event: 36.273 GC heap before
{Heap before GC invocations=36 (full 0):
 garbage-first heap   total 153600K, used 121551K [0x0000000080000000, 0x0000000100000000)
  region size 1024K, 51 young (52224K), 7 survivors (7168K)
 Metaspace       used 76110K, committed 76992K, reserved 557056K
  class space    used 10740K, committed 11136K, reserved 425984K
}
Event: 36.280 GC heap after
{Heap after GC invocations=37 (full 0):
 garbage-first heap   total 153600K, used 79169K [0x0000000080000000, 0x0000000100000000)
  region size 1024K, 6 young (6144K), 6 survivors (6144K)
 Metaspace       used 76110K, committed 76992K, reserved 557056K
  class space    used 10740K, committed 11136K, reserved 425984K
}
Event: 38.925 GC heap before
{Heap before GC invocations=38 (full 0):
 garbage-first heap   total 153600K, used 124225K [0x0000000080000000, 0x0000000100000000)
  region size 1024K, 51 young (52224K), 6 survivors (6144K)
 Metaspace       used 77686K, committed 78656K, reserved 557056K
  class space    used 10897K, committed 11392K, reserved 425984K
}
Event: 38.933 GC heap after
{Heap after GC invocations=39 (full 0):
 garbage-first heap   total 153600K, used 83646K [0x0000000080000000, 0x0000000100000000)
  region size 1024K, 7 young (7168K), 7 survivors (7168K)
 Metaspace       used 77686K, committed 78656K, reserved 557056K
  class space    used 10897K, committed 11392K, reserved 425984K
}
Event: 40.759 GC heap before
{Heap before GC invocations=39 (full 0):
 garbage-first heap   total 153600K, used 124606K [0x0000000080000000, 0x0000000100000000)
  region size 1024K, 48 young (49152K), 7 survivors (7168K)
 Metaspace       used 77822K, committed 78784K, reserved 557056K
  class space    used 10897K, committed 11392K, reserved 425984K
}
Event: 40.766 GC heap after
{Heap after GC invocations=40 (full 0):
 garbage-first heap   total 153600K, used 85058K [0x0000000080000000, 0x0000000100000000)
  region size 1024K, 2 young (2048K), 2 survivors (2048K)
 Metaspace       used 77822K, committed 78784K, reserved 557056K
  class space    used 10897K, committed 11392K, reserved 425984K
}
Event: 42.403 GC heap before
{Heap before GC invocations=41 (full 0):
 garbage-first heap   total 153600K, used 126018K [0x0000000080000000, 0x0000000100000000)
  region size 1024K, 43 young (44032K), 2 survivors (2048K)
 Metaspace       used 77828K, committed 78848K, reserved 557056K
  class space    used 10897K, committed 11392K, reserved 425984K
}
Event: 42.408 GC heap after
{Heap after GC invocations=42 (full 0):
 garbage-first heap   total 153600K, used 85851K [0x0000000080000000, 0x0000000100000000)
  region size 1024K, 3 young (3072K), 3 survivors (3072K)
 Metaspace       used 77828K, committed 78848K, reserved 557056K
  class space    used 10897K, committed 11392K, reserved 425984K
}
Event: 42.512 GC heap before
{Heap before GC invocations=42 (full 0):
 garbage-first heap   total 153600K, used 88923K [0x0000000080000000, 0x0000000100000000)
  region size 1024K, 7 young (7168K), 3 survivors (3072K)
 Metaspace       used 77831K, committed 78848K, reserved 557056K
  class space    used 10898K, committed 11392K, reserved 425984K
}
Event: 42.516 GC heap after
{Heap after GC invocations=43 (full 0):
 garbage-first heap   total 153600K, used 85772K [0x0000000080000000, 0x0000000100000000)
  region size 1024K, 1 young (1024K), 1 survivors (1024K)
 Metaspace       used 77831K, committed 78848K, reserved 557056K
  class space    used 10898K, committed 11392K, reserved 425984K
}
Event: 47.689 GC heap before
{Heap before GC invocations=43 (full 0):
 garbage-first heap   total 153600K, used 129804K [0x0000000080000000, 0x0000000100000000)
  region size 1024K, 42 young (43008K), 1 survivors (1024K)
 Metaspace       used 77889K, committed 78912K, reserved 557056K
  class space    used 10905K, committed 11392K, reserved 425984K
}
Event: 47.725 GC heap after
{Heap after GC invocations=44 (full 0):
 garbage-first heap   total 153600K, used 91842K [0x0000000080000000, 0x0000000100000000)
  region size 1024K, 4 young (4096K), 4 survivors (4096K)
 Metaspace       used 77889K, committed 78912K, reserved 557056K
  class space    used 10905K, committed 11392K, reserved 425984K
}

Dll operation events (15 events):
Event: 0.022 Loaded shared library C:\Program Files\Microsoft\jdk-17.0.12.7-hotspot\bin\java.dll
Event: 0.109 Loaded shared library C:\Program Files\Microsoft\jdk-17.0.12.7-hotspot\bin\jsvml.dll
Event: 0.192 Loaded shared library C:\Program Files\Microsoft\jdk-17.0.12.7-hotspot\bin\zip.dll
Event: 0.197 Loaded shared library C:\Program Files\Microsoft\jdk-17.0.12.7-hotspot\bin\instrument.dll
Event: 0.205 Loaded shared library C:\Program Files\Microsoft\jdk-17.0.12.7-hotspot\bin\net.dll
Event: 0.208 Loaded shared library C:\Program Files\Microsoft\jdk-17.0.12.7-hotspot\bin\nio.dll
Event: 0.212 Loaded shared library C:\Program Files\Microsoft\jdk-17.0.12.7-hotspot\bin\zip.dll
Event: 0.635 Loaded shared library C:\Program Files\Microsoft\jdk-17.0.12.7-hotspot\bin\jimage.dll
Event: 0.941 Loaded shared library C:\Program Files\Microsoft\jdk-17.0.12.7-hotspot\bin\verify.dll
Event: 1.326 Loaded shared library C:\Users\VASANTH\.gradle\native\c067742578af261105cb4f569cf0c3c89f3d7b1fecec35dd04571415982c5e48\windows-amd64\native-platform.dll
Event: 1.344 Loaded shared library C:\Users\VASANTH\.gradle\native\100fb08df4bc3b14c8652ba06237920a3bd2aa13389f12d3474272988ae205f9\windows-amd64\native-platform-file-events.dll
Event: 3.416 Loaded shared library C:\Program Files\Microsoft\jdk-17.0.12.7-hotspot\bin\management.dll
Event: 3.424 Loaded shared library C:\Program Files\Microsoft\jdk-17.0.12.7-hotspot\bin\management_ext.dll
Event: 3.814 Loaded shared library C:\Program Files\Microsoft\jdk-17.0.12.7-hotspot\bin\extnet.dll
Event: 4.190 Loaded shared library C:\Program Files\Microsoft\jdk-17.0.12.7-hotspot\bin\sunmscapi.dll

Deoptimization events (20 events):
Event: 48.752 Thread 0x000001c24c9c7ff0 Uncommon trap: trap_request=0xffffff45 fr.pc=0x000001c21c688e08 relative=0x0000000000000e68
Event: 48.752 Thread 0x000001c24c9c7ff0 Uncommon trap: reason=unstable_if action=reinterpret pc=0x000001c21c688e08 method=org.gradle.tooling.internal.provider.runner.ClientForwardingBuildOperationListener.toOperationResult(Lorg/gradle/internal/operations/OperationFinishEvent;)Lorg/gradle/intern
Event: 48.752 Thread 0x000001c24c9c7ff0 DEOPT PACKING pc=0x000001c21c688e08 sp=0x00000030343f5e20
Event: 48.752 Thread 0x000001c24c9c7ff0 DEOPT UNPACKING pc=0x000001c21c0469a3 sp=0x00000030343f5cd8 mode 2
Event: 48.797 Thread 0x000001c24c9c6bb0 Uncommon trap: trap_request=0xffffff76 fr.pc=0x000001c21cb58708 relative=0x0000000000001da8
Event: 48.797 Thread 0x000001c24c9c6bb0 Uncommon trap: reason=predicate action=maybe_recompile pc=0x000001c21cb58708 method=java.util.TimSort.binarySort([Ljava/lang/Object;IIILjava/util/Comparator;)V @ 34 c2
Event: 48.797 Thread 0x000001c24c9c6bb0 DEOPT PACKING pc=0x000001c21cb58708 sp=0x00000030346fe9d0
Event: 48.797 Thread 0x000001c24c9c6bb0 DEOPT UNPACKING pc=0x000001c21c0469a3 sp=0x00000030346fe8e8 mode 2
Event: 48.797 Thread 0x000001c24c9c6bb0 Uncommon trap: trap_request=0xffffff45 fr.pc=0x000001c21c9a57a0 relative=0x0000000000002140
Event: 48.797 Thread 0x000001c24c9c6bb0 Uncommon trap: reason=unstable_if action=reinterpret pc=0x000001c21c9a57a0 method=java.io.ObjectOutputStream$BlockDataOutputStream.writeBytes(Ljava/lang/String;)V @ 22 c2
Event: 48.797 Thread 0x000001c24c9c6bb0 DEOPT PACKING pc=0x000001c21c9a57a0 sp=0x00000030346fe930
Event: 48.797 Thread 0x000001c24c9c6bb0 DEOPT UNPACKING pc=0x000001c21c0469a3 sp=0x00000030346fe758 mode 2
Event: 48.798 Thread 0x000001c24c9c6bb0 Uncommon trap: trap_request=0xffffff45 fr.pc=0x000001c21c5ac738 relative=0x0000000000000218
Event: 48.798 Thread 0x000001c24c9c6bb0 Uncommon trap: reason=unstable_if action=reinterpret pc=0x000001c21c5ac738 method=org.gradle.internal.remote.internal.inet.SocketConnection$SocketOutputStream.write([BII)V @ 64 c2
Event: 48.798 Thread 0x000001c24c9c6bb0 DEOPT PACKING pc=0x000001c21c5ac738 sp=0x00000030346fe5b0
Event: 48.798 Thread 0x000001c24c9c6bb0 DEOPT UNPACKING pc=0x000001c21c0469a3 sp=0x00000030346fe598 mode 2
Event: 48.800 Thread 0x000001c24c9c6bb0 Uncommon trap: trap_request=0xffffff45 fr.pc=0x000001c21c7e81b8 relative=0x0000000000000578
Event: 48.800 Thread 0x000001c24c9c6bb0 Uncommon trap: reason=unstable_if action=reinterpret pc=0x000001c21c7e81b8 method=java.io.ObjectOutputStream$BlockDataOutputStream.writeBytes(Ljava/lang/String;)V @ 22 c2
Event: 48.800 Thread 0x000001c24c9c6bb0 DEOPT PACKING pc=0x000001c21c7e81b8 sp=0x00000030346fe9d0
Event: 48.800 Thread 0x000001c24c9c6bb0 DEOPT UNPACKING pc=0x000001c21c0469a3 sp=0x00000030346fe8e0 mode 2

Classes loaded (20 events):
Event: 36.733 Loading class jdk/internal/vm/annotation/ForceInline
Event: 36.733 Loading class jdk/internal/vm/annotation/ForceInline done
Event: 36.743 Loading class java/util/AbstractMap$2
Event: 36.744 Loading class java/util/AbstractMap$2 done
Event: 36.744 Loading class java/util/AbstractMap$2$1
Event: 36.744 Loading class java/util/AbstractMap$2$1 done
Event: 37.608 Loading class java/util/Collections$ReverseComparator
Event: 37.609 Loading class java/util/Collections$ReverseComparator done
Event: 37.609 Loading class java/util/Collections$ReverseComparator2
Event: 37.610 Loading class java/util/Collections$ReverseComparator2 done
Event: 38.149 Loading class jdk/internal/misc/ScopedMemoryAccess$Scope$Handle
Event: 38.151 Loading class jdk/internal/misc/ScopedMemoryAccess$Scope$Handle done
Event: 48.583 Loading class java/util/zip/DataFormatException
Event: 48.701 Loading class java/util/zip/DataFormatException done
Event: 48.760 Loading class java/lang/Throwable$WrappedPrintWriter
Event: 48.765 Loading class java/lang/Throwable$PrintStreamOrWriter
Event: 48.770 Loading class java/lang/Throwable$PrintStreamOrWriter done
Event: 48.770 Loading class java/lang/Throwable$WrappedPrintWriter done
Event: 48.780 Loading class java/lang/StackTraceElement$HashedModules
Event: 48.782 Loading class java/lang/StackTraceElement$HashedModules done

Classes unloaded (0 events):
No events

Classes redefined (0 events):
No events

Internal exceptions (20 events):
Event: 36.931 Thread 0x000001c24c9c7ff0 Exception <a 'java/lang/ClassNotFoundException'{0x000000008821bba8}: org/gradle/api/internal/DefaultNamedDomainObjectListCustomizer> (0x000000008821bba8) 
thrown [s\src\hotspot\share\classfile\systemDictionary.cpp, line 256]
Event: 36.935 Thread 0x000001c24c9c7ff0 Exception <a 'java/lang/ClassNotFoundException'{0x0000000088252330}: org/gradle/api/internal/artifacts/DefaultArtifactRepositoryContainerCustomizer> (0x0000000088252330) 
thrown [s\src\hotspot\share\classfile\systemDictionary.cpp, line 256]
Event: 36.940 Thread 0x000001c24c9c7ff0 Exception <a 'java/lang/ClassNotFoundException'{0x000000008827dc30}: org/gradle/api/internal/artifacts/dsl/DefaultRepositoryHandlerCustomizer> (0x000000008827dc30) 
thrown [s\src\hotspot\share\classfile\systemDictionary.cpp, line 256]
Event: 36.947 Thread 0x000001c24c9c7ff0 Exception <a 'java/lang/ClassNotFoundException'{0x00000000882b8460}: org/gradle/api/internal/artifacts/dsl/DefaultRepositoryHandler_DecoratedCustomizer> (0x00000000882b8460) 
thrown [s\src\hotspot\share\classfile\systemDictionary.cpp, line 256]
Event: 36.964 Thread 0x000001c24c9c7ff0 Exception <a 'java/lang/ClassNotFoundException'{0x0000000088161728}: org/gradle/api/internal/artifacts/dsl/dependencies/DefaultDependencyHandler_DecoratedBeanInfo> (0x0000000088161728) 
thrown [s\src\hotspot\share\classfile\systemDictionary.cpp, line 256]
Event: 36.965 Thread 0x000001c24c9c7ff0 Exception <a 'java/lang/ClassNotFoundException'{0x000000008817adf8}: org/gradle/api/internal/artifacts/dsl/dependencies/DefaultDependencyHandlerBeanInfo> (0x000000008817adf8) 
thrown [s\src\hotspot\share\classfile\systemDictionary.cpp, line 256]
Event: 36.966 Thread 0x000001c24c9c7ff0 Exception <a 'java/lang/ClassNotFoundException'{0x00000000881941f8}: org/gradle/api/internal/artifacts/dsl/dependencies/DefaultDependencyHandlerCustomizer> (0x00000000881941f8) 
thrown [s\src\hotspot\share\classfile\systemDictionary.cpp, line 256]
Event: 36.969 Thread 0x000001c24c9c7ff0 Exception <a 'java/lang/ClassNotFoundException'{0x00000000881d59f0}: org/gradle/api/internal/artifacts/dsl/dependencies/DefaultDependencyHandler_DecoratedCustomizer> (0x00000000881d59f0) 
thrown [s\src\hotspot\share\classfile\systemDictionary.cpp, line 256]
Event: 38.192 Thread 0x000001c24fdc2eb0 Exception <a 'sun/nio/fs/WindowsException'{0x0000000086b14dc0}> (0x0000000086b14dc0) 
thrown [s\src\hotspot\share\prims\jni.cpp, line 516]
Event: 38.193 Thread 0x000001c24fdc2eb0 Exception <a 'sun/nio/fs/WindowsException'{0x0000000086b1f230}> (0x0000000086b1f230) 
thrown [s\src\hotspot\share\prims\jni.cpp, line 516]
Event: 38.194 Thread 0x000001c24fdc2eb0 Exception <a 'sun/nio/fs/WindowsException'{0x0000000086b21c18}> (0x0000000086b21c18) 
thrown [s\src\hotspot\share\prims\jni.cpp, line 516]
Event: 38.197 Thread 0x000001c24fdc2eb0 Exception <a 'sun/nio/fs/WindowsException'{0x0000000086b24098}> (0x0000000086b24098) 
thrown [s\src\hotspot\share\prims\jni.cpp, line 516]
Event: 39.729 Thread 0x000001c24bf76360 Implicit null exception at 0x000001c21ca97505 to 0x000001c21ca97d0c
Event: 44.954 Thread 0x000001c24c9c7ff0 Exception <a 'java/lang/ClassNotFoundException'{0x000000008707d8f8}: build_24ga3d4t8i9rsjodbp8xok9r4BeanInfo> (0x000000008707d8f8) 
thrown [s\src\hotspot\share\classfile\systemDictionary.cpp, line 256]
Event: 44.955 Thread 0x000001c24c9c7ff0 Exception <a 'java/lang/ClassNotFoundException'{0x00000000870849e8}: build_24ga3d4t8i9rsjodbp8xok9r4Customizer> (0x00000000870849e8) 
thrown [s\src\hotspot\share\classfile\systemDictionary.cpp, line 256]
Event: 48.476 Thread 0x000001c24c9c7ff0 Exception <a 'java/lang/OutOfMemoryError'{0x00000000895c36d8}> (0x00000000895c36d8) 
thrown [s\src\hotspot\share\prims\jni.cpp, line 535]
Event: 48.747 Thread 0x000001c24c9c7ff0 Exception <a 'java/lang/reflect/InvocationTargetException'{0x00000000895cad30}> (0x00000000895cad30) 
thrown [s\src\hotspot\share\runtime\reflection.cpp, line 1128]
Event: 48.793 Thread 0x000001c24c9c6bb0 Exception <a 'java/lang/NoSuchMethodError'{0x000000008951ffd8}: static Lorg/gradle/internal/build/event/types/DefaultFailureResult;.<clinit>()V> (0x000000008951ffd8) 
thrown [s\src\hotspot\share\prims\jni.cpp, line 1112]
Event: 48.796 Thread 0x000001c24c9c7ff0 Exception <a 'java/lang/OutOfMemoryError'{0x00000000899f47a8}> (0x00000000899f47a8) 
thrown [s\src\hotspot\share\prims\jni.cpp, line 535]
Event: 48.796 Thread 0x000001c24c9c6bb0 Exception <a 'java/lang/NoSuchMethodError'{0x0000000089809ab8}: static Lorg/gradle/internal/build/event/types/DefaultFailure;.<clinit>()V> (0x0000000089809ab8) 
thrown [s\src\hotspot\share\prims\jni.cpp, line 1112]

VM Operations (20 events):
Event: 42.403 Executing VM operation: G1CollectForAllocation
Event: 42.410 Executing VM operation: G1CollectForAllocation done
Event: 42.511 Executing VM operation: G1CollectForAllocation
Event: 42.516 Executing VM operation: G1CollectForAllocation done
Event: 43.526 Executing VM operation: Cleanup
Event: 43.526 Executing VM operation: Cleanup done
Event: 44.529 Executing VM operation: Cleanup
Event: 44.529 Executing VM operation: Cleanup done
Event: 45.531 Executing VM operation: Cleanup
Event: 45.532 Executing VM operation: Cleanup done
Event: 46.544 Executing VM operation: Cleanup
Event: 46.544 Executing VM operation: Cleanup done
Event: 47.105 Executing VM operation: HandshakeAllThreads
Event: 47.107 Executing VM operation: HandshakeAllThreads done
Event: 47.616 Executing VM operation: G1CollectForAllocation
Event: 47.725 Executing VM operation: G1CollectForAllocation done
Event: 47.796 Executing VM operation: G1PauseRemark
Event: 47.809 Executing VM operation: G1PauseRemark done
Event: 47.852 Executing VM operation: G1PauseCleanup
Event: 47.852 Executing VM operation: G1PauseCleanup done

Events (20 events):
Event: 39.145 Thread 0x000001c22b8a73b0 flushing nmethod 0x000001c215b6ed90
Event: 39.145 Thread 0x000001c22b8a73b0 flushing nmethod 0x000001c215b71310
Event: 39.145 Thread 0x000001c22b8a73b0 flushing nmethod 0x000001c215b74010
Event: 39.145 Thread 0x000001c22b8a73b0 flushing nmethod 0x000001c215b78190
Event: 39.145 Thread 0x000001c22b8a73b0 flushing nmethod 0x000001c215b7a510
Event: 39.145 Thread 0x000001c22b8a73b0 flushing nmethod 0x000001c215b7a890
Event: 39.145 Thread 0x000001c22b8a73b0 flushing nmethod 0x000001c215b91210
Event: 39.145 Thread 0x000001c22b8a73b0 flushing nmethod 0x000001c215b94410
Event: 39.145 Thread 0x000001c22b8a73b0 flushing nmethod 0x000001c215b94a90
Event: 39.145 Thread 0x000001c22b8a73b0 flushing nmethod 0x000001c215b9ef90
Event: 39.145 Thread 0x000001c22b8a73b0 flushing nmethod 0x000001c215bbdf90
Event: 39.145 Thread 0x000001c22b8a73b0 flushing nmethod 0x000001c215bd8910
Event: 39.146 Thread 0x000001c22b8a73b0 flushing nmethod 0x000001c215bf5a10
Event: 39.146 Thread 0x000001c22b8a73b0 flushing nmethod 0x000001c215bf5e10
Event: 39.146 Thread 0x000001c22b8a73b0 flushing nmethod 0x000001c215bff010
Event: 39.146 Thread 0x000001c22b8a73b0 flushing nmethod 0x000001c215c00510
Event: 39.146 Thread 0x000001c22b8a73b0 flushing nmethod 0x000001c215c01710
Event: 39.146 Thread 0x000001c22b8a73b0 flushing nmethod 0x000001c215c6da10
Event: 39.146 Thread 0x000001c22b8a73b0 flushing nmethod 0x000001c215ccb290
Event: 39.146 Thread 0x000001c22b8a73b0 flushing nmethod 0x000001c215cd4c10


Dynamic libraries:
0x00007ff66e100000 - 0x00007ff66e10e000 	C:\Program Files\Microsoft\jdk-17.0.12.7-hotspot\bin\java.exe
0x00007ff9fdeb0000 - 0x00007ff9fe0c7000 	C:\WINDOWS\SYSTEM32\ntdll.dll
0x00007ff9fd9c0000 - 0x00007ff9fda84000 	C:\WINDOWS\System32\KERNEL32.DLL
0x00007ff9fb4c0000 - 0x00007ff9fb87a000 	C:\WINDOWS\System32\KERNELBASE.dll
0x00007ff9fb370000 - 0x00007ff9fb481000 	C:\WINDOWS\System32\ucrtbase.dll
0x00007ff9d3d80000 - 0x00007ff9d3d9d000 	C:\Program Files\Microsoft\jdk-17.0.12.7-hotspot\bin\VCRUNTIME140.dll
0x00007ff9d3e10000 - 0x00007ff9d3e27000 	C:\Program Files\Microsoft\jdk-17.0.12.7-hotspot\bin\jli.dll
0x00007ff9fc8f0000 - 0x00007ff9fca9e000 	C:\WINDOWS\System32\USER32.dll
0x00007ff9fb490000 - 0x00007ff9fb4b6000 	C:\WINDOWS\System32\win32u.dll
0x00007ff9d7fc0000 - 0x00007ff9d8252000 	C:\WINDOWS\WinSxS\amd64_microsoft.windows.common-controls_6595b64144ccf1df_6.0.22621.4541_none_2710d1c57384c085\COMCTL32.dll
0x00007ff9fd5e0000 - 0x00007ff9fd609000 	C:\WINDOWS\System32\GDI32.dll
0x00007ff9fcdd0000 - 0x00007ff9fce77000 	C:\WINDOWS\System32\msvcrt.dll
0x00007ff9fb880000 - 0x00007ff9fb99b000 	C:\WINDOWS\System32\gdi32full.dll
0x00007ff9fbae0000 - 0x00007ff9fbb7a000 	C:\WINDOWS\System32\msvcp_win.dll
0x00007ff9fd3d0000 - 0x00007ff9fd401000 	C:\WINDOWS\System32\IMM32.DLL
0x00007ff9f6940000 - 0x00007ff9f694c000 	C:\Program Files\Microsoft\jdk-17.0.12.7-hotspot\bin\vcruntime140_1.dll
0x00007ff9a8680000 - 0x00007ff9a870d000 	C:\Program Files\Microsoft\jdk-17.0.12.7-hotspot\bin\msvcp140.dll
0x00007ff93b110000 - 0x00007ff93bd80000 	C:\Program Files\Microsoft\jdk-17.0.12.7-hotspot\bin\server\jvm.dll
0x00007ff9fda90000 - 0x00007ff9fdb42000 	C:\WINDOWS\System32\ADVAPI32.dll
0x00007ff9fd410000 - 0x00007ff9fd4b7000 	C:\WINDOWS\System32\sechost.dll
0x00007ff9fbb80000 - 0x00007ff9fbba8000 	C:\WINDOWS\System32\bcrypt.dll
0x00007ff9fc7d0000 - 0x00007ff9fc8e4000 	C:\WINDOWS\System32\RPCRT4.dll
0x00007ff9fcb10000 - 0x00007ff9fcb81000 	C:\WINDOWS\System32\WS2_32.dll
0x00007ff9faea0000 - 0x00007ff9faeed000 	C:\WINDOWS\SYSTEM32\POWRPROF.dll
0x00007ff9f1f90000 - 0x00007ff9f1f9a000 	C:\WINDOWS\SYSTEM32\VERSION.dll
0x00007ff9f8a30000 - 0x00007ff9f8a64000 	C:\WINDOWS\SYSTEM32\WINMM.dll
0x00007ff9fae80000 - 0x00007ff9fae93000 	C:\WINDOWS\SYSTEM32\UMPDC.dll
0x00007ff9fa190000 - 0x00007ff9fa1a8000 	C:\WINDOWS\SYSTEM32\kernel.appcore.dll
0x00007ff9f5030000 - 0x00007ff9f503a000 	C:\Program Files\Microsoft\jdk-17.0.12.7-hotspot\bin\jimage.dll
0x00007ff9f87b0000 - 0x00007ff9f89e2000 	C:\WINDOWS\SYSTEM32\DBGHELP.DLL
0x00007ff9fd610000 - 0x00007ff9fd99f000 	C:\WINDOWS\System32\combase.dll
0x00007ff9fc440000 - 0x00007ff9fc517000 	C:\WINDOWS\System32\OLEAUT32.dll
0x00007ff9f89f0000 - 0x00007ff9f8a22000 	C:\WINDOWS\SYSTEM32\dbgcore.DLL
0x00007ff9fb9a0000 - 0x00007ff9fba1b000 	C:\WINDOWS\System32\bcryptPrimitives.dll
0x00007ff9beae0000 - 0x00007ff9beaee000 	C:\Program Files\Microsoft\jdk-17.0.12.7-hotspot\bin\instrument.dll
0x00007ff9d3b90000 - 0x00007ff9d3bb5000 	C:\Program Files\Microsoft\jdk-17.0.12.7-hotspot\bin\java.dll
0x00007ff93e060000 - 0x00007ff93e137000 	C:\Program Files\Microsoft\jdk-17.0.12.7-hotspot\bin\jsvml.dll
0x00007ff9fbbb0000 - 0x00007ff9fc428000 	C:\WINDOWS\System32\SHELL32.dll
0x00007ff9f9070000 - 0x00007ff9f9978000 	C:\WINDOWS\SYSTEM32\windows.storage.dll
0x00007ff9f8f30000 - 0x00007ff9f906f000 	C:\WINDOWS\SYSTEM32\wintypes.dll
0x00007ff9fd4d0000 - 0x00007ff9fd5ca000 	C:\WINDOWS\System32\SHCORE.dll
0x00007ff9fc620000 - 0x00007ff9fc67e000 	C:\WINDOWS\System32\shlwapi.dll
0x00007ff9fb0b0000 - 0x00007ff9fb0db000 	C:\WINDOWS\SYSTEM32\profapi.dll
0x00007ff9beb00000 - 0x00007ff9beb18000 	C:\Program Files\Microsoft\jdk-17.0.12.7-hotspot\bin\zip.dll
0x00007ff9ca1d0000 - 0x00007ff9ca1ea000 	C:\Program Files\Microsoft\jdk-17.0.12.7-hotspot\bin\net.dll
0x00007ff9f5f20000 - 0x00007ff9f6056000 	C:\WINDOWS\SYSTEM32\WINHTTP.dll
0x00007ff9fa640000 - 0x00007ff9fa6a9000 	C:\WINDOWS\system32\mswsock.dll
0x00007ff9ca1b0000 - 0x00007ff9ca1c6000 	C:\Program Files\Microsoft\jdk-17.0.12.7-hotspot\bin\nio.dll
0x00007ff9d3af0000 - 0x00007ff9d3b00000 	C:\Program Files\Microsoft\jdk-17.0.12.7-hotspot\bin\verify.dll
0x00007ff9e9440000 - 0x00007ff9e9467000 	C:\Users\VASANTH\.gradle\native\c067742578af261105cb4f569cf0c3c89f3d7b1fecec35dd04571415982c5e48\windows-amd64\native-platform.dll
0x00007ff93dd70000 - 0x00007ff93deb4000 	C:\Users\VASANTH\.gradle\native\100fb08df4bc3b14c8652ba06237920a3bd2aa13389f12d3474272988ae205f9\windows-amd64\native-platform-file-events.dll
0x00007ff9cbb20000 - 0x00007ff9cbb2a000 	C:\Program Files\Microsoft\jdk-17.0.12.7-hotspot\bin\management.dll
0x00007ff9ca1a0000 - 0x00007ff9ca1ab000 	C:\Program Files\Microsoft\jdk-17.0.12.7-hotspot\bin\management_ext.dll
0x00007ff9fd5d0000 - 0x00007ff9fd5d8000 	C:\WINDOWS\System32\PSAPI.DLL
0x00007ff9fa890000 - 0x00007ff9fa8ab000 	C:\WINDOWS\SYSTEM32\CRYPTSP.dll
0x00007ff9fa0f0000 - 0x00007ff9fa125000 	C:\WINDOWS\system32\rsaenh.dll
0x00007ff9fa730000 - 0x00007ff9fa758000 	C:\WINDOWS\SYSTEM32\USERENV.dll
0x00007ff9fa8b0000 - 0x00007ff9fa8bc000 	C:\WINDOWS\SYSTEM32\CRYPTBASE.dll
0x00007ff9f9be0000 - 0x00007ff9f9c0d000 	C:\WINDOWS\SYSTEM32\IPHLPAPI.DLL
0x00007ff9fd4c0000 - 0x00007ff9fd4c9000 	C:\WINDOWS\System32\NSI.dll
0x00007ff9f5f00000 - 0x00007ff9f5f19000 	C:\WINDOWS\SYSTEM32\dhcpcsvc6.DLL
0x00007ff9f5ee0000 - 0x00007ff9f5eff000 	C:\WINDOWS\SYSTEM32\dhcpcsvc.DLL
0x00007ff9f9c50000 - 0x00007ff9f9d52000 	C:\WINDOWS\SYSTEM32\DNSAPI.dll
0x00007ff9beda0000 - 0x00007ff9beda9000 	C:\Program Files\Microsoft\jdk-17.0.12.7-hotspot\bin\extnet.dll
0x00007ff9bead0000 - 0x00007ff9beade000 	C:\Program Files\Microsoft\jdk-17.0.12.7-hotspot\bin\sunmscapi.dll
0x00007ff9fb200000 - 0x00007ff9fb366000 	C:\WINDOWS\System32\CRYPT32.dll
0x00007ff9faa30000 - 0x00007ff9faa5d000 	C:\WINDOWS\SYSTEM32\ncrypt.dll
0x00007ff9fa9f0000 - 0x00007ff9faa27000 	C:\WINDOWS\SYSTEM32\NTASN1.dll
0x00007ff9c2320000 - 0x00007ff9c2328000 	C:\WINDOWS\system32\wshunix.dll
0x00007ff9d5c10000 - 0x00007ff9d5c27000 	C:\WINDOWS\system32\napinsp.dll
0x00007ff9d4600000 - 0x00007ff9d461b000 	C:\WINDOWS\system32\pnrpnsp.dll
0x00007ff9d45e0000 - 0x00007ff9d45f1000 	C:\WINDOWS\System32\winrnr.dll
0x00007ff9f4e70000 - 0x00007ff9f4e85000 	C:\WINDOWS\system32\wshbth.dll
0x00007ff9d4030000 - 0x00007ff9d4057000 	C:\WINDOWS\system32\nlansp_c.dll
0x00007ff9eb590000 - 0x00007ff9eb59a000 	C:\Windows\System32\rasadhlp.dll
0x00007ff9f4de0000 - 0x00007ff9f4e63000 	C:\WINDOWS\System32\fwpuclnt.dll

dbghelp: loaded successfully - version: 4.0.5 - missing functions: none
symbol engine: initialized successfully - sym options: 0x614 - pdb path: .;C:\Program Files\Microsoft\jdk-17.0.12.7-hotspot\bin;C:\WINDOWS\SYSTEM32;C:\WINDOWS\WinSxS\amd64_microsoft.windows.common-controls_6595b64144ccf1df_6.0.22621.4541_none_2710d1c57384c085;C:\Program Files\Microsoft\jdk-17.0.12.7-hotspot\bin\server;C:\Users\VASANTH\.gradle\native\c067742578af261105cb4f569cf0c3c89f3d7b1fecec35dd04571415982c5e48\windows-amd64;C:\Users\VASANTH\.gradle\native\100fb08df4bc3b14c8652ba06237920a3bd2aa13389f12d3474272988ae205f9\windows-amd64

VM Arguments:
jvm_args: -XX:MaxMetaspaceSize=512m --add-opens=java.base/java.util=ALL-UNNAMED --add-opens=java.base/java.lang=ALL-UNNAMED --add-opens=java.base/java.lang.invoke=ALL-UNNAMED --add-opens=java.prefs/java.util.prefs=ALL-UNNAMED --add-exports=jdk.compiler/com.sun.tools.javac.api=ALL-UNNAMED --add-exports=jdk.compiler/com.sun.tools.javac.util=ALL-UNNAMED --add-opens=java.base/java.nio.charset=ALL-UNNAMED --add-opens=java.base/java.net=ALL-UNNAMED --add-opens=java.base/java.util.concurrent.atomic=ALL-UNNAMED -Xmx2048m -Dfile.encoding=utf8 -Duser.country=IN -Duser.language=en -Duser.variant -javaagent:C:\Users\VASANTH\.gradle\wrapper\dists\gradle-8.10.2-all\7iv73wktx1xtkvlq19urqw1wm\gradle-8.10.2\lib\agents\gradle-instrumentation-agent-8.10.2.jar 
java_command: org.gradle.launcher.daemon.bootstrap.GradleDaemon 8.10.2
java_class_path (initial): C:\Users\VASANTH\.gradle\wrapper\dists\gradle-8.10.2-all\7iv73wktx1xtkvlq19urqw1wm\gradle-8.10.2\lib\gradle-daemon-main-8.10.2.jar
Launcher Type: SUN_STANDARD

[Global flags]
     intx CICompilerCount                          = 4                                         {product} {ergonomic}
   size_t CompressedClassSpaceSize                 = 436207616                                 {product} {ergonomic}
     uint ConcGCThreads                            = 3                                         {product} {ergonomic}
     uint G1ConcRefinementThreads                  = 10                                        {product} {ergonomic}
   size_t G1HeapRegionSize                         = 1048576                                   {product} {ergonomic}
    uintx GCDrainStackTargetSize                   = 64                                        {product} {ergonomic}
   size_t InitialHeapSize                          = 98566144                                  {product} {ergonomic}
   size_t MarkStackSize                            = 4194304                                   {product} {ergonomic}
   size_t MaxHeapSize                              = 2147483648                                {product} {command line}
   size_t MaxMetaspaceSize                         = 536870912                                 {product} {command line}
   size_t MaxNewSize                               = 1287651328                                {product} {ergonomic}
   size_t MinHeapDeltaBytes                        = 1048576                                   {product} {ergonomic}
   size_t MinHeapSize                              = 8388608                                   {product} {ergonomic}
    uintx NonNMethodCodeHeapSize                   = 5839372                                {pd product} {ergonomic}
    uintx NonProfiledCodeHeapSize                  = 122909434                              {pd product} {ergonomic}
    uintx ProfiledCodeHeapSize                     = 122909434                              {pd product} {ergonomic}
    uintx ReservedCodeCacheSize                    = 251658240                              {pd product} {ergonomic}
     bool SegmentedCodeCache                       = true                                      {product} {ergonomic}
   size_t SoftMaxHeapSize                          = 2147483648                             {manageable} {ergonomic}
     bool UseCompressedClassPointers               = true                           {product lp64_product} {ergonomic}
     bool UseCompressedOops                        = true                           {product lp64_product} {ergonomic}
     bool UseG1GC                                  = true                                      {product} {ergonomic}
     bool UseLargePagesIndividualAllocation        = false                                  {pd product} {ergonomic}

Logging:
Log output configuration:
 #0: stdout all=warning uptime,level,tags
 #1: stderr all=off uptime,level,tags

Environment Variables:
JAVA_HOME=C:\Program Files\Microsoft\jdk-17.0.12.7-hotspot\
PATH=C:\Users\VASANTH\Downloads\FreshStart\FreashStart\node_modules\.bin;C:\Users\VASANTH\Downloads\FreshStart\node_modules\.bin;C:\Users\VASANTH\Downloads\node_modules\.bin;C:\Users\VASANTH\node_modules\.bin;C:\Users\node_modules\.bin;C:\node_modules\.bin;C:\Users\VASANTH\AppData\Roaming\npm\node_modules\npm\node_modules\@npmcli\run-script\lib\node-gyp-bin;C:\Program Files\Microsoft\jdk-17.0.12.7-hotspot\bin;C:\Program Files\Common Files\Oracle\Java\javapath;C:\WINDOWS\system32;C:\WINDOWS;C:\WINDOWS\System32\Wbem;C:\WINDOWS\System32\WindowsPowerShell\v1.0\;C:\WINDOWS\System32\OpenSSH\;C:\Program Files\Docker\Docker\resources\bin;C:\Program Files\Java\jdk-20\bin;C:\Program Files\Go\bin;C:\Program Files\dotnet\;C:\Program Files\Git\cmd;C:\ProgramData\chocolatey\bin;C:\Program Files\nodejs\;C:\Program Files\Microsoft SQL Server\Client SDK\ODBC\130\Tools\Binn\;C:\Program Files (x86)\Microsoft SQL Server\140\Tools\Binn\;C:\Program Files\Microsoft SQL Server\140\Tools\Binn\;C:\Program Files\Microsoft SQL Server\140\DTS\Binn\;C:\Program Files (x86)\Microsoft SQL Server\160\Tools\Binn\;C:\Program Files\Microsoft SQL Server\160\Tools\Binn\;C:\Program Files\Microsoft SQL Server\Client SDK\ODBC\170\Tools\Binn\;C:\Program Files\Microsoft SQL Server\160\DTS\Binn\;C:\Program Files\Microsoft SQL Server\150\Tools\Binn\;C:\Program Files (x86)\Microsoft SQL Server\160\DTS\Binn\;C:\Users\VASANTH\AppData\Local\Android\Sdk\platform-tools;C:\Users\VASANTH\AppData\Local\Programs\Microsoft VS Code\bin;C:\Users\VASANTH\AppData\Local\Programs\Python\Python311\;C:\Users\VASANTH\AppData\Local\Programs\Python\Python311\Scripts\;C:\Users\VASANTH\AppData\Local\Microsoft\WindowsApps;C:\mongosh\bin\;C:\MinGW\bin;C:\Program Files\JetBrains\IntelliJ IDEA 2023.3.4\bin;;C:\Users\VASANTH\go\bin;C:\Program Files\MongoDB\Server\7.0\bin;C:\Program Files\MongoDB\shell\mongosh-2.2.3-win32-x64\bin;C:\Program Files\JetBrains\IntelliJ IDEA Community Edition 2024.1\bin;;C:\Users\VASANTH\AppData\Roaming\npm;C:\User
USERNAME=VASANTH
LANG=en_US.UTF-8
OS=Windows_NT
PROCESSOR_IDENTIFIER=AMD64 Family 23 Model 104 Stepping 1, AuthenticAMD
TMP=C:\Users\VASANTH\AppData\Local\Temp
TEMP=C:\Users\VASANTH\AppData\Local\Temp



Periodic native trim disabled


---------------  S Y S T E M  ---------------

OS:
 Windows 11 , 64 bit Build 22621 (10.0.22621.4391)
OS uptime: 0 days 8:59 hours
Hyper-V role detected

CPU: total 12 (initial active 12) (12 cores per cpu, 2 threads per core) family 23 model 104 stepping 1 microcode 0x0, cx8, cmov, fxsr, ht, mmx, 3dnowpref, sse, sse2, sse3, ssse3, sse4a, sse4.1, sse4.2, popcnt, lzcnt, tsc, tscinvbit, avx, avx2, aes, clmul, bmi1, bmi2, adx, sha, fma, vzeroupper, clflush, clflushopt, hv
Processor Information for the first 12 processors :
  Max Mhz: 2100, Current Mhz: 2100, Mhz Limit: 2100

Memory: 4k page, system-wide physical 6005M (114M free)
TotalPageFile size 24437M (AvailPageFile size 138M)
current process WorkingSet (physical memory assigned to process): 192M, peak: 342M
current process commit charge ("private bytes"): 425M, peak: 433M

vm_info: OpenJDK 64-Bit Server VM (17.0.12+7-LTS) for windows-amd64 JRE (17.0.12+7-LTS), built on Jul 16 2024 18:11:44 by "MicrosoftCorporation" with unknown MS VC++:1939

END.
