#
# There is insufficient memory for the Java Runtime Environment to continue.
# Native memory allocation (malloc) failed to allocate 1046336 bytes. Error detail: Chunk::new
# Possible reasons:
#   The system is out of physical RAM or swap space
#   This process is running with CompressedOops enabled, and the Java Heap may be blocking the growth of the native heap
# Possible solutions:
#   Reduce memory load on the system
#   Increase physical memory or swap space
#   Check if swap backing store is full
#   Decrease Java heap size (-Xmx/-Xms)
#   Decrease number of Java threads
#   Decrease Java thread stack sizes (-Xss)
#   Set larger code cache with -XX:ReservedCodeCacheSize=
#   JVM is running with Unscaled Compressed Oops mode in which the Java heap is
#     placed in the first 4GB address space. The Java Heap base address is the
#     maximum limit for the native heap growth. Please use -XX:HeapBaseMinAddress
#     to set the Java Heap base and to place the Java Heap above 4GB virtual address.
# This output file may be truncated or incomplete.
#
#  Out of Memory Error (arena.cpp:191), pid=18988, tid=29252
#
# JRE version: OpenJDK Runtime Environment Microsoft-9889599 (17.0.12+7) (build 17.0.12+7-LTS)
# Java VM: OpenJDK 64-Bit Server VM Microsoft-9889599 (17.0.12+7-LTS, mixed mode, sharing, tiered, compressed oops, compressed class ptrs, g1 gc, windows-amd64)
# No core dump will be written. Minidumps are not enabled by default on client versions of Windows
#

---------------  S U M M A R Y ------------

Command Line: org.jetbrains.kotlin.cli.jvm.K2JVMCompiler @C:\Users\VASANTH\Downloads\FreshStart\FreashStart\node_modules\react-native-screens\android\build\20250109_12431714325741589308.compiler.options

Host: AMD Ryzen 5 5500U with Radeon Graphics         , 12 cores, 5G,  Windows 11 , 64 bit Build 22621 (10.0.22621.4391)
Time: Thu Jan  9 13:09:33 2025 India Standard Time elapsed time: 157.001111 seconds (0d 0h 2m 37s)

---------------  T H R E A D  ---------------

Current thread (0x0000021cc0cdab30):  JavaThread "C2 CompilerThread0" daemon [_thread_in_native, id=29252, stack(0x000000cbfe900000,0x000000cbfea00000)]


Current CompileTask:
C2: 157002 16186       4       java.lang.ClassLoader::loadClass (7 bytes)

Stack: [0x000000cbfe900000,0x000000cbfea00000]
Native frames: (J=compiled Java code, j=interpreted, Vv=VM code, C=native code)
V  [jvm.dll+0x686d99]
V  [jvm.dll+0x83daf8]
V  [jvm.dll+0x83f5a3]
V  [jvm.dll+0x83fc13]
V  [jvm.dll+0x2492ef]
V  [jvm.dll+0xad0a4]
V  [jvm.dll+0xad73c]
V  [jvm.dll+0x2b09af]
V  [jvm.dll+0x58d829]
V  [jvm.dll+0x223592]
V  [jvm.dll+0x22398f]
V  [jvm.dll+0x21c740]
V  [jvm.dll+0x21986b]
V  [jvm.dll+0x1a53e6]
V  [jvm.dll+0x229faa]
V  [jvm.dll+0x2280fb]
V  [jvm.dll+0x7f3508]
V  [jvm.dll+0x7ed87c]
V  [jvm.dll+0x685c77]
C  [ucrtbase.dll+0x29333]
C  [KERNEL32.DLL+0x1259d]
C  [ntdll.dll+0x5af38]


---------------  P R O C E S S  ---------------

Threads class SMR info:
_java_thread_list=0x0000021d07ce1ef0, length=12, elements={
0x0000021ca385e250, 0x0000021cc0cc13c0, 0x0000021cc0cc2240, 0x0000021cc0cd5f40,
0x0000021cc0cd8a10, 0x0000021cc0cd93d0, 0x0000021cc0cd9d90, 0x0000021cc0cdab30,
0x0000021cc0cdb5e0, 0x0000021cc0ce0000, 0x0000021d060c6fd0, 0x0000021d060c9d20
}

Java Threads: ( => current thread )
  0x0000021ca385e250 JavaThread "main" [_thread_in_vm, id=16804, stack(0x000000cbfdc00000,0x000000cbfdd00000)]
  0x0000021cc0cc13c0 JavaThread "Reference Handler" daemon [_thread_blocked, id=24780, stack(0x000000cbfe300000,0x000000cbfe400000)]
  0x0000021cc0cc2240 JavaThread "Finalizer" daemon [_thread_blocked, id=29020, stack(0x000000cbfe400000,0x000000cbfe500000)]
  0x0000021cc0cd5f40 JavaThread "Signal Dispatcher" daemon [_thread_blocked, id=23812, stack(0x000000cbfe500000,0x000000cbfe600000)]
  0x0000021cc0cd8a10 JavaThread "Attach Listener" daemon [_thread_blocked, id=4540, stack(0x000000cbfe600000,0x000000cbfe700000)]
  0x0000021cc0cd93d0 JavaThread "Service Thread" daemon [_thread_blocked, id=28088, stack(0x000000cbfe700000,0x000000cbfe800000)]
  0x0000021cc0cd9d90 JavaThread "Monitor Deflation Thread" daemon [_thread_blocked, id=15436, stack(0x000000cbfe800000,0x000000cbfe900000)]
=>0x0000021cc0cdab30 JavaThread "C2 CompilerThread0" daemon [_thread_in_native, id=29252, stack(0x000000cbfe900000,0x000000cbfea00000)]
  0x0000021cc0cdb5e0 JavaThread "C1 CompilerThread0" daemon [_thread_blocked, id=2328, stack(0x000000cbfea00000,0x000000cbfeb00000)]
  0x0000021cc0ce0000 JavaThread "Sweeper thread" daemon [_thread_blocked, id=22888, stack(0x000000cbfeb00000,0x000000cbfec00000)]
  0x0000021d060c6fd0 JavaThread "Notification Thread" daemon [_thread_blocked, id=10572, stack(0x000000cbfec00000,0x000000cbfed00000)]
  0x0000021d060c9d20 JavaThread "Common-Cleaner" daemon [_thread_blocked, id=6312, stack(0x000000cbfee00000,0x000000cbfef00000)]

Other Threads:
  0x0000021cc0cbbf70 VMThread "VM Thread" [stack: 0x000000cbfe200000,0x000000cbfe300000] [id=28684]
  0x0000021d060c98d0 WatcherThread [stack: 0x000000cbfed00000,0x000000cbfee00000] [id=6488]
  0x0000021ca38a9c70 GCTaskThread "GC Thread#0" [stack: 0x000000cbfdd00000,0x000000cbfde00000] [id=12896]
  0x0000021d06598d60 GCTaskThread "GC Thread#1" [stack: 0x000000cbfef00000,0x000000cbff000000] [id=7368]
  0x0000021d065b9ba0 GCTaskThread "GC Thread#2" [stack: 0x000000cbff000000,0x000000cbff100000] [id=9276]
  0x0000021d0664f020 GCTaskThread "GC Thread#3" [stack: 0x000000cbff100000,0x000000cbff200000] [id=12336]
  0x0000021d0664f2e0 GCTaskThread "GC Thread#4" [stack: 0x000000cbff200000,0x000000cbff300000] [id=23956]
  0x0000021d0664f5a0 GCTaskThread "GC Thread#5" [stack: 0x000000cbff300000,0x000000cbff400000] [id=7424]
  0x0000021d06cc1590 GCTaskThread "GC Thread#6" [stack: 0x000000cbff400000,0x000000cbff500000] [id=17476]
  0x0000021d06c0c8d0 GCTaskThread "GC Thread#7" [stack: 0x000000cbff500000,0x000000cbff600000] [id=10456]
  0x0000021d06c0cb90 GCTaskThread "GC Thread#8" [stack: 0x000000cbff600000,0x000000cbff700000] [id=17048]
  0x0000021d0675b140 GCTaskThread "GC Thread#9" [stack: 0x000000cbff700000,0x000000cbff800000] [id=29028]
  0x0000021ca38b7790 ConcurrentGCThread "G1 Main Marker" [stack: 0x000000cbfde00000,0x000000cbfdf00000] [id=29628]
  0x0000021ca38b81b0 ConcurrentGCThread "G1 Conc#0" [stack: 0x000000cbfdf00000,0x000000cbfe000000] [id=15060]
  0x0000021d06759880 ConcurrentGCThread "G1 Conc#1" [stack: 0x000000cbff800000,0x000000cbff900000] [id=16688]
  0x0000021d06759b40 ConcurrentGCThread "G1 Conc#2" [stack: 0x000000cbff900000,0x000000cbffa00000] [id=2136]
  0x0000021cc0b7a4e0 ConcurrentGCThread "G1 Refine#0" [stack: 0x000000cbfe000000,0x000000cbfe100000] [id=3008]
  0x0000021d0825f730 ConcurrentGCThread "G1 Refine#1" [stack: 0x000000cbfdb00000,0x000000cbfdc00000] [id=26048]
  0x0000021d0825cb20 ConcurrentGCThread "G1 Refine#2" [stack: 0x000000cbffa00000,0x000000cbffb00000] [id=24436]
  0x0000021cc0b7af10 ConcurrentGCThread "G1 Service" [stack: 0x000000cbfe100000,0x000000cbfe200000] [id=26944]

Threads with active compile tasks:
C2 CompilerThread0   157234 16186       4       java.lang.ClassLoader::loadClass (7 bytes)
C1 CompilerThread0   157234 16210       3       org.jetbrains.kotlin.diagnostics.rendering.DiagnosticFactoryToRendererMap::put (41 bytes)

VM state: not at safepoint (normal execution)

VM Mutex/Monitor currently owned by a thread: None

Heap address: 0x00000000a2200000, size: 1502 MB, Compressed Oops mode: 32-bit

CDS archive(s) mapped at: [0x0000021cc1000000-0x0000021cc1bb0000-0x0000021cc1bb0000), size 12255232, SharedBaseAddress: 0x0000021cc1000000, ArchiveRelocationMode: 1.
Compressed class space mapped at: 0x0000021cc2000000-0x0000021d02000000, reserved size: 1073741824
Narrow klass base: 0x0000021cc1000000, Narrow klass shift: 0, Narrow klass range: 0x100000000

GC Precious Log:
 CPUs: 12 total, 12 available
 Memory: 6005M
 Large Page Support: Disabled
 NUMA Support: Disabled
 Compressed Oops: Enabled (32-bit)
 Heap Region Size: 1M
 Heap Min Capacity: 8M
 Heap Initial Capacity: 94M
 Heap Max Capacity: 1502M
 Pre-touch: Disabled
 Parallel Workers: 10
 Concurrent Workers: 3
 Concurrent Refinement Workers: 10
 Periodic GC: Disabled

Heap:
 garbage-first heap   total 183296K, used 125286K [0x00000000a2200000, 0x0000000100000000)
  region size 1024K, 20 young (20480K), 4 survivors (4096K)
 Metaspace       used 59183K, committed 59456K, reserved 1114112K
  class space    used 6451K, committed 6592K, reserved 1048576K

Heap Regions: E=young(eden), S=young(survivor), O=old, HS=humongous(starts), HC=humongous(continues), CS=collection set, F=free, OA=open archive, CA=closed archive, TAMS=top-at-mark-start (previous, next)
|   0|0x00000000a2200000, 0x00000000a2300000, 0x00000000a2300000|100%|HS|  |TAMS 0x00000000a2300000, 0x00000000a2200000| Complete 
|   1|0x00000000a2300000, 0x00000000a2400000, 0x00000000a2400000|100%|HC|  |TAMS 0x00000000a2400000, 0x00000000a2300000| Complete 
|   2|0x00000000a2400000, 0x00000000a2500000, 0x00000000a2500000|100%|HC|  |TAMS 0x00000000a2500000, 0x00000000a2400000| Complete 
|   3|0x00000000a2500000, 0x00000000a2600000, 0x00000000a2600000|100%|HC|  |TAMS 0x00000000a2600000, 0x00000000a2500000| Complete 
|   4|0x00000000a2600000, 0x00000000a2700000, 0x00000000a2700000|100%| O|  |TAMS 0x00000000a2700000, 0x00000000a2600000| Untracked 
|   5|0x00000000a2700000, 0x00000000a2800000, 0x00000000a2800000|100%| O|  |TAMS 0x00000000a2800000, 0x00000000a2700000| Untracked 
|   6|0x00000000a2800000, 0x00000000a2900000, 0x00000000a2900000|100%| O|  |TAMS 0x00000000a2900000, 0x00000000a2800000| Untracked 
|   7|0x00000000a2900000, 0x00000000a2a00000, 0x00000000a2a00000|100%| O|  |TAMS 0x00000000a2a00000, 0x00000000a2900000| Untracked 
|   8|0x00000000a2a00000, 0x00000000a2b00000, 0x00000000a2b00000|100%| O|  |TAMS 0x00000000a2b00000, 0x00000000a2a00000| Untracked 
|   9|0x00000000a2b00000, 0x00000000a2c00000, 0x00000000a2c00000|100%| O|  |TAMS 0x00000000a2c00000, 0x00000000a2b00000| Untracked 
|  10|0x00000000a2c00000, 0x00000000a2d00000, 0x00000000a2d00000|100%| O|  |TAMS 0x00000000a2d00000, 0x00000000a2c00000| Untracked 
|  11|0x00000000a2d00000, 0x00000000a2e00000, 0x00000000a2e00000|100%| O|  |TAMS 0x00000000a2e00000, 0x00000000a2d00000| Untracked 
|  12|0x00000000a2e00000, 0x00000000a2f00000, 0x00000000a2f00000|100%| O|  |TAMS 0x00000000a2f00000, 0x00000000a2e00000| Untracked 
|  13|0x00000000a2f00000, 0x00000000a3000000, 0x00000000a3000000|100%| O|  |TAMS 0x00000000a3000000, 0x00000000a2f00000| Untracked 
|  14|0x00000000a3000000, 0x00000000a3100000, 0x00000000a3100000|100%| O|  |TAMS 0x00000000a3100000, 0x00000000a3000000| Untracked 
|  15|0x00000000a3100000, 0x00000000a3200000, 0x00000000a3200000|100%| O|  |TAMS 0x00000000a3200000, 0x00000000a3100000| Untracked 
|  16|0x00000000a3200000, 0x00000000a3300000, 0x00000000a3300000|100%| O|  |TAMS 0x00000000a3300000, 0x00000000a3200000| Untracked 
|  17|0x00000000a3300000, 0x00000000a3400000, 0x00000000a3400000|100%| O|  |TAMS 0x00000000a3400000, 0x00000000a3300000| Untracked 
|  18|0x00000000a3400000, 0x00000000a3500000, 0x00000000a3500000|100%| O|  |TAMS 0x00000000a3500000, 0x00000000a3400000| Untracked 
|  19|0x00000000a3500000, 0x00000000a3600000, 0x00000000a3600000|100%|HS|  |TAMS 0x00000000a3600000, 0x00000000a3500000| Complete 
|  20|0x00000000a3600000, 0x00000000a3700000, 0x00000000a3700000|100%|HC|  |TAMS 0x00000000a3700000, 0x00000000a3600000| Complete 
|  21|0x00000000a3700000, 0x00000000a3800000, 0x00000000a3800000|100%| O|  |TAMS 0x00000000a3800000, 0x00000000a3700000| Untracked 
|  22|0x00000000a3800000, 0x00000000a3900000, 0x00000000a3900000|100%| O|  |TAMS 0x00000000a3900000, 0x00000000a3800000| Untracked 
|  23|0x00000000a3900000, 0x00000000a3a00000, 0x00000000a3a00000|100%| O|  |TAMS 0x00000000a3a00000, 0x00000000a3900000| Untracked 
|  24|0x00000000a3a00000, 0x00000000a3b00000, 0x00000000a3b00000|100%| O|  |TAMS 0x00000000a3b00000, 0x00000000a3a00000| Untracked 
|  25|0x00000000a3b00000, 0x00000000a3c00000, 0x00000000a3c00000|100%| O|  |TAMS 0x00000000a3c00000, 0x00000000a3b00000| Untracked 
|  26|0x00000000a3c00000, 0x00000000a3d00000, 0x00000000a3d00000|100%| O|  |TAMS 0x00000000a3d00000, 0x00000000a3c00000| Untracked 
|  27|0x00000000a3d00000, 0x00000000a3e00000, 0x00000000a3e00000|100%| O|  |TAMS 0x00000000a3e00000, 0x00000000a3d00000| Untracked 
|  28|0x00000000a3e00000, 0x00000000a3f00000, 0x00000000a3f00000|100%| O|  |TAMS 0x00000000a3f00000, 0x00000000a3e00000| Untracked 
|  29|0x00000000a3f00000, 0x00000000a4000000, 0x00000000a4000000|100%| O|  |TAMS 0x00000000a3f00000, 0x00000000a3f00000| Untracked 
|  30|0x00000000a4000000, 0x00000000a4100000, 0x00000000a4100000|100%| O|  |TAMS 0x00000000a4100000, 0x00000000a4000000| Untracked 
|  31|0x00000000a4100000, 0x00000000a4200000, 0x00000000a4200000|100%| O|  |TAMS 0x00000000a4200000, 0x00000000a4100000| Untracked 
|  32|0x00000000a4200000, 0x00000000a4300000, 0x00000000a4300000|100%| O|  |TAMS 0x00000000a4300000, 0x00000000a4200000| Untracked 
|  33|0x00000000a4300000, 0x00000000a4400000, 0x00000000a4400000|100%| O|  |TAMS 0x00000000a4400000, 0x00000000a4300000| Untracked 
|  34|0x00000000a4400000, 0x00000000a4500000, 0x00000000a4500000|100%| O|  |TAMS 0x00000000a4500000, 0x00000000a4400000| Untracked 
|  35|0x00000000a4500000, 0x00000000a4600000, 0x00000000a4600000|100%| O|  |TAMS 0x00000000a4600000, 0x00000000a4500000| Untracked 
|  36|0x00000000a4600000, 0x00000000a4700000, 0x00000000a4700000|100%| O|  |TAMS 0x00000000a4700000, 0x00000000a4600000| Untracked 
|  37|0x00000000a4700000, 0x00000000a4800000, 0x00000000a4800000|100%| O|  |TAMS 0x00000000a4800000, 0x00000000a4700000| Untracked 
|  38|0x00000000a4800000, 0x00000000a4900000, 0x00000000a4900000|100%| O|  |TAMS 0x00000000a4900000, 0x00000000a4800000| Untracked 
|  39|0x00000000a4900000, 0x00000000a4a00000, 0x00000000a4a00000|100%| O|  |TAMS 0x00000000a4a00000, 0x00000000a4900000| Untracked 
|  40|0x00000000a4a00000, 0x00000000a4b00000, 0x00000000a4b00000|100%| O|  |TAMS 0x00000000a4b00000, 0x00000000a4a00000| Untracked 
|  41|0x00000000a4b00000, 0x00000000a4c00000, 0x00000000a4c00000|100%| O|  |TAMS 0x00000000a4c00000, 0x00000000a4b00000| Untracked 
|  42|0x00000000a4c00000, 0x00000000a4d00000, 0x00000000a4d00000|100%| O|  |TAMS 0x00000000a4d00000, 0x00000000a4c00000| Untracked 
|  43|0x00000000a4d00000, 0x00000000a4e00000, 0x00000000a4e00000|100%| O|  |TAMS 0x00000000a4e00000, 0x00000000a4d00000| Untracked 
|  44|0x00000000a4e00000, 0x00000000a4f00000, 0x00000000a4f00000|100%| O|  |TAMS 0x00000000a4f00000, 0x00000000a4e00000| Untracked 
|  45|0x00000000a4f00000, 0x00000000a5000000, 0x00000000a5000000|100%| O|  |TAMS 0x00000000a5000000, 0x00000000a4f00000| Untracked 
|  46|0x00000000a5000000, 0x00000000a5100000, 0x00000000a5100000|100%| O|  |TAMS 0x00000000a5000000, 0x00000000a5000000| Untracked 
|  47|0x00000000a5100000, 0x00000000a5200000, 0x00000000a5200000|100%| O|  |TAMS 0x00000000a5200000, 0x00000000a5100000| Untracked 
|  48|0x00000000a5200000, 0x00000000a5300000, 0x00000000a5300000|100%| O|  |TAMS 0x00000000a5300000, 0x00000000a5200000| Untracked 
|  49|0x00000000a5300000, 0x00000000a5400000, 0x00000000a5400000|100%| O|  |TAMS 0x00000000a5400000, 0x00000000a5300000| Untracked 
|  50|0x00000000a5400000, 0x00000000a5500000, 0x00000000a5500000|100%| O|  |TAMS 0x00000000a5500000, 0x00000000a5400000| Untracked 
|  51|0x00000000a5500000, 0x00000000a5600000, 0x00000000a5600000|100%| O|  |TAMS 0x00000000a5595800, 0x00000000a5500000| Untracked 
|  52|0x00000000a5600000, 0x00000000a5700000, 0x00000000a5700000|100%| O|  |TAMS 0x00000000a5600000, 0x00000000a5600000| Untracked 
|  53|0x00000000a5700000, 0x00000000a5800000, 0x00000000a5800000|100%| O|  |TAMS 0x00000000a5700000, 0x00000000a5700000| Untracked 
|  54|0x00000000a5800000, 0x00000000a5900000, 0x00000000a5900000|100%| O|  |TAMS 0x00000000a5800000, 0x00000000a5800000| Untracked 
|  55|0x00000000a5900000, 0x00000000a5a00000, 0x00000000a5a00000|100%| O|  |TAMS 0x00000000a5900000, 0x00000000a5900000| Untracked 
|  56|0x00000000a5a00000, 0x00000000a5b00000, 0x00000000a5b00000|100%| O|  |TAMS 0x00000000a5a00000, 0x00000000a5a00000| Untracked 
|  57|0x00000000a5b00000, 0x00000000a5c00000, 0x00000000a5c00000|100%| O|  |TAMS 0x00000000a5b00000, 0x00000000a5b00000| Untracked 
|  58|0x00000000a5c00000, 0x00000000a5d00000, 0x00000000a5d00000|100%| O|  |TAMS 0x00000000a5c00000, 0x00000000a5c00000| Untracked 
|  59|0x00000000a5d00000, 0x00000000a5e00000, 0x00000000a5e00000|100%| O|  |TAMS 0x00000000a5d00000, 0x00000000a5d00000| Untracked 
|  60|0x00000000a5e00000, 0x00000000a5f00000, 0x00000000a5f00000|100%| O|  |TAMS 0x00000000a5e00000, 0x00000000a5e00000| Untracked 
|  61|0x00000000a5f00000, 0x00000000a6000000, 0x00000000a6000000|100%| O|  |TAMS 0x00000000a5f00000, 0x00000000a5f00000| Untracked 
|  62|0x00000000a6000000, 0x00000000a6100000, 0x00000000a6100000|100%| O|  |TAMS 0x00000000a6000000, 0x00000000a6000000| Untracked 
|  63|0x00000000a6100000, 0x00000000a6200000, 0x00000000a6200000|100%| O|  |TAMS 0x00000000a6100000, 0x00000000a6100000| Untracked 
|  64|0x00000000a6200000, 0x00000000a6300000, 0x00000000a6300000|100%| O|  |TAMS 0x00000000a6200000, 0x00000000a6200000| Untracked 
|  65|0x00000000a6300000, 0x00000000a6400000, 0x00000000a6400000|100%| O|  |TAMS 0x00000000a6300000, 0x00000000a6300000| Untracked 
|  66|0x00000000a6400000, 0x00000000a6500000, 0x00000000a6500000|100%| O|  |TAMS 0x00000000a6400000, 0x00000000a6400000| Untracked 
|  67|0x00000000a6500000, 0x00000000a6600000, 0x00000000a6600000|100%| O|  |TAMS 0x00000000a6500000, 0x00000000a6500000| Untracked 
|  68|0x00000000a6600000, 0x00000000a6700000, 0x00000000a6700000|100%|HS|  |TAMS 0x00000000a6600000, 0x00000000a6600000| Complete 
|  69|0x00000000a6700000, 0x00000000a6800000, 0x00000000a6800000|100%|HC|  |TAMS 0x00000000a6700000, 0x00000000a6700000| Complete 
|  70|0x00000000a6800000, 0x00000000a6900000, 0x00000000a6900000|100%| O|  |TAMS 0x00000000a6800000, 0x00000000a6800000| Untracked 
|  71|0x00000000a6900000, 0x00000000a6a00000, 0x00000000a6a00000|100%| O|  |TAMS 0x00000000a6900000, 0x00000000a6900000| Untracked 
|  72|0x00000000a6a00000, 0x00000000a6b00000, 0x00000000a6b00000|100%| O|  |TAMS 0x00000000a6a00000, 0x00000000a6a00000| Untracked 
|  73|0x00000000a6b00000, 0x00000000a6c00000, 0x00000000a6c00000|100%| O|  |TAMS 0x00000000a6b00000, 0x00000000a6b00000| Untracked 
|  74|0x00000000a6c00000, 0x00000000a6d00000, 0x00000000a6d00000|100%| O|  |TAMS 0x00000000a6c00000, 0x00000000a6c00000| Untracked 
|  75|0x00000000a6d00000, 0x00000000a6e00000, 0x00000000a6e00000|100%| O|  |TAMS 0x00000000a6d00000, 0x00000000a6d00000| Untracked 
|  76|0x00000000a6e00000, 0x00000000a6f00000, 0x00000000a6f00000|100%| O|  |TAMS 0x00000000a6e00000, 0x00000000a6e00000| Untracked 
|  77|0x00000000a6f00000, 0x00000000a7000000, 0x00000000a7000000|100%| O|  |TAMS 0x00000000a6f00000, 0x00000000a6f00000| Untracked 
|  78|0x00000000a7000000, 0x00000000a7100000, 0x00000000a7100000|100%| O|  |TAMS 0x00000000a7000000, 0x00000000a7000000| Untracked 
|  79|0x00000000a7100000, 0x00000000a7200000, 0x00000000a7200000|100%| O|  |TAMS 0x00000000a7100000, 0x00000000a7100000| Untracked 
|  80|0x00000000a7200000, 0x00000000a7300000, 0x00000000a7300000|100%| O|  |TAMS 0x00000000a7200000, 0x00000000a7200000| Untracked 
|  81|0x00000000a7300000, 0x00000000a7400000, 0x00000000a7400000|100%| O|  |TAMS 0x00000000a7300000, 0x00000000a7300000| Untracked 
|  82|0x00000000a7400000, 0x00000000a7500000, 0x00000000a7500000|100%| O|  |TAMS 0x00000000a7400000, 0x00000000a7400000| Untracked 
|  83|0x00000000a7500000, 0x00000000a7600000, 0x00000000a7600000|100%| O|  |TAMS 0x00000000a7500000, 0x00000000a7500000| Untracked 
|  84|0x00000000a7600000, 0x00000000a7700000, 0x00000000a7700000|100%| O|  |TAMS 0x00000000a7600000, 0x00000000a7600000| Untracked 
|  85|0x00000000a7700000, 0x00000000a7800000, 0x00000000a7800000|100%| O|  |TAMS 0x00000000a7700000, 0x00000000a7700000| Untracked 
|  86|0x00000000a7800000, 0x00000000a7900000, 0x00000000a7900000|100%| O|  |TAMS 0x00000000a7800000, 0x00000000a7800000| Untracked 
|  87|0x00000000a7900000, 0x00000000a7a00000, 0x00000000a7a00000|100%| O|  |TAMS 0x00000000a7900000, 0x00000000a7900000| Untracked 
|  88|0x00000000a7a00000, 0x00000000a7b00000, 0x00000000a7b00000|100%| O|  |TAMS 0x00000000a7a00000, 0x00000000a7a00000| Untracked 
|  89|0x00000000a7b00000, 0x00000000a7c00000, 0x00000000a7c00000|100%| O|  |TAMS 0x00000000a7b00000, 0x00000000a7b00000| Untracked 
|  90|0x00000000a7c00000, 0x00000000a7d00000, 0x00000000a7d00000|100%| O|  |TAMS 0x00000000a7c00000, 0x00000000a7c00000| Untracked 
|  91|0x00000000a7d00000, 0x00000000a7e00000, 0x00000000a7e00000|100%| O|  |TAMS 0x00000000a7d00000, 0x00000000a7d00000| Untracked 
|  92|0x00000000a7e00000, 0x00000000a7f00000, 0x00000000a7f00000|100%| O|  |TAMS 0x00000000a7e00000, 0x00000000a7e00000| Untracked 
|  93|0x00000000a7f00000, 0x00000000a8000000, 0x00000000a8000000|100%| O|  |TAMS 0x00000000a7f00000, 0x00000000a7f00000| Untracked 
|  94|0x00000000a8000000, 0x00000000a8100000, 0x00000000a8100000|100%| O|  |TAMS 0x00000000a8000000, 0x00000000a8000000| Untracked 
|  95|0x00000000a8100000, 0x00000000a8200000, 0x00000000a8200000|100%| O|  |TAMS 0x00000000a8100000, 0x00000000a8100000| Untracked 
|  96|0x00000000a8200000, 0x00000000a8300000, 0x00000000a8300000|100%| O|  |TAMS 0x00000000a8200000, 0x00000000a8200000| Untracked 
|  97|0x00000000a8300000, 0x00000000a8400000, 0x00000000a8400000|100%| O|  |TAMS 0x00000000a8300000, 0x00000000a8300000| Untracked 
|  98|0x00000000a8400000, 0x00000000a8500000, 0x00000000a8500000|100%| O|  |TAMS 0x00000000a8400000, 0x00000000a8400000| Untracked 
|  99|0x00000000a8500000, 0x00000000a8600000, 0x00000000a8600000|100%| O|  |TAMS 0x00000000a8500000, 0x00000000a8500000| Untracked 
| 100|0x00000000a8600000, 0x00000000a8700000, 0x00000000a8700000|100%| O|  |TAMS 0x00000000a8600000, 0x00000000a8600000| Untracked 
| 101|0x00000000a8700000, 0x00000000a8800000, 0x00000000a8800000|100%| O|  |TAMS 0x00000000a8700000, 0x00000000a8700000| Untracked 
| 102|0x00000000a8800000, 0x00000000a8900000, 0x00000000a8900000|100%| O|  |TAMS 0x00000000a8800000, 0x00000000a8800000| Untracked 
| 103|0x00000000a8900000, 0x00000000a89a6800, 0x00000000a8a00000| 65%| O|  |TAMS 0x00000000a8900000, 0x00000000a8900000| Untracked 
| 104|0x00000000a8a00000, 0x00000000a8a00000, 0x00000000a8b00000|  0%| F|  |TAMS 0x00000000a8a00000, 0x00000000a8a00000| Untracked 
| 105|0x00000000a8b00000, 0x00000000a8b00000, 0x00000000a8c00000|  0%| F|  |TAMS 0x00000000a8b00000, 0x00000000a8b00000| Untracked 
| 106|0x00000000a8c00000, 0x00000000a8c00000, 0x00000000a8d00000|  0%| F|  |TAMS 0x00000000a8c00000, 0x00000000a8c00000| Untracked 
| 107|0x00000000a8d00000, 0x00000000a8d00000, 0x00000000a8e00000|  0%| F|  |TAMS 0x00000000a8d00000, 0x00000000a8d00000| Untracked 
| 108|0x00000000a8e00000, 0x00000000a8e00000, 0x00000000a8f00000|  0%| F|  |TAMS 0x00000000a8e00000, 0x00000000a8e00000| Untracked 
| 109|0x00000000a8f00000, 0x00000000a8f00000, 0x00000000a9000000|  0%| F|  |TAMS 0x00000000a8f00000, 0x00000000a8f00000| Untracked 
| 110|0x00000000a9000000, 0x00000000a9000000, 0x00000000a9100000|  0%| F|  |TAMS 0x00000000a9000000, 0x00000000a9000000| Untracked 
| 111|0x00000000a9100000, 0x00000000a9100000, 0x00000000a9200000|  0%| F|  |TAMS 0x00000000a9100000, 0x00000000a9100000| Untracked 
| 112|0x00000000a9200000, 0x00000000a9200000, 0x00000000a9300000|  0%| F|  |TAMS 0x00000000a9200000, 0x00000000a9200000| Untracked 
| 113|0x00000000a9300000, 0x00000000a9300000, 0x00000000a9400000|  0%| F|  |TAMS 0x00000000a9300000, 0x00000000a9300000| Untracked 
| 114|0x00000000a9400000, 0x00000000a9400000, 0x00000000a9500000|  0%| F|  |TAMS 0x00000000a9400000, 0x00000000a9400000| Untracked 
| 115|0x00000000a9500000, 0x00000000a9500000, 0x00000000a9600000|  0%| F|  |TAMS 0x00000000a9500000, 0x00000000a9500000| Untracked 
| 116|0x00000000a9600000, 0x00000000a9600000, 0x00000000a9700000|  0%| F|  |TAMS 0x00000000a9600000, 0x00000000a9600000| Untracked 
| 117|0x00000000a9700000, 0x00000000a9700000, 0x00000000a9800000|  0%| F|  |TAMS 0x00000000a9700000, 0x00000000a9700000| Untracked 
| 118|0x00000000a9800000, 0x00000000a9800000, 0x00000000a9900000|  0%| F|  |TAMS 0x00000000a9800000, 0x00000000a9800000| Untracked 
| 119|0x00000000a9900000, 0x00000000a9900000, 0x00000000a9a00000|  0%| F|  |TAMS 0x00000000a9900000, 0x00000000a9900000| Untracked 
| 120|0x00000000a9a00000, 0x00000000a9a00000, 0x00000000a9b00000|  0%| F|  |TAMS 0x00000000a9a00000, 0x00000000a9a00000| Untracked 
| 121|0x00000000a9b00000, 0x00000000a9b00000, 0x00000000a9c00000|  0%| F|  |TAMS 0x00000000a9b00000, 0x00000000a9b00000| Untracked 
| 122|0x00000000a9c00000, 0x00000000a9c00000, 0x00000000a9d00000|  0%| F|  |TAMS 0x00000000a9c00000, 0x00000000a9c00000| Untracked 
| 123|0x00000000a9d00000, 0x00000000a9d00000, 0x00000000a9e00000|  0%| F|  |TAMS 0x00000000a9d00000, 0x00000000a9d00000| Untracked 
| 124|0x00000000a9e00000, 0x00000000a9e00000, 0x00000000a9f00000|  0%| F|  |TAMS 0x00000000a9e00000, 0x00000000a9e00000| Untracked 
| 125|0x00000000a9f00000, 0x00000000a9f00000, 0x00000000aa000000|  0%| F|  |TAMS 0x00000000a9f00000, 0x00000000a9f00000| Untracked 
| 126|0x00000000aa000000, 0x00000000aa000000, 0x00000000aa100000|  0%| F|  |TAMS 0x00000000aa000000, 0x00000000aa000000| Untracked 
| 127|0x00000000aa100000, 0x00000000aa100000, 0x00000000aa200000|  0%| F|  |TAMS 0x00000000aa100000, 0x00000000aa100000| Untracked 
| 128|0x00000000aa200000, 0x00000000aa200000, 0x00000000aa300000|  0%| F|  |TAMS 0x00000000aa200000, 0x00000000aa200000| Untracked 
| 129|0x00000000aa300000, 0x00000000aa300000, 0x00000000aa400000|  0%| F|  |TAMS 0x00000000aa300000, 0x00000000aa300000| Untracked 
| 130|0x00000000aa400000, 0x00000000aa4b30b8, 0x00000000aa500000| 69%| S|CS|TAMS 0x00000000aa400000, 0x00000000aa400000| Complete 
| 131|0x00000000aa500000, 0x00000000aa600000, 0x00000000aa600000|100%| S|CS|TAMS 0x00000000aa500000, 0x00000000aa500000| Complete 
| 132|0x00000000aa600000, 0x00000000aa600000, 0x00000000aa700000|  0%| F|  |TAMS 0x00000000aa600000, 0x00000000aa600000| Untracked 
| 133|0x00000000aa700000, 0x00000000aa700000, 0x00000000aa800000|  0%| F|  |TAMS 0x00000000aa700000, 0x00000000aa700000| Untracked 
| 134|0x00000000aa800000, 0x00000000aa900000, 0x00000000aa900000|100%| S|CS|TAMS 0x00000000aa800000, 0x00000000aa800000| Complete 
| 135|0x00000000aa900000, 0x00000000aaa00000, 0x00000000aaa00000|100%| S|CS|TAMS 0x00000000aa900000, 0x00000000aa900000| Complete 
| 136|0x00000000aaa00000, 0x00000000aaa00000, 0x00000000aab00000|  0%| F|  |TAMS 0x00000000aaa00000, 0x00000000aaa00000| Untracked 
| 137|0x00000000aab00000, 0x00000000aab00000, 0x00000000aac00000|  0%| F|  |TAMS 0x00000000aab00000, 0x00000000aab00000| Untracked 
| 138|0x00000000aac00000, 0x00000000aac00000, 0x00000000aad00000|  0%| F|  |TAMS 0x00000000aac00000, 0x00000000aac00000| Untracked 
| 139|0x00000000aad00000, 0x00000000aad00000, 0x00000000aae00000|  0%| F|  |TAMS 0x00000000aad00000, 0x00000000aad00000| Untracked 
| 140|0x00000000aae00000, 0x00000000aae00000, 0x00000000aaf00000|  0%| F|  |TAMS 0x00000000aae00000, 0x00000000aae00000| Untracked 
| 141|0x00000000aaf00000, 0x00000000aaf00000, 0x00000000ab000000|  0%| F|  |TAMS 0x00000000aaf00000, 0x00000000aaf00000| Untracked 
| 142|0x00000000ab000000, 0x00000000ab000000, 0x00000000ab100000|  0%| F|  |TAMS 0x00000000ab000000, 0x00000000ab000000| Untracked 
| 143|0x00000000ab100000, 0x00000000ab100000, 0x00000000ab200000|  0%| F|  |TAMS 0x00000000ab100000, 0x00000000ab100000| Untracked 
| 144|0x00000000ab200000, 0x00000000ab200000, 0x00000000ab300000|  0%| F|  |TAMS 0x00000000ab200000, 0x00000000ab200000| Untracked 
| 145|0x00000000ab300000, 0x00000000ab300000, 0x00000000ab400000|  0%| F|  |TAMS 0x00000000ab300000, 0x00000000ab300000| Untracked 
| 146|0x00000000ab400000, 0x00000000ab400000, 0x00000000ab500000|  0%| F|  |TAMS 0x00000000ab400000, 0x00000000ab400000| Untracked 
| 147|0x00000000ab500000, 0x00000000ab500000, 0x00000000ab600000|  0%| F|  |TAMS 0x00000000ab500000, 0x00000000ab500000| Untracked 
| 148|0x00000000ab600000, 0x00000000ab600000, 0x00000000ab700000|  0%| F|  |TAMS 0x00000000ab600000, 0x00000000ab600000| Untracked 
| 149|0x00000000ab700000, 0x00000000ab700000, 0x00000000ab800000|  0%| F|  |TAMS 0x00000000ab700000, 0x00000000ab700000| Untracked 
| 150|0x00000000ab800000, 0x00000000ab800000, 0x00000000ab900000|  0%| F|  |TAMS 0x00000000ab800000, 0x00000000ab800000| Untracked 
| 151|0x00000000ab900000, 0x00000000ab900000, 0x00000000aba00000|  0%| F|  |TAMS 0x00000000ab900000, 0x00000000ab900000| Untracked 
| 152|0x00000000aba00000, 0x00000000aba00000, 0x00000000abb00000|  0%| F|  |TAMS 0x00000000aba00000, 0x00000000aba00000| Untracked 
| 153|0x00000000abb00000, 0x00000000abb00000, 0x00000000abc00000|  0%| F|  |TAMS 0x00000000abb00000, 0x00000000abb00000| Untracked 
| 154|0x00000000abc00000, 0x00000000abc00000, 0x00000000abd00000|  0%| F|  |TAMS 0x00000000abc00000, 0x00000000abc00000| Untracked 
| 155|0x00000000abd00000, 0x00000000abd00000, 0x00000000abe00000|  0%| F|  |TAMS 0x00000000abd00000, 0x00000000abd00000| Untracked 
| 156|0x00000000abe00000, 0x00000000abe00000, 0x00000000abf00000|  0%| F|  |TAMS 0x00000000abe00000, 0x00000000abe00000| Untracked 
| 157|0x00000000abf00000, 0x00000000abf00000, 0x00000000ac000000|  0%| F|  |TAMS 0x00000000abf00000, 0x00000000abf00000| Untracked 
| 158|0x00000000ac000000, 0x00000000ac000000, 0x00000000ac100000|  0%| F|  |TAMS 0x00000000ac000000, 0x00000000ac000000| Untracked 
| 159|0x00000000ac100000, 0x00000000ac100000, 0x00000000ac200000|  0%| F|  |TAMS 0x00000000ac100000, 0x00000000ac100000| Untracked 
| 160|0x00000000ac200000, 0x00000000ac200000, 0x00000000ac300000|  0%| F|  |TAMS 0x00000000ac200000, 0x00000000ac200000| Untracked 
| 161|0x00000000ac300000, 0x00000000ac300000, 0x00000000ac400000|  0%| F|  |TAMS 0x00000000ac300000, 0x00000000ac300000| Untracked 
| 162|0x00000000ac400000, 0x00000000ac400000, 0x00000000ac500000|  0%| F|  |TAMS 0x00000000ac400000, 0x00000000ac400000| Untracked 
| 163|0x00000000ac500000, 0x00000000ac580800, 0x00000000ac600000| 50%| E|  |TAMS 0x00000000ac500000, 0x00000000ac500000| Complete 
| 164|0x00000000ac600000, 0x00000000ac700000, 0x00000000ac700000|100%| E|CS|TAMS 0x00000000ac600000, 0x00000000ac600000| Complete 
| 165|0x00000000ac700000, 0x00000000ac800000, 0x00000000ac800000|100%| E|CS|TAMS 0x00000000ac700000, 0x00000000ac700000| Complete 
| 166|0x00000000ac800000, 0x00000000ac900000, 0x00000000ac900000|100%| E|CS|TAMS 0x00000000ac800000, 0x00000000ac800000| Complete 
| 167|0x00000000ac900000, 0x00000000aca00000, 0x00000000aca00000|100%| E|CS|TAMS 0x00000000ac900000, 0x00000000ac900000| Complete 
| 168|0x00000000aca00000, 0x00000000acb00000, 0x00000000acb00000|100%| E|CS|TAMS 0x00000000aca00000, 0x00000000aca00000| Complete 
| 169|0x00000000acb00000, 0x00000000acc00000, 0x00000000acc00000|100%| E|CS|TAMS 0x00000000acb00000, 0x00000000acb00000| Complete 
| 170|0x00000000acc00000, 0x00000000acd00000, 0x00000000acd00000|100%| E|CS|TAMS 0x00000000acc00000, 0x00000000acc00000| Complete 
| 171|0x00000000acd00000, 0x00000000ace00000, 0x00000000ace00000|100%| E|CS|TAMS 0x00000000acd00000, 0x00000000acd00000| Complete 
| 172|0x00000000ace00000, 0x00000000acf00000, 0x00000000acf00000|100%| E|CS|TAMS 0x00000000ace00000, 0x00000000ace00000| Complete 
| 173|0x00000000acf00000, 0x00000000ad000000, 0x00000000ad000000|100%| E|CS|TAMS 0x00000000acf00000, 0x00000000acf00000| Complete 
| 174|0x00000000ad000000, 0x00000000ad100000, 0x00000000ad100000|100%| E|CS|TAMS 0x00000000ad000000, 0x00000000ad000000| Complete 
| 175|0x00000000ad100000, 0x00000000ad200000, 0x00000000ad200000|100%| E|CS|TAMS 0x00000000ad100000, 0x00000000ad100000| Complete 
| 176|0x00000000ad200000, 0x00000000ad300000, 0x00000000ad300000|100%| E|CS|TAMS 0x00000000ad200000, 0x00000000ad200000| Complete 
| 177|0x00000000ad300000, 0x00000000ad400000, 0x00000000ad400000|100%| E|CS|TAMS 0x00000000ad300000, 0x00000000ad300000| Complete 
| 178|0x00000000ad400000, 0x00000000ad500000, 0x00000000ad500000|100%| E|CS|TAMS 0x00000000ad400000, 0x00000000ad400000| Complete 

Card table byte_map: [0x0000021cbabd0000,0x0000021cbaec0000] _byte_map_base: 0x0000021cba6bf000

Marking Bits (Prev, Next): (CMBitMap*) 0x0000021ca38ab2a0, (CMBitMap*) 0x0000021ca38ab2e0
 Prev Bits: [0x0000021cbb1b0000, 0x0000021cbc928000)
 Next Bits: [0x0000021cbc930000, 0x0000021cbe0a8000)

Polling page: 0x0000021ca3010000

Metaspace:

Usage:
  Non-class:     51.50 MB used.
      Class:      6.30 MB used.
       Both:     57.80 MB used.

Virtual space:
  Non-class space:       64.00 MB reserved,      51.62 MB ( 81%) committed,  1 nodes.
      Class space:        1.00 GB reserved,       6.44 MB ( <1%) committed,  1 nodes.
             Both:        1.06 GB reserved,      58.06 MB (  5%) committed. 

Chunk freelists:
   Non-Class:  11.39 MB
       Class:  9.58 MB
        Both:  20.97 MB

MaxMetaspaceSize: unlimited
CompressedClassSpaceSize: 1.00 GB
Initial GC threshold: 21.00 MB
Current GC threshold: 77.19 MB
CDS: on
MetaspaceReclaimPolicy: balanced
 - commit_granule_bytes: 65536.
 - commit_granule_words: 8192.
 - virtual_space_node_default_size: 8388608.
 - enlarge_chunks_in_place: 1.
 - new_chunks_are_fully_committed: 0.
 - uncommit_free_chunks: 1.
 - use_allocation_guard: 0.
 - handle_deallocations: 1.


Internal statistics:

num_allocs_failed_limit: 6.
num_arena_births: 334.
num_arena_deaths: 0.
num_vsnodes_births: 2.
num_vsnodes_deaths: 0.
num_space_committed: 927.
num_space_uncommitted: 0.
num_chunks_returned_to_freelist: 6.
num_chunks_taken_from_freelist: 2608.
num_chunk_merges: 6.
num_chunk_splits: 1995.
num_chunks_enlarged: 1689.
num_inconsistent_stats: 0.

CodeHeap 'non-profiled nmethods': size=120000Kb used=9889Kb max_used=9972Kb free=110110Kb
 bounds [0x0000021cb2e50000, 0x0000021cb3810000, 0x0000021cba380000]
CodeHeap 'profiled nmethods': size=120000Kb used=38527Kb max_used=38527Kb free=81472Kb
 bounds [0x0000021cab380000, 0x0000021cad930000, 0x0000021cb28b0000]
CodeHeap 'non-nmethods': size=5760Kb used=1305Kb max_used=1407Kb free=4455Kb
 bounds [0x0000021cb28b0000, 0x0000021cb2b20000, 0x0000021cb2e50000]
 total_blobs=13283 nmethods=12670 adapters=521
 compilation: enabled
              stopped_count=0, restarted_count=0
 full_count=0

Compilation events (20 events):
Event: 156.767 Thread 0x0000021cc0cdb5e0 16192       3       kotlin.jvm.internal.PropertyReference::<init> (40 bytes)
Event: 156.769 Thread 0x0000021cc0cdb5e0 nmethod 16192 0x0000021cac6c3b10 code [0x0000021cac6c3cc0, 0x0000021cac6c40d8]
Event: 156.820 Thread 0x0000021cc0cdb5e0 16194       3       org.jetbrains.kotlin.diagnostics.rendering.DiagnosticFactoryToRendererMap::checkMutability (18 bytes)
Event: 156.820 Thread 0x0000021cc0cdb5e0 nmethod 16194 0x0000021cac90ee10 code [0x0000021cac90efc0, 0x0000021cac90f1e8]
Event: 156.820 Thread 0x0000021cc0cdb5e0 16195       3       java.text.MessageFormat::applyPattern (422 bytes)
Event: 156.873 Thread 0x0000021cc0cdb5e0 nmethod 16195 0x0000021cad918f90 code [0x0000021cad919440, 0x0000021cad91c288]
Event: 156.875 Thread 0x0000021cc0cdb5e0 16196       3       java.lang.invoke.MethodHandles::makeIdentity (23 bytes)
Event: 156.919 Thread 0x0000021cc0cdb5e0 nmethod 16196 0x0000021cacb41d10 code [0x0000021cacb41f80, 0x0000021cacb42948]
Event: 156.919 Thread 0x0000021cc0cdb5e0 16197       3       java.lang.invoke.LambdaForm::identityForm (27 bytes)
Event: 156.919 Thread 0x0000021cc0cdb5e0 nmethod 16197 0x0000021cac866e90 code [0x0000021cac867040, 0x0000021cac867228]
Event: 156.920 Thread 0x0000021cc0cdb5e0 16198       3       java.lang.invoke.MethodHandleImpl::makeIntrinsic (14 bytes)
Event: 156.920 Thread 0x0000021cc0cdb5e0 nmethod 16198 0x0000021cac90e290 code [0x0000021cac90e480, 0x0000021cac90eb78]
Event: 156.934 Thread 0x0000021cc0cdb5e0 16199       3       java.lang.invoke.InnerClassLambdaMetafactory$1::<init> (15 bytes)
Event: 156.935 Thread 0x0000021cc0cdb5e0 nmethod 16199 0x0000021cac88cf10 code [0x0000021cac88d0c0, 0x0000021cac88d2d8]
Event: 156.935 Thread 0x0000021cc0cdb5e0 16200       3       java.lang.invoke.InnerClassLambdaMetafactory$1::run (5 bytes)
Event: 156.950 Thread 0x0000021cc0cdb5e0 nmethod 16200 0x0000021cacb41110 code [0x0000021cacb41340, 0x0000021cacb41a58]
Event: 156.950 Thread 0x0000021cc0cdb5e0 16201       3       java.lang.invoke.InnerClassLambdaMetafactory$1::run (23 bytes)
Event: 156.951 Thread 0x0000021cc0cdb5e0 nmethod 16201 0x0000021cacb40290 code [0x0000021cacb404e0, 0x0000021cacb40d68]
Event: 156.951 Thread 0x0000021cc0cdb5e0 16202       3       org.jetbrains.kotlin.diagnostics.rendering.SimpleDiagnosticRenderer::<init> (18 bytes)
Event: 156.952 Thread 0x0000021cc0cdb5e0 nmethod 16202 0x0000021cac8c0410 code [0x0000021cac8c05c0, 0x0000021cac8c07e8]

GC Heap History (20 events):
Event: 98.407 GC heap before
{Heap before GC invocations=31 (full 0):
 garbage-first heap   total 183296K, used 128187K [0x00000000a2200000, 0x0000000100000000)
  region size 1024K, 59 young (60416K), 2 survivors (2048K)
 Metaspace       used 48643K, committed 48960K, reserved 1114112K
  class space    used 5687K, committed 5824K, reserved 1048576K
}
Event: 98.414 GC heap after
{Heap after GC invocations=32 (full 0):
 garbage-first heap   total 183296K, used 72419K [0x00000000a2200000, 0x0000000100000000)
  region size 1024K, 4 young (4096K), 4 survivors (4096K)
 Metaspace       used 48643K, committed 48960K, reserved 1114112K
  class space    used 5687K, committed 5824K, reserved 1048576K
}
Event: 101.729 GC heap before
{Heap before GC invocations=32 (full 0):
 garbage-first heap   total 183296K, used 135907K [0x00000000a2200000, 0x0000000100000000)
  region size 1024K, 64 young (65536K), 4 survivors (4096K)
 Metaspace       used 51307K, committed 51584K, reserved 1114112K
  class space    used 5911K, committed 6080K, reserved 1048576K
}
Event: 101.738 GC heap after
{Heap after GC invocations=33 (full 0):
 garbage-first heap   total 183296K, used 77245K [0x00000000a2200000, 0x0000000100000000)
  region size 1024K, 7 young (7168K), 7 survivors (7168K)
 Metaspace       used 51307K, committed 51584K, reserved 1114112K
  class space    used 5911K, committed 6080K, reserved 1048576K
}
Event: 107.638 GC heap before
{Heap before GC invocations=33 (full 0):
 garbage-first heap   total 183296K, used 141757K [0x00000000a2200000, 0x0000000100000000)
  region size 1024K, 69 young (70656K), 7 survivors (7168K)
 Metaspace       used 54314K, committed 54592K, reserved 1114112K
  class space    used 6145K, committed 6272K, reserved 1048576K
}
Event: 107.654 GC heap after
{Heap after GC invocations=34 (full 0):
 garbage-first heap   total 183296K, used 84376K [0x00000000a2200000, 0x0000000100000000)
  region size 1024K, 9 young (9216K), 9 survivors (9216K)
 Metaspace       used 54314K, committed 54592K, reserved 1114112K
  class space    used 6145K, committed 6272K, reserved 1048576K
}
Event: 115.134 GC heap before
{Heap before GC invocations=34 (full 0):
 garbage-first heap   total 183296K, used 143768K [0x00000000a2200000, 0x0000000100000000)
  region size 1024K, 67 young (68608K), 9 survivors (9216K)
 Metaspace       used 55889K, committed 56192K, reserved 1114112K
  class space    used 6270K, committed 6400K, reserved 1048576K
}
Event: 115.157 GC heap after
{Heap after GC invocations=35 (full 0):
 garbage-first heap   total 183296K, used 92695K [0x00000000a2200000, 0x0000000100000000)
  region size 1024K, 8 young (8192K), 8 survivors (8192K)
 Metaspace       used 55889K, committed 56192K, reserved 1114112K
  class space    used 6270K, committed 6400K, reserved 1048576K
}
Event: 121.455 GC heap before
{Heap before GC invocations=35 (full 0):
 garbage-first heap   total 183296K, used 145943K [0x00000000a2200000, 0x0000000100000000)
  region size 1024K, 60 young (61440K), 8 survivors (8192K)
 Metaspace       used 56358K, committed 56640K, reserved 1114112K
  class space    used 6294K, committed 6464K, reserved 1048576K
}
Event: 121.476 GC heap after
{Heap after GC invocations=36 (full 0):
 garbage-first heap   total 183296K, used 97394K [0x00000000a2200000, 0x0000000100000000)
  region size 1024K, 5 young (5120K), 5 survivors (5120K)
 Metaspace       used 56358K, committed 56640K, reserved 1114112K
  class space    used 6294K, committed 6464K, reserved 1048576K
}
Event: 126.443 GC heap before
{Heap before GC invocations=36 (full 0):
 garbage-first heap   total 183296K, used 148594K [0x00000000a2200000, 0x0000000100000000)
  region size 1024K, 55 young (56320K), 5 survivors (5120K)
 Metaspace       used 56598K, committed 56896K, reserved 1114112K
  class space    used 6300K, committed 6464K, reserved 1048576K
}
Event: 126.457 GC heap after
{Heap after GC invocations=37 (full 0):
 garbage-first heap   total 183296K, used 100156K [0x00000000a2200000, 0x0000000100000000)
  region size 1024K, 4 young (4096K), 4 survivors (4096K)
 Metaspace       used 56598K, committed 56896K, reserved 1114112K
  class space    used 6300K, committed 6464K, reserved 1048576K
}
Event: 132.968 GC heap before
{Heap before GC invocations=37 (full 0):
 garbage-first heap   total 183296K, used 150332K [0x00000000a2200000, 0x0000000100000000)
  region size 1024K, 53 young (54272K), 4 survivors (4096K)
 Metaspace       used 56854K, committed 57152K, reserved 1114112K
  class space    used 6303K, committed 6464K, reserved 1048576K
}
Event: 132.984 GC heap after
{Heap after GC invocations=38 (full 0):
 garbage-first heap   total 183296K, used 103791K [0x00000000a2200000, 0x0000000100000000)
  region size 1024K, 7 young (7168K), 7 survivors (7168K)
 Metaspace       used 56854K, committed 57152K, reserved 1114112K
  class space    used 6303K, committed 6464K, reserved 1048576K
}
Event: 138.154 GC heap before
{Heap before GC invocations=38 (full 0):
 garbage-first heap   total 183296K, used 151919K [0x00000000a2200000, 0x0000000100000000)
  region size 1024K, 54 young (55296K), 7 survivors (7168K)
 Metaspace       used 57120K, committed 57408K, reserved 1114112K
  class space    used 6305K, committed 6464K, reserved 1048576K
}
Event: 138.214 GC heap after
{Heap after GC invocations=39 (full 0):
 garbage-first heap   total 183296K, used 106610K [0x00000000a2200000, 0x0000000100000000)
  region size 1024K, 3 young (3072K), 3 survivors (3072K)
 Metaspace       used 57120K, committed 57408K, reserved 1114112K
  class space    used 6305K, committed 6464K, reserved 1048576K
}
Event: 144.629 GC heap before
{Heap before GC invocations=39 (full 0):
 garbage-first heap   total 183296K, used 152690K [0x00000000a2200000, 0x0000000100000000)
  region size 1024K, 48 young (49152K), 3 survivors (3072K)
 Metaspace       used 57680K, committed 57920K, reserved 1114112K
  class space    used 6340K, committed 6464K, reserved 1048576K
}
Event: 144.649 GC heap after
{Heap after GC invocations=40 (full 0):
 garbage-first heap   total 183296K, used 109167K [0x00000000a2200000, 0x0000000100000000)
  region size 1024K, 6 young (6144K), 6 survivors (6144K)
 Metaspace       used 57680K, committed 57920K, reserved 1114112K
  class space    used 6340K, committed 6464K, reserved 1048576K
}
Event: 152.302 GC heap before
{Heap before GC invocations=40 (full 0):
 garbage-first heap   total 183296K, used 153199K [0x00000000a2200000, 0x0000000100000000)
  region size 1024K, 49 young (50176K), 6 survivors (6144K)
 Metaspace       used 57963K, committed 58240K, reserved 1114112K
  class space    used 6353K, committed 6528K, reserved 1048576K
}
Event: 152.347 GC heap after
{Heap after GC invocations=41 (full 0):
 garbage-first heap   total 183296K, used 109926K [0x00000000a2200000, 0x0000000100000000)
  region size 1024K, 4 young (4096K), 4 survivors (4096K)
 Metaspace       used 57963K, committed 58240K, reserved 1114112K
  class space    used 6353K, committed 6528K, reserved 1048576K
}

Dll operation events (7 events):
Event: 0.041 Loaded shared library C:\Program Files\Microsoft\jdk-17.0.12.7-hotspot\bin\java.dll
Event: 0.234 Loaded shared library C:\Program Files\Microsoft\jdk-17.0.12.7-hotspot\bin\jsvml.dll
Event: 0.621 Loaded shared library C:\Program Files\Microsoft\jdk-17.0.12.7-hotspot\bin\net.dll
Event: 0.626 Loaded shared library C:\Program Files\Microsoft\jdk-17.0.12.7-hotspot\bin\nio.dll
Event: 0.896 Loaded shared library C:\Program Files\Microsoft\jdk-17.0.12.7-hotspot\bin\zip.dll
Event: 1.008 Loaded shared library C:\Program Files\Microsoft\jdk-17.0.12.7-hotspot\bin\jimage.dll
Event: 5.829 Loaded shared library C:\Program Files\Microsoft\jdk-17.0.12.7-hotspot\bin\verify.dll

Deoptimization events (20 events):
Event: 155.164 Thread 0x0000021ca385e250 Uncommon trap: trap_request=0xffffffc6 fr.pc=0x0000021cb3218c70 relative=0x00000000000001b0
Event: 155.164 Thread 0x0000021ca385e250 Uncommon trap: reason=bimorphic_or_optimized_type_check action=maybe_recompile pc=0x0000021cb3218c70 method=kotlin.collections.CollectionsKt___CollectionsKt.singleOrNull(Ljava/lang/Iterable;)Ljava/lang/Object; @ 17 c2
Event: 155.164 Thread 0x0000021ca385e250 DEOPT PACKING pc=0x0000021cb3218c70 sp=0x000000cbfdcfda80
Event: 155.164 Thread 0x0000021ca385e250 DEOPT UNPACKING pc=0x0000021cb29069a3 sp=0x000000cbfdcfda10 mode 2
Event: 155.823 Thread 0x0000021ca385e250 Uncommon trap: trap_request=0xffffff45 fr.pc=0x0000021cb36ff7e8 relative=0x0000000000000328
Event: 155.825 Thread 0x0000021ca385e250 Uncommon trap: reason=unstable_if action=reinterpret pc=0x0000021cb36ff7e8 method=org.jetbrains.kotlin.resolve.jvm.checkers.JvmModuleAccessibilityChecker.findVirtualFile(Lorg/jetbrains/kotlin/descriptors/ClassOrPackageFragmentDescriptor;Lorg/jetbrains/kot
Event: 155.826 Thread 0x0000021ca385e250 DEOPT PACKING pc=0x0000021cb36ff7e8 sp=0x000000cbfdcfb630
Event: 155.826 Thread 0x0000021ca385e250 DEOPT UNPACKING pc=0x0000021cb29069a3 sp=0x000000cbfdcfb5a0 mode 2
Event: 156.225 Thread 0x0000021ca385e250 Uncommon trap: trap_request=0xffffff45 fr.pc=0x0000021cb31241a4 relative=0x0000000000000204
Event: 156.226 Thread 0x0000021ca385e250 Uncommon trap: reason=unstable_if action=reinterpret pc=0x0000021cb31241a4 method=org.jetbrains.kotlin.com.intellij.psi.util.PsiTreeUtil.getParentOfType(Lorg/jetbrains/kotlin/com/intellij/psi/PsiElement;Ljava/lang/Class;ZI)Lorg/jetbrains/kotlin/com/intell
Event: 156.227 Thread 0x0000021ca385e250 DEOPT PACKING pc=0x0000021cb31241a4 sp=0x000000cbfdcfde20
Event: 156.227 Thread 0x0000021ca385e250 DEOPT UNPACKING pc=0x0000021cb29069a3 sp=0x000000cbfdcfddb0 mode 2
Event: 156.230 Thread 0x0000021ca385e250 Uncommon trap: trap_request=0xffffffde fr.pc=0x0000021cb349b21c relative=0x000000000000017c
Event: 156.230 Thread 0x0000021ca385e250 Uncommon trap: reason=class_check action=maybe_recompile pc=0x0000021cb349b21c method=kotlin.collections.CollectionsKt___CollectionsKt.first(Ljava/lang/Iterable;)Ljava/lang/Object; @ 22 c2
Event: 156.230 Thread 0x0000021ca385e250 DEOPT PACKING pc=0x0000021cb349b21c sp=0x000000cbfdcfe1a0
Event: 156.230 Thread 0x0000021ca385e250 DEOPT UNPACKING pc=0x0000021cb29069a3 sp=0x000000cbfdcfe138 mode 2
Event: 156.231 Thread 0x0000021ca385e250 Uncommon trap: trap_request=0xffffffde fr.pc=0x0000021cb349b21c relative=0x000000000000017c
Event: 156.231 Thread 0x0000021ca385e250 Uncommon trap: reason=class_check action=maybe_recompile pc=0x0000021cb349b21c method=kotlin.collections.CollectionsKt___CollectionsKt.first(Ljava/lang/Iterable;)Ljava/lang/Object; @ 22 c2
Event: 156.231 Thread 0x0000021ca385e250 DEOPT PACKING pc=0x0000021cb349b21c sp=0x000000cbfdcfe1a0
Event: 156.231 Thread 0x0000021ca385e250 DEOPT UNPACKING pc=0x0000021cb29069a3 sp=0x000000cbfdcfe138 mode 2

Classes loaded (20 events):
Event: 90.233 Loading class java/util/concurrent/locks/AbstractQueuedSynchronizer$Node
Event: 90.236 Loading class java/util/concurrent/locks/AbstractQueuedSynchronizer$Node done
Event: 101.527 Loading class java/util/regex/Pattern$Bound
Event: 101.527 Loading class java/util/regex/Pattern$Bound done
Event: 101.528 Loading class java/util/regex/Pattern$LookBehindEndNode
Event: 101.529 Loading class java/util/regex/Pattern$LookBehindEndNode done
Event: 101.529 Loading class java/util/regex/Pattern$NotBehind
Event: 101.530 Loading class java/util/regex/Pattern$NotBehind done
Event: 102.082 Loading class jdk/internal/math/FloatingDecimal$ASCIIToBinaryBuffer
Event: 102.083 Loading class jdk/internal/math/FloatingDecimal$ASCIIToBinaryBuffer done
Event: 140.795 Loading class java/lang/Short$ShortCache
Event: 140.799 Loading class java/lang/Short$ShortCache done
Event: 156.668 Loading class java/text/MessageFormat
Event: 156.682 Loading class java/text/MessageFormat done
Event: 156.733 Loading class jdk/internal/reflect/UnsafeBooleanFieldAccessorImpl
Event: 156.737 Loading class jdk/internal/reflect/UnsafeBooleanFieldAccessorImpl done
Event: 156.739 Loading class jdk/internal/reflect/UnsafeQualifiedObjectFieldAccessorImpl
Event: 156.741 Loading class jdk/internal/reflect/UnsafeQualifiedFieldAccessorImpl
Event: 156.742 Loading class jdk/internal/reflect/UnsafeQualifiedFieldAccessorImpl done
Event: 156.742 Loading class jdk/internal/reflect/UnsafeQualifiedObjectFieldAccessorImpl done

Classes unloaded (0 events):
No events

Classes redefined (0 events):
No events

Internal exceptions (20 events):
Event: 98.294 Thread 0x0000021ca385e250 Implicit null exception at 0x0000021cb3206fd6 to 0x0000021cb320a946
Event: 99.316 Thread 0x0000021ca385e250 Exception <a 'java/lang/NoSuchMethodError'{0x00000000ab886ab0}: 'java.lang.Object java.lang.invoke.DirectMethodHandle$Holder.newInvokeSpecial(java.lang.Object, java.lang.Object, java.lang.Object, java.lang.Object, java.lang.Object, java.lang.Object, java.lang.Object)'> (0x00000000ab886ab0) 
thrown [s\src\hotspot\share\interpreter\linkResolver.cpp, line 759]
Event: 99.317 Thread 0x0000021ca385e250 Exception <a 'java/lang/NoSuchMethodError'{0x00000000ab88b668}: 'java.lang.Object java.lang.invoke.Invokers$Holder.linkToTargetMethod(java.lang.Object, java.lang.Object, java.lang.Object, java.lang.Object, java.lang.Object, java.lang.Object, java.lang.Object)'> (0x00000000ab88b668) 
thrown [s\src\hotspot\share\interpreter\linkResolver.cpp, line 759]
Event: 99.669 Thread 0x0000021ca385e250 Exception <a 'java/lang/NoSuchMethodError'{0x00000000ab280128}: 'int java.lang.invoke.DirectMethodHandle$Holder.invokeStaticInit(java.lang.Object, int)'> (0x00000000ab280128) 
thrown [s\src\hotspot\share\interpreter\linkResolver.cpp, line 759]
Event: 101.495 Thread 0x0000021ca385e250 Implicit null exception at 0x0000021cb33ea975 to 0x0000021cb33eb2dc
Event: 102.148 Thread 0x0000021ca385e250 Exception <a 'java/lang/NoSuchMethodError'{0x00000000ad073798}: 'java.lang.Object java.lang.invoke.DirectMethodHandle$Holder.invokeInterface(java.lang.Object, java.lang.Object, java.lang.Object)'> (0x00000000ad073798) 
thrown [s\src\hotspot\share\interpreter\linkResolver.cpp, line 759]
Event: 102.148 Thread 0x0000021ca385e250 Exception <a 'java/lang/IncompatibleClassChangeError'{0x00000000ad077108}: Found class java.lang.Object, but interface was expected> (0x00000000ad077108) 
thrown [s\src\hotspot\share\interpreter\linkResolver.cpp, line 826]
Event: 102.284 Thread 0x0000021ca385e250 Implicit null exception at 0x0000021cb3199fb7 to 0x0000021cb319a507
Event: 102.411 Thread 0x0000021ca385e250 Implicit null exception at 0x0000021cb339a75b to 0x0000021cb339a813
Event: 102.411 Thread 0x0000021ca385e250 Implicit null exception at 0x0000021cb33087db to 0x0000021cb330886b
Event: 102.415 Thread 0x0000021ca385e250 Implicit null exception at 0x0000021cb342ccf4 to 0x0000021cb342d268
Event: 104.028 Thread 0x0000021ca385e250 Implicit null exception at 0x0000021cb31c6800 to 0x0000021cb31c696c
Event: 112.359 Thread 0x0000021ca385e250 Implicit null exception at 0x0000021cb30d3f9b to 0x0000021cb30d46b0
Event: 119.724 Thread 0x0000021ca385e250 Implicit null exception at 0x0000021cb352b9bc to 0x0000021cb352ba4a
Event: 119.724 Thread 0x0000021ca385e250 Implicit null exception at 0x0000021cb3537bbf to 0x0000021cb3537c5e
Event: 135.151 Thread 0x0000021ca385e250 Implicit null exception at 0x0000021cb32a8b2f to 0x0000021cb32a96ec
Event: 137.989 Thread 0x0000021ca385e250 Implicit null exception at 0x0000021cb32e7134 to 0x0000021cb32e71c5
Event: 142.517 Thread 0x0000021ca385e250 Implicit null exception at 0x0000021cb30d4e6a to 0x0000021cb30d5020
Event: 147.672 Thread 0x0000021ca385e250 Implicit null exception at 0x0000021cb37c9d09 to 0x0000021cb37cb314
Event: 156.954 Thread 0x0000021ca385e250 Exception <a 'java/lang/NoSuchMethodError'{0x00000000ac6692e8}: 'java.lang.Object java.lang.invoke.DirectMethodHandle$Holder.invokeStaticInit(java.lang.Object, java.lang.Object, java.lang.Object, java.lang.Object)'> (0x00000000ac6692e8) 
thrown [s\src\hotspot\share\interpreter\linkResolver.cpp, line 759]

VM Operations (20 events):
Event: 150.889 Executing VM operation: HandshakeAllThreads
Event: 150.891 Executing VM operation: HandshakeAllThreads done
Event: 151.017 Executing VM operation: HandshakeAllThreads
Event: 151.017 Executing VM operation: HandshakeAllThreads done
Event: 152.101 Executing VM operation: Cleanup
Event: 152.190 Executing VM operation: Cleanup done
Event: 152.233 Executing VM operation: HandshakeAllThreads
Event: 152.234 Executing VM operation: HandshakeAllThreads done
Event: 152.298 Executing VM operation: G1CollectForAllocation
Event: 152.347 Executing VM operation: G1CollectForAllocation done
Event: 153.405 Executing VM operation: Cleanup
Event: 153.511 Executing VM operation: Cleanup done
Event: 154.516 Executing VM operation: Cleanup
Event: 154.519 Executing VM operation: Cleanup done
Event: 155.546 Executing VM operation: Cleanup
Event: 155.550 Executing VM operation: Cleanup done
Event: 155.551 Executing VM operation: ICBufferFull
Event: 155.551 Executing VM operation: ICBufferFull done
Event: 156.574 Executing VM operation: Cleanup
Event: 156.612 Executing VM operation: Cleanup done

Events (20 events):
Event: 151.073 Thread 0x0000021cc0ce0000 flushing nmethod 0x0000021cacb10710
Event: 151.073 Thread 0x0000021cc0ce0000 flushing nmethod 0x0000021cacb3ce10
Event: 151.073 Thread 0x0000021cc0ce0000 flushing nmethod 0x0000021cacb40290
Event: 151.073 Thread 0x0000021cc0ce0000 flushing nmethod 0x0000021cacb54010
Event: 151.075 Thread 0x0000021cc0ce0000 flushing nmethod 0x0000021cacb76610
Event: 151.075 Thread 0x0000021cc0ce0000 flushing nmethod 0x0000021cacb8c290
Event: 151.075 Thread 0x0000021cc0ce0000 flushing nmethod 0x0000021cacb8f590
Event: 151.075 Thread 0x0000021cc0ce0000 flushing nmethod 0x0000021cacba7790
Event: 151.075 Thread 0x0000021cc0ce0000 flushing nmethod 0x0000021cacbd3590
Event: 151.075 Thread 0x0000021cc0ce0000 flushing nmethod 0x0000021cacbf2990
Event: 151.076 Thread 0x0000021cc0ce0000 flushing nmethod 0x0000021cacc52c90
Event: 151.076 Thread 0x0000021cc0ce0000 flushing nmethod 0x0000021caccc9090
Event: 151.077 Thread 0x0000021cc0ce0000 flushing nmethod 0x0000021cacd8ad10
Event: 151.077 Thread 0x0000021cc0ce0000 flushing nmethod 0x0000021cacdda890
Event: 151.079 Thread 0x0000021cc0ce0000 flushing nmethod 0x0000021cacfcb610
Event: 151.081 Thread 0x0000021cc0ce0000 flushing nmethod 0x0000021cad153e10
Event: 151.081 Thread 0x0000021cc0ce0000 flushing nmethod 0x0000021cad184690
Event: 151.083 Thread 0x0000021cc0ce0000 flushing nmethod 0x0000021cad346b90
Event: 151.084 Thread 0x0000021cc0ce0000 flushing nmethod 0x0000021cad3a0490
Event: 151.085 Thread 0x0000021cc0ce0000 flushing nmethod 0x0000021cad483090


Dynamic libraries:
0x00007ff66e100000 - 0x00007ff66e10e000 	C:\Program Files\Microsoft\jdk-17.0.12.7-hotspot\bin\java.exe
0x00007ff9fdeb0000 - 0x00007ff9fe0c7000 	C:\WINDOWS\SYSTEM32\ntdll.dll
0x00007ff9fd9c0000 - 0x00007ff9fda84000 	C:\WINDOWS\System32\KERNEL32.DLL
0x00007ff9fb4c0000 - 0x00007ff9fb87a000 	C:\WINDOWS\System32\KERNELBASE.dll
0x00007ff9fb370000 - 0x00007ff9fb481000 	C:\WINDOWS\System32\ucrtbase.dll
0x00007ff9d3e10000 - 0x00007ff9d3e27000 	C:\Program Files\Microsoft\jdk-17.0.12.7-hotspot\bin\jli.dll
0x00007ff9d3d80000 - 0x00007ff9d3d9d000 	C:\Program Files\Microsoft\jdk-17.0.12.7-hotspot\bin\VCRUNTIME140.dll
0x00007ff9fc8f0000 - 0x00007ff9fca9e000 	C:\WINDOWS\System32\USER32.dll
0x00007ff9fb490000 - 0x00007ff9fb4b6000 	C:\WINDOWS\System32\win32u.dll
0x00007ff9fd5e0000 - 0x00007ff9fd609000 	C:\WINDOWS\System32\GDI32.dll
0x00007ff9fb880000 - 0x00007ff9fb99b000 	C:\WINDOWS\System32\gdi32full.dll
0x00007ff9fbae0000 - 0x00007ff9fbb7a000 	C:\WINDOWS\System32\msvcp_win.dll
0x00007ff9d7fc0000 - 0x00007ff9d8252000 	C:\WINDOWS\WinSxS\amd64_microsoft.windows.common-controls_6595b64144ccf1df_6.0.22621.4541_none_2710d1c57384c085\COMCTL32.dll
0x00007ff9fcdd0000 - 0x00007ff9fce77000 	C:\WINDOWS\System32\msvcrt.dll
0x00007ff9fd3d0000 - 0x00007ff9fd401000 	C:\WINDOWS\System32\IMM32.DLL
0x00007ff9f6940000 - 0x00007ff9f694c000 	C:\Program Files\Microsoft\jdk-17.0.12.7-hotspot\bin\vcruntime140_1.dll
0x00007ff9a8680000 - 0x00007ff9a870d000 	C:\Program Files\Microsoft\jdk-17.0.12.7-hotspot\bin\msvcp140.dll
0x00007ff93b110000 - 0x00007ff93bd80000 	C:\Program Files\Microsoft\jdk-17.0.12.7-hotspot\bin\server\jvm.dll
0x00007ff9fda90000 - 0x00007ff9fdb42000 	C:\WINDOWS\System32\ADVAPI32.dll
0x00007ff9fd410000 - 0x00007ff9fd4b7000 	C:\WINDOWS\System32\sechost.dll
0x00007ff9fbb80000 - 0x00007ff9fbba8000 	C:\WINDOWS\System32\bcrypt.dll
0x00007ff9fc7d0000 - 0x00007ff9fc8e4000 	C:\WINDOWS\System32\RPCRT4.dll
0x00007ff9fcb10000 - 0x00007ff9fcb81000 	C:\WINDOWS\System32\WS2_32.dll
0x00007ff9faea0000 - 0x00007ff9faeed000 	C:\WINDOWS\SYSTEM32\POWRPROF.dll
0x00007ff9f8a30000 - 0x00007ff9f8a64000 	C:\WINDOWS\SYSTEM32\WINMM.dll
0x00007ff9f1f90000 - 0x00007ff9f1f9a000 	C:\WINDOWS\SYSTEM32\VERSION.dll
0x00007ff9fae80000 - 0x00007ff9fae93000 	C:\WINDOWS\SYSTEM32\UMPDC.dll
0x00007ff9fa190000 - 0x00007ff9fa1a8000 	C:\WINDOWS\SYSTEM32\kernel.appcore.dll
0x00007ff9f5030000 - 0x00007ff9f503a000 	C:\Program Files\Microsoft\jdk-17.0.12.7-hotspot\bin\jimage.dll
0x00007ff9f87b0000 - 0x00007ff9f89e2000 	C:\WINDOWS\SYSTEM32\DBGHELP.DLL
0x00007ff9fd610000 - 0x00007ff9fd99f000 	C:\WINDOWS\System32\combase.dll
0x00007ff9fc440000 - 0x00007ff9fc517000 	C:\WINDOWS\System32\OLEAUT32.dll
0x00007ff9f89f0000 - 0x00007ff9f8a22000 	C:\WINDOWS\SYSTEM32\dbgcore.DLL
0x00007ff9fb9a0000 - 0x00007ff9fba1b000 	C:\WINDOWS\System32\bcryptPrimitives.dll
0x00007ff9d3b90000 - 0x00007ff9d3bb5000 	C:\Program Files\Microsoft\jdk-17.0.12.7-hotspot\bin\java.dll
0x00007ff93e060000 - 0x00007ff93e137000 	C:\Program Files\Microsoft\jdk-17.0.12.7-hotspot\bin\jsvml.dll
0x00007ff9fbbb0000 - 0x00007ff9fc428000 	C:\WINDOWS\System32\SHELL32.dll
0x00007ff9f9070000 - 0x00007ff9f9978000 	C:\WINDOWS\SYSTEM32\windows.storage.dll
0x00007ff9f8f30000 - 0x00007ff9f906f000 	C:\WINDOWS\SYSTEM32\wintypes.dll
0x00007ff9fd4d0000 - 0x00007ff9fd5ca000 	C:\WINDOWS\System32\SHCORE.dll
0x00007ff9fc620000 - 0x00007ff9fc67e000 	C:\WINDOWS\System32\shlwapi.dll
0x00007ff9fb0b0000 - 0x00007ff9fb0db000 	C:\WINDOWS\SYSTEM32\profapi.dll
0x00007ff9ca1d0000 - 0x00007ff9ca1ea000 	C:\Program Files\Microsoft\jdk-17.0.12.7-hotspot\bin\net.dll
0x00007ff9f5f20000 - 0x00007ff9f6056000 	C:\WINDOWS\SYSTEM32\WINHTTP.dll
0x00007ff9fa640000 - 0x00007ff9fa6a9000 	C:\WINDOWS\system32\mswsock.dll
0x00007ff9ca1b0000 - 0x00007ff9ca1c6000 	C:\Program Files\Microsoft\jdk-17.0.12.7-hotspot\bin\nio.dll
0x00007ff9beb00000 - 0x00007ff9beb18000 	C:\Program Files\Microsoft\jdk-17.0.12.7-hotspot\bin\zip.dll
0x00007ff9d3af0000 - 0x00007ff9d3b00000 	C:\Program Files\Microsoft\jdk-17.0.12.7-hotspot\bin\verify.dll

dbghelp: loaded successfully - version: 4.0.5 - missing functions: none
symbol engine: initialized successfully - sym options: 0x614 - pdb path: .;C:\Program Files\Microsoft\jdk-17.0.12.7-hotspot\bin;C:\WINDOWS\SYSTEM32;C:\WINDOWS\WinSxS\amd64_microsoft.windows.common-controls_6595b64144ccf1df_6.0.22621.4541_none_2710d1c57384c085;C:\Program Files\Microsoft\jdk-17.0.12.7-hotspot\bin\server

VM Arguments:
java_command: org.jetbrains.kotlin.cli.jvm.K2JVMCompiler @C:\Users\VASANTH\Downloads\FreshStart\FreashStart\node_modules\react-native-screens\android\build\20250109_12431714325741589308.compiler.options
java_class_path (initial): C:\Users\VASANTH\.gradle\caches\modules-2\files-2.1\org.jetbrains.kotlin\kotlin-compiler-embeddable\1.9.24\78dab849090e6c5e2eadb6e59a11cdc28fb67a08\kotlin-compiler-embeddable-1.9.24.jar;C:\Users\VASANTH\.gradle\caches\modules-2\files-2.1\org.jetbrains.kotlin\kotlin-stdlib\1.9.24\9928532f12c66ad816a625b3f9984f8368ca6d2b\kotlin-stdlib-1.9.24.jar;C:\Users\VASANTH\.gradle\caches\modules-2\files-2.1\org.jetbrains.kotlin\kotlin-script-runtime\1.9.24\96771497da90fbc5af1c90fce148db2595a62502\kotlin-script-runtime-1.9.24.jar;C:\Users\VASANTH\.gradle\caches\modules-2\files-2.1\org.jetbrains.kotlin\kotlin-reflect\1.6.10\1cbe9c92c12a94eea200d23c2bbaedaf3daf5132\kotlin-reflect-1.6.10.jar;C:\Users\VASANTH\.gradle\caches\modules-2\files-2.1\org.jetbrains.kotlin\kotlin-daemon-embeddable\1.9.24\86685b9c5e8d170925bd9ddbdc263374a6a73281\kotlin-daemon-embeddable-1.9.24.jar;C:\Users\VASANTH\.gradle\caches\modules-2\files-2.1\org.jetbrains.intellij.deps\trove4j\1.0.20200330\3afb14d5f9ceb459d724e907a21145e8ff394f02\trove4j-1.0.20200330.jar;C:\Users\VASANTH\.gradle\caches\modules-2\files-2.1\org.jetbrains\annotations\13.0\919f0dfe192fb4e063e7dacadee7f8bb9a2672a9\annotations-13.0.jar
Launcher Type: SUN_STANDARD

[Global flags]
     intx CICompilerCount                          = 4                                         {product} {ergonomic}
     uint ConcGCThreads                            = 3                                         {product} {ergonomic}
     uint G1ConcRefinementThreads                  = 10                                        {product} {ergonomic}
   size_t G1HeapRegionSize                         = 1048576                                   {product} {ergonomic}
    uintx GCDrainStackTargetSize                   = 64                                        {product} {ergonomic}
   size_t InitialHeapSize                          = 98566144                                  {product} {ergonomic}
   size_t MarkStackSize                            = 4194304                                   {product} {ergonomic}
   size_t MaxHeapSize                              = 1574961152                                {product} {ergonomic}
   size_t MaxNewSize                               = 944766976                                 {product} {ergonomic}
   size_t MinHeapDeltaBytes                        = 1048576                                   {product} {ergonomic}
   size_t MinHeapSize                              = 8388608                                   {product} {ergonomic}
    uintx NonNMethodCodeHeapSize                   = 5839372                                {pd product} {ergonomic}
    uintx NonProfiledCodeHeapSize                  = 122909434                              {pd product} {ergonomic}
    uintx ProfiledCodeHeapSize                     = 122909434                              {pd product} {ergonomic}
    uintx ReservedCodeCacheSize                    = 251658240                              {pd product} {ergonomic}
     bool SegmentedCodeCache                       = true                                      {product} {ergonomic}
   size_t SoftMaxHeapSize                          = 1574961152                             {manageable} {ergonomic}
     bool UseCompressedClassPointers               = true                           {product lp64_product} {ergonomic}
     bool UseCompressedOops                        = true                           {product lp64_product} {ergonomic}
     bool UseG1GC                                  = true                                      {product} {ergonomic}
     bool UseLargePagesIndividualAllocation        = false                                  {pd product} {ergonomic}

Logging:
Log output configuration:
 #0: stdout all=warning uptime,level,tags
 #1: stderr all=off uptime,level,tags

Environment Variables:
JAVA_HOME=C:\Program Files\Microsoft\jdk-17.0.12.7-hotspot\
CLASSPATH=C:\Users\VASANTH\Downloads\FreshStart\FreashStart\android\\gradle\wrapper\gradle-wrapper.jar
PATH=C:\Users\VASANTH\Downloads\FreshStart\FreashStart\node_modules\.bin;C:\Users\VASANTH\Downloads\FreshStart\FreashStart\node_modules\.bin;C:\Users\VASANTH\Downloads\FreshStart\node_modules\.bin;C:\Users\VASANTH\Downloads\node_modules\.bin;C:\Users\VASANTH\node_modules\.bin;C:\Users\node_modules\.bin;C:\node_modules\.bin;C:\Users\VASANTH\AppData\Roaming\npm\node_modules\npm\node_modules\@npmcli\run-script\lib\node-gyp-bin;C:\Users\VASANTH\Downloads\FreshStart\FreashStart\node_modules\.bin;C:\Users\VASANTH\Downloads\FreshStart\node_modules\.bin;C:\Users\VASANTH\Downloads\node_modules\.bin;C:\Users\VASANTH\node_modules\.bin;C:\Users\node_modules\.bin;C:\node_modules\.bin;C:\Users\VASANTH\AppData\Roaming\npm\node_modules\npm\node_modules\@npmcli\run-script\lib\node-gyp-bin;C:\Program Files\Microsoft\jdk-17.0.12.7-hotspot\bin;C:\Program Files\Common Files\Oracle\Java\javapath;C:\WINDOWS\system32;C:\WINDOWS;C:\WINDOWS\System32\Wbem;C:\WINDOWS\System32\WindowsPowerShell\v1.0\;C:\WINDOWS\System32\OpenSSH\;C:\Program Files\Docker\Docker\resources\bin;C:\Program Files\Java\jdk-20\bin;C:\Program Files\Go\bin;C:\Program Files\dotnet\;C:\Program Files\Git\cmd;C:\ProgramData\chocolatey\bin;C:\Program Files\nodejs\;C:\Program Files\Microsoft SQL Server\Client SDK\ODBC\130\Tools\Binn\;C:\Program Files (x86)\Microsoft SQL Server\140\Tools\Binn\;C:\Program Files\Microsoft SQL Server\140\Tools\Binn\;C:\Program Files\Microsoft SQL Server\140\DTS\Binn\;C:\Program Files (x86)\Microsoft SQL Server\160\Tools\Binn\;C:\Program Files\Microsoft SQL Server\160\Tools\Binn\;C:\Program Files\Microsoft SQL Server\Client SDK\ODBC\170\Tools\Binn\;C:\Program Files\Microsoft SQL Server\160\DTS\Binn\;C:\Program Files\Microsoft SQL Server\150\Tools\Binn\;C:\Program Files (x86)\Microsoft SQL Server\160\DTS\Binn\;C:\Users\VASANTH\AppData\Local\Android\Sdk\platform-tools;C:\Users\VASANTH\AppData\Local\Programs\Microsoft VS Code\bin;C:\Users\VASANTH\AppData\Local\Programs\Python\Python311\;C:\Users\VASANTH\A
USERNAME=VASANTH
OS=Windows_NT
PROCESSOR_IDENTIFIER=AMD64 Family 23 Model 104 Stepping 1, AuthenticAMD
TMP=C:\Users\VASANTH\AppData\Local\Temp
TEMP=C:\Users\VASANTH\AppData\Local\Temp



Periodic native trim disabled


---------------  S Y S T E M  ---------------

OS:
 Windows 11 , 64 bit Build 22621 (10.0.22621.4391)
OS uptime: 0 days 11:20 hours
Hyper-V role detected

CPU: total 12 (initial active 12) (12 cores per cpu, 2 threads per core) family 23 model 104 stepping 1 microcode 0x0, cx8, cmov, fxsr, ht, mmx, 3dnowpref, sse, sse2, sse3, ssse3, sse4a, sse4.1, sse4.2, popcnt, lzcnt, tsc, tscinvbit, avx, avx2, aes, clmul, bmi1, bmi2, adx, sha, fma, vzeroupper, clflush, clflushopt, hv
Processor Information for the first 12 processors :
  Max Mhz: 2100, Current Mhz: 2100, Mhz Limit: 2100

Memory: 4k page, system-wide physical 6005M (4M free)
TotalPageFile size 24437M (AvailPageFile size 0M)
current process WorkingSet (physical memory assigned to process): 82M, peak: 374M
current process commit charge ("private bytes"): 449M, peak: 466M

vm_info: OpenJDK 64-Bit Server VM (17.0.12+7-LTS) for windows-amd64 JRE (17.0.12+7-LTS), built on Jul 16 2024 18:11:44 by "MicrosoftCorporation" with unknown MS VC++:1939

END.
